[2024-11-11T00:00:21.368+0000] {processor.py:161} INFO - Started process (PID=7229) to work on /opt/airflow/dags/pipline.py
[2024-11-11T00:00:21.395+0000] {processor.py:830} INFO - Processing file /opt/airflow/dags/pipline.py for tasks to queue
[2024-11-11T00:00:21.446+0000] {logging_mixin.py:188} INFO - [2024-11-11T00:00:21.441+0000] {dagbag.py:545} INFO - Filling up the DagBag from /opt/airflow/dags/pipline.py
[2024-11-11T00:00:21.936+0000] {processor.py:840} INFO - DAG(s) 'pipeline' retrieved from /opt/airflow/dags/pipline.py
[2024-11-11T00:00:22.473+0000] {logging_mixin.py:188} INFO - [2024-11-11T00:00:22.473+0000] {dag.py:3089} INFO - Sync 1 DAGs
[2024-11-11T00:00:22.577+0000] {logging_mixin.py:188} INFO - [2024-11-11T00:00:22.577+0000] {dag.py:3947} INFO - Setting next_dagrun for pipeline to 2024-11-11 00:00:00+00:00, run_after=2024-11-12 00:00:00+00:00
[2024-11-11T00:00:22.643+0000] {processor.py:183} INFO - Processing /opt/airflow/dags/pipline.py took 1.448 seconds
[2024-11-11T00:00:53.370+0000] {processor.py:161} INFO - Started process (PID=7247) to work on /opt/airflow/dags/pipline.py
[2024-11-11T00:00:53.371+0000] {processor.py:830} INFO - Processing file /opt/airflow/dags/pipline.py for tasks to queue
[2024-11-11T00:00:53.374+0000] {logging_mixin.py:188} INFO - [2024-11-11T00:00:53.374+0000] {dagbag.py:545} INFO - Filling up the DagBag from /opt/airflow/dags/pipline.py
[2024-11-11T00:00:53.482+0000] {processor.py:840} INFO - DAG(s) 'pipeline' retrieved from /opt/airflow/dags/pipline.py
[2024-11-11T00:00:53.556+0000] {logging_mixin.py:188} INFO - [2024-11-11T00:00:53.556+0000] {dag.py:3089} INFO - Sync 1 DAGs
[2024-11-11T00:00:54.740+0000] {logging_mixin.py:188} INFO - [2024-11-11T00:00:54.698+0000] {dag.py:3947} INFO - Setting next_dagrun for pipeline to 2024-11-11 00:00:00+00:00, run_after=2024-11-12 00:00:00+00:00
[2024-11-11T00:00:55.101+0000] {processor.py:183} INFO - Processing /opt/airflow/dags/pipline.py took 1.741 seconds
[2024-11-11T00:01:25.533+0000] {processor.py:161} INFO - Started process (PID=7268) to work on /opt/airflow/dags/pipline.py
[2024-11-11T00:01:25.534+0000] {processor.py:830} INFO - Processing file /opt/airflow/dags/pipline.py for tasks to queue
[2024-11-11T00:01:25.536+0000] {logging_mixin.py:188} INFO - [2024-11-11T00:01:25.535+0000] {dagbag.py:545} INFO - Filling up the DagBag from /opt/airflow/dags/pipline.py
[2024-11-11T00:01:25.557+0000] {processor.py:840} INFO - DAG(s) 'pipeline' retrieved from /opt/airflow/dags/pipline.py
[2024-11-11T00:01:26.455+0000] {logging_mixin.py:188} INFO - [2024-11-11T00:01:26.454+0000] {dag.py:3089} INFO - Sync 1 DAGs
[2024-11-11T00:01:26.476+0000] {logging_mixin.py:188} INFO - [2024-11-11T00:01:26.476+0000] {dag.py:3947} INFO - Setting next_dagrun for pipeline to 2024-11-11 00:00:00+00:00, run_after=2024-11-12 00:00:00+00:00
[2024-11-11T00:01:26.502+0000] {processor.py:183} INFO - Processing /opt/airflow/dags/pipline.py took 0.975 seconds
[2024-11-11T00:01:57.009+0000] {processor.py:161} INFO - Started process (PID=7298) to work on /opt/airflow/dags/pipline.py
[2024-11-11T00:01:57.010+0000] {processor.py:830} INFO - Processing file /opt/airflow/dags/pipline.py for tasks to queue
[2024-11-11T00:01:57.012+0000] {logging_mixin.py:188} INFO - [2024-11-11T00:01:57.011+0000] {dagbag.py:545} INFO - Filling up the DagBag from /opt/airflow/dags/pipline.py
[2024-11-11T00:01:57.035+0000] {processor.py:840} INFO - DAG(s) 'pipeline' retrieved from /opt/airflow/dags/pipline.py
[2024-11-11T00:01:57.063+0000] {logging_mixin.py:188} INFO - [2024-11-11T00:01:57.063+0000] {dag.py:3089} INFO - Sync 1 DAGs
[2024-11-11T00:01:57.090+0000] {logging_mixin.py:188} INFO - [2024-11-11T00:01:57.090+0000] {dag.py:3947} INFO - Setting next_dagrun for pipeline to 2024-11-11 00:00:00+00:00, run_after=2024-11-12 00:00:00+00:00
[2024-11-11T00:01:57.120+0000] {processor.py:183} INFO - Processing /opt/airflow/dags/pipline.py took 0.117 seconds
[2024-11-11T00:02:27.573+0000] {processor.py:161} INFO - Started process (PID=7319) to work on /opt/airflow/dags/pipline.py
[2024-11-11T00:02:27.574+0000] {processor.py:830} INFO - Processing file /opt/airflow/dags/pipline.py for tasks to queue
[2024-11-11T00:02:27.577+0000] {logging_mixin.py:188} INFO - [2024-11-11T00:02:27.576+0000] {dagbag.py:545} INFO - Filling up the DagBag from /opt/airflow/dags/pipline.py
[2024-11-11T00:02:27.606+0000] {processor.py:840} INFO - DAG(s) 'pipeline' retrieved from /opt/airflow/dags/pipline.py
[2024-11-11T00:02:27.654+0000] {logging_mixin.py:188} INFO - [2024-11-11T00:02:27.653+0000] {dag.py:3089} INFO - Sync 1 DAGs
[2024-11-11T00:02:27.678+0000] {logging_mixin.py:188} INFO - [2024-11-11T00:02:27.677+0000] {dag.py:3947} INFO - Setting next_dagrun for pipeline to 2024-11-11 00:00:00+00:00, run_after=2024-11-12 00:00:00+00:00
[2024-11-11T00:02:27.701+0000] {processor.py:183} INFO - Processing /opt/airflow/dags/pipline.py took 0.136 seconds
[2024-11-11T00:02:58.124+0000] {processor.py:161} INFO - Started process (PID=7340) to work on /opt/airflow/dags/pipline.py
[2024-11-11T00:02:58.126+0000] {processor.py:830} INFO - Processing file /opt/airflow/dags/pipline.py for tasks to queue
[2024-11-11T00:02:58.128+0000] {logging_mixin.py:188} INFO - [2024-11-11T00:02:58.127+0000] {dagbag.py:545} INFO - Filling up the DagBag from /opt/airflow/dags/pipline.py
[2024-11-11T00:02:58.157+0000] {processor.py:840} INFO - DAG(s) 'pipeline' retrieved from /opt/airflow/dags/pipline.py
[2024-11-11T00:02:58.201+0000] {logging_mixin.py:188} INFO - [2024-11-11T00:02:58.201+0000] {dag.py:3089} INFO - Sync 1 DAGs
[2024-11-11T00:02:58.228+0000] {logging_mixin.py:188} INFO - [2024-11-11T00:02:58.228+0000] {dag.py:3947} INFO - Setting next_dagrun for pipeline to 2024-11-11 00:00:00+00:00, run_after=2024-11-12 00:00:00+00:00
[2024-11-11T00:02:58.254+0000] {processor.py:183} INFO - Processing /opt/airflow/dags/pipline.py took 0.137 seconds
[2024-11-11T00:03:28.714+0000] {processor.py:161} INFO - Started process (PID=7361) to work on /opt/airflow/dags/pipline.py
[2024-11-11T00:03:28.716+0000] {processor.py:830} INFO - Processing file /opt/airflow/dags/pipline.py for tasks to queue
[2024-11-11T00:03:28.718+0000] {logging_mixin.py:188} INFO - [2024-11-11T00:03:28.718+0000] {dagbag.py:545} INFO - Filling up the DagBag from /opt/airflow/dags/pipline.py
[2024-11-11T00:03:28.745+0000] {processor.py:840} INFO - DAG(s) 'pipeline' retrieved from /opt/airflow/dags/pipline.py
[2024-11-11T00:03:28.783+0000] {logging_mixin.py:188} INFO - [2024-11-11T00:03:28.783+0000] {dag.py:3089} INFO - Sync 1 DAGs
[2024-11-11T00:03:28.809+0000] {logging_mixin.py:188} INFO - [2024-11-11T00:03:28.809+0000] {dag.py:3947} INFO - Setting next_dagrun for pipeline to 2024-11-11 00:00:00+00:00, run_after=2024-11-12 00:00:00+00:00
[2024-11-11T00:03:28.830+0000] {processor.py:183} INFO - Processing /opt/airflow/dags/pipline.py took 0.125 seconds
[2024-11-11T00:03:59.229+0000] {processor.py:161} INFO - Started process (PID=7383) to work on /opt/airflow/dags/pipline.py
[2024-11-11T00:03:59.230+0000] {processor.py:830} INFO - Processing file /opt/airflow/dags/pipline.py for tasks to queue
[2024-11-11T00:03:59.232+0000] {logging_mixin.py:188} INFO - [2024-11-11T00:03:59.232+0000] {dagbag.py:545} INFO - Filling up the DagBag from /opt/airflow/dags/pipline.py
[2024-11-11T00:03:59.253+0000] {processor.py:840} INFO - DAG(s) 'pipeline' retrieved from /opt/airflow/dags/pipline.py
[2024-11-11T00:03:59.279+0000] {logging_mixin.py:188} INFO - [2024-11-11T00:03:59.278+0000] {dag.py:3089} INFO - Sync 1 DAGs
[2024-11-11T00:03:59.297+0000] {logging_mixin.py:188} INFO - [2024-11-11T00:03:59.297+0000] {dag.py:3947} INFO - Setting next_dagrun for pipeline to 2024-11-11 00:00:00+00:00, run_after=2024-11-12 00:00:00+00:00
[2024-11-11T00:03:59.317+0000] {processor.py:183} INFO - Processing /opt/airflow/dags/pipline.py took 0.095 seconds
[2024-11-11T00:04:29.727+0000] {processor.py:161} INFO - Started process (PID=7404) to work on /opt/airflow/dags/pipline.py
[2024-11-11T00:04:29.729+0000] {processor.py:830} INFO - Processing file /opt/airflow/dags/pipline.py for tasks to queue
[2024-11-11T00:04:29.732+0000] {logging_mixin.py:188} INFO - [2024-11-11T00:04:29.731+0000] {dagbag.py:545} INFO - Filling up the DagBag from /opt/airflow/dags/pipline.py
[2024-11-11T00:04:29.758+0000] {processor.py:840} INFO - DAG(s) 'pipeline' retrieved from /opt/airflow/dags/pipline.py
[2024-11-11T00:04:29.787+0000] {logging_mixin.py:188} INFO - [2024-11-11T00:04:29.787+0000] {dag.py:3089} INFO - Sync 1 DAGs
[2024-11-11T00:04:29.808+0000] {logging_mixin.py:188} INFO - [2024-11-11T00:04:29.808+0000] {dag.py:3947} INFO - Setting next_dagrun for pipeline to 2024-11-11 00:00:00+00:00, run_after=2024-11-12 00:00:00+00:00
[2024-11-11T00:04:29.827+0000] {processor.py:183} INFO - Processing /opt/airflow/dags/pipline.py took 0.108 seconds
[2024-11-11T00:05:00.315+0000] {processor.py:161} INFO - Started process (PID=7425) to work on /opt/airflow/dags/pipline.py
[2024-11-11T00:05:00.318+0000] {processor.py:830} INFO - Processing file /opt/airflow/dags/pipline.py for tasks to queue
[2024-11-11T00:05:00.330+0000] {logging_mixin.py:188} INFO - [2024-11-11T00:05:00.329+0000] {dagbag.py:545} INFO - Filling up the DagBag from /opt/airflow/dags/pipline.py
[2024-11-11T00:05:00.370+0000] {processor.py:840} INFO - DAG(s) 'pipeline' retrieved from /opt/airflow/dags/pipline.py
[2024-11-11T00:05:00.471+0000] {logging_mixin.py:188} INFO - [2024-11-11T00:05:00.471+0000] {dag.py:3089} INFO - Sync 1 DAGs
[2024-11-11T00:05:00.527+0000] {logging_mixin.py:188} INFO - [2024-11-11T00:05:00.517+0000] {dag.py:3947} INFO - Setting next_dagrun for pipeline to 2024-11-11 00:00:00+00:00, run_after=2024-11-12 00:00:00+00:00
[2024-11-11T00:05:00.570+0000] {processor.py:183} INFO - Processing /opt/airflow/dags/pipline.py took 0.262 seconds
[2024-11-11T00:05:31.271+0000] {processor.py:161} INFO - Started process (PID=7446) to work on /opt/airflow/dags/pipline.py
[2024-11-11T00:05:31.272+0000] {processor.py:830} INFO - Processing file /opt/airflow/dags/pipline.py for tasks to queue
[2024-11-11T00:05:31.274+0000] {logging_mixin.py:188} INFO - [2024-11-11T00:05:31.274+0000] {dagbag.py:545} INFO - Filling up the DagBag from /opt/airflow/dags/pipline.py
[2024-11-11T00:05:31.298+0000] {processor.py:840} INFO - DAG(s) 'pipeline' retrieved from /opt/airflow/dags/pipline.py
[2024-11-11T00:05:31.327+0000] {logging_mixin.py:188} INFO - [2024-11-11T00:05:31.326+0000] {dag.py:3089} INFO - Sync 1 DAGs
[2024-11-11T00:05:31.348+0000] {logging_mixin.py:188} INFO - [2024-11-11T00:05:31.347+0000] {dag.py:3947} INFO - Setting next_dagrun for pipeline to 2024-11-11 00:00:00+00:00, run_after=2024-11-12 00:00:00+00:00
[2024-11-11T00:05:31.367+0000] {processor.py:183} INFO - Processing /opt/airflow/dags/pipline.py took 0.104 seconds
[2024-11-11T00:06:01.759+0000] {processor.py:161} INFO - Started process (PID=7467) to work on /opt/airflow/dags/pipline.py
[2024-11-11T00:06:01.760+0000] {processor.py:830} INFO - Processing file /opt/airflow/dags/pipline.py for tasks to queue
[2024-11-11T00:06:01.762+0000] {logging_mixin.py:188} INFO - [2024-11-11T00:06:01.761+0000] {dagbag.py:545} INFO - Filling up the DagBag from /opt/airflow/dags/pipline.py
[2024-11-11T00:06:01.785+0000] {processor.py:840} INFO - DAG(s) 'pipeline' retrieved from /opt/airflow/dags/pipline.py
[2024-11-11T00:06:01.812+0000] {logging_mixin.py:188} INFO - [2024-11-11T00:06:01.811+0000] {dag.py:3089} INFO - Sync 1 DAGs
[2024-11-11T00:06:01.833+0000] {logging_mixin.py:188} INFO - [2024-11-11T00:06:01.832+0000] {dag.py:3947} INFO - Setting next_dagrun for pipeline to 2024-11-11 00:00:00+00:00, run_after=2024-11-12 00:00:00+00:00
[2024-11-11T00:06:01.851+0000] {processor.py:183} INFO - Processing /opt/airflow/dags/pipline.py took 0.099 seconds
[2024-11-11T00:06:32.312+0000] {processor.py:161} INFO - Started process (PID=7488) to work on /opt/airflow/dags/pipline.py
[2024-11-11T00:06:32.313+0000] {processor.py:830} INFO - Processing file /opt/airflow/dags/pipline.py for tasks to queue
[2024-11-11T00:06:32.316+0000] {logging_mixin.py:188} INFO - [2024-11-11T00:06:32.315+0000] {dagbag.py:545} INFO - Filling up the DagBag from /opt/airflow/dags/pipline.py
[2024-11-11T00:06:32.340+0000] {processor.py:840} INFO - DAG(s) 'pipeline' retrieved from /opt/airflow/dags/pipline.py
[2024-11-11T00:06:32.400+0000] {logging_mixin.py:188} INFO - [2024-11-11T00:06:32.400+0000] {dag.py:3089} INFO - Sync 1 DAGs
[2024-11-11T00:06:32.435+0000] {logging_mixin.py:188} INFO - [2024-11-11T00:06:32.434+0000] {dag.py:3947} INFO - Setting next_dagrun for pipeline to 2024-11-11 00:00:00+00:00, run_after=2024-11-12 00:00:00+00:00
[2024-11-11T00:06:32.454+0000] {processor.py:183} INFO - Processing /opt/airflow/dags/pipline.py took 0.151 seconds
[2024-11-11T00:07:02.857+0000] {processor.py:161} INFO - Started process (PID=7515) to work on /opt/airflow/dags/pipline.py
[2024-11-11T00:07:02.858+0000] {processor.py:830} INFO - Processing file /opt/airflow/dags/pipline.py for tasks to queue
[2024-11-11T00:07:02.860+0000] {logging_mixin.py:188} INFO - [2024-11-11T00:07:02.860+0000] {dagbag.py:545} INFO - Filling up the DagBag from /opt/airflow/dags/pipline.py
[2024-11-11T00:07:02.888+0000] {processor.py:840} INFO - DAG(s) 'pipeline' retrieved from /opt/airflow/dags/pipline.py
[2024-11-11T00:07:02.919+0000] {logging_mixin.py:188} INFO - [2024-11-11T00:07:02.919+0000] {dag.py:3089} INFO - Sync 1 DAGs
[2024-11-11T00:07:02.943+0000] {logging_mixin.py:188} INFO - [2024-11-11T00:07:02.943+0000] {dag.py:3947} INFO - Setting next_dagrun for pipeline to 2024-11-11 00:00:00+00:00, run_after=2024-11-12 00:00:00+00:00
[2024-11-11T00:07:02.966+0000] {processor.py:183} INFO - Processing /opt/airflow/dags/pipline.py took 0.117 seconds
[2024-11-11T00:07:33.382+0000] {processor.py:161} INFO - Started process (PID=7536) to work on /opt/airflow/dags/pipline.py
[2024-11-11T00:07:33.383+0000] {processor.py:830} INFO - Processing file /opt/airflow/dags/pipline.py for tasks to queue
[2024-11-11T00:07:33.386+0000] {logging_mixin.py:188} INFO - [2024-11-11T00:07:33.385+0000] {dagbag.py:545} INFO - Filling up the DagBag from /opt/airflow/dags/pipline.py
[2024-11-11T00:07:33.407+0000] {processor.py:840} INFO - DAG(s) 'pipeline' retrieved from /opt/airflow/dags/pipline.py
[2024-11-11T00:07:33.433+0000] {logging_mixin.py:188} INFO - [2024-11-11T00:07:33.433+0000] {dag.py:3089} INFO - Sync 1 DAGs
[2024-11-11T00:07:33.452+0000] {logging_mixin.py:188} INFO - [2024-11-11T00:07:33.452+0000] {dag.py:3947} INFO - Setting next_dagrun for pipeline to 2024-11-11 00:00:00+00:00, run_after=2024-11-12 00:00:00+00:00
[2024-11-11T00:07:33.471+0000] {processor.py:183} INFO - Processing /opt/airflow/dags/pipline.py took 0.094 seconds
[2024-11-11T00:08:03.849+0000] {processor.py:161} INFO - Started process (PID=7557) to work on /opt/airflow/dags/pipline.py
[2024-11-11T00:08:03.850+0000] {processor.py:830} INFO - Processing file /opt/airflow/dags/pipline.py for tasks to queue
[2024-11-11T00:08:03.851+0000] {logging_mixin.py:188} INFO - [2024-11-11T00:08:03.851+0000] {dagbag.py:545} INFO - Filling up the DagBag from /opt/airflow/dags/pipline.py
[2024-11-11T00:08:03.875+0000] {processor.py:840} INFO - DAG(s) 'pipeline' retrieved from /opt/airflow/dags/pipline.py
[2024-11-11T00:08:03.910+0000] {logging_mixin.py:188} INFO - [2024-11-11T00:08:03.910+0000] {dag.py:3089} INFO - Sync 1 DAGs
[2024-11-11T00:08:03.937+0000] {logging_mixin.py:188} INFO - [2024-11-11T00:08:03.937+0000] {dag.py:3947} INFO - Setting next_dagrun for pipeline to 2024-11-11 00:00:00+00:00, run_after=2024-11-12 00:00:00+00:00
[2024-11-11T00:08:03.958+0000] {processor.py:183} INFO - Processing /opt/airflow/dags/pipline.py took 0.117 seconds
[2024-11-11T00:08:34.372+0000] {processor.py:161} INFO - Started process (PID=7578) to work on /opt/airflow/dags/pipline.py
[2024-11-11T00:08:34.373+0000] {processor.py:830} INFO - Processing file /opt/airflow/dags/pipline.py for tasks to queue
[2024-11-11T00:08:34.375+0000] {logging_mixin.py:188} INFO - [2024-11-11T00:08:34.374+0000] {dagbag.py:545} INFO - Filling up the DagBag from /opt/airflow/dags/pipline.py
[2024-11-11T00:08:34.397+0000] {processor.py:840} INFO - DAG(s) 'pipeline' retrieved from /opt/airflow/dags/pipline.py
[2024-11-11T00:08:34.485+0000] {logging_mixin.py:188} INFO - [2024-11-11T00:08:34.484+0000] {dag.py:3089} INFO - Sync 1 DAGs
[2024-11-11T00:08:34.505+0000] {logging_mixin.py:188} INFO - [2024-11-11T00:08:34.505+0000] {dag.py:3947} INFO - Setting next_dagrun for pipeline to 2024-11-11 00:00:00+00:00, run_after=2024-11-12 00:00:00+00:00
[2024-11-11T00:08:34.525+0000] {processor.py:183} INFO - Processing /opt/airflow/dags/pipline.py took 0.161 seconds
[2024-11-11T00:09:04.782+0000] {processor.py:161} INFO - Started process (PID=7599) to work on /opt/airflow/dags/pipline.py
[2024-11-11T00:09:04.783+0000] {processor.py:830} INFO - Processing file /opt/airflow/dags/pipline.py for tasks to queue
[2024-11-11T00:09:04.785+0000] {logging_mixin.py:188} INFO - [2024-11-11T00:09:04.785+0000] {dagbag.py:545} INFO - Filling up the DagBag from /opt/airflow/dags/pipline.py
[2024-11-11T00:09:04.808+0000] {processor.py:840} INFO - DAG(s) 'pipeline' retrieved from /opt/airflow/dags/pipline.py
[2024-11-11T00:09:04.843+0000] {logging_mixin.py:188} INFO - [2024-11-11T00:09:04.843+0000] {dag.py:3089} INFO - Sync 1 DAGs
[2024-11-11T00:09:04.867+0000] {logging_mixin.py:188} INFO - [2024-11-11T00:09:04.867+0000] {dag.py:3947} INFO - Setting next_dagrun for pipeline to 2024-11-11 00:00:00+00:00, run_after=2024-11-12 00:00:00+00:00
[2024-11-11T00:09:04.890+0000] {processor.py:183} INFO - Processing /opt/airflow/dags/pipline.py took 0.115 seconds
[2024-11-11T00:09:35.354+0000] {processor.py:161} INFO - Started process (PID=7620) to work on /opt/airflow/dags/pipline.py
[2024-11-11T00:09:35.356+0000] {processor.py:830} INFO - Processing file /opt/airflow/dags/pipline.py for tasks to queue
[2024-11-11T00:09:35.358+0000] {logging_mixin.py:188} INFO - [2024-11-11T00:09:35.358+0000] {dagbag.py:545} INFO - Filling up the DagBag from /opt/airflow/dags/pipline.py
[2024-11-11T00:09:35.386+0000] {processor.py:840} INFO - DAG(s) 'pipeline' retrieved from /opt/airflow/dags/pipline.py
[2024-11-11T00:09:35.415+0000] {logging_mixin.py:188} INFO - [2024-11-11T00:09:35.415+0000] {dag.py:3089} INFO - Sync 1 DAGs
[2024-11-11T00:09:35.438+0000] {logging_mixin.py:188} INFO - [2024-11-11T00:09:35.438+0000] {dag.py:3947} INFO - Setting next_dagrun for pipeline to 2024-11-11 00:00:00+00:00, run_after=2024-11-12 00:00:00+00:00
[2024-11-11T00:09:35.458+0000] {processor.py:183} INFO - Processing /opt/airflow/dags/pipline.py took 0.110 seconds
[2024-11-11T00:10:05.866+0000] {processor.py:161} INFO - Started process (PID=7642) to work on /opt/airflow/dags/pipline.py
[2024-11-11T00:10:05.867+0000] {processor.py:830} INFO - Processing file /opt/airflow/dags/pipline.py for tasks to queue
[2024-11-11T00:10:05.869+0000] {logging_mixin.py:188} INFO - [2024-11-11T00:10:05.868+0000] {dagbag.py:545} INFO - Filling up the DagBag from /opt/airflow/dags/pipline.py
[2024-11-11T00:10:05.891+0000] {processor.py:840} INFO - DAG(s) 'pipeline' retrieved from /opt/airflow/dags/pipline.py
[2024-11-11T00:10:05.922+0000] {logging_mixin.py:188} INFO - [2024-11-11T00:10:05.922+0000] {dag.py:3089} INFO - Sync 1 DAGs
[2024-11-11T00:10:05.944+0000] {logging_mixin.py:188} INFO - [2024-11-11T00:10:05.944+0000] {dag.py:3947} INFO - Setting next_dagrun for pipeline to 2024-11-11 00:00:00+00:00, run_after=2024-11-12 00:00:00+00:00
[2024-11-11T00:10:05.963+0000] {processor.py:183} INFO - Processing /opt/airflow/dags/pipline.py took 0.104 seconds
[2024-11-11T00:10:36.357+0000] {processor.py:161} INFO - Started process (PID=7663) to work on /opt/airflow/dags/pipline.py
[2024-11-11T00:10:36.357+0000] {processor.py:830} INFO - Processing file /opt/airflow/dags/pipline.py for tasks to queue
[2024-11-11T00:10:36.360+0000] {logging_mixin.py:188} INFO - [2024-11-11T00:10:36.359+0000] {dagbag.py:545} INFO - Filling up the DagBag from /opt/airflow/dags/pipline.py
[2024-11-11T00:10:36.382+0000] {processor.py:840} INFO - DAG(s) 'pipeline' retrieved from /opt/airflow/dags/pipline.py
[2024-11-11T00:10:36.409+0000] {logging_mixin.py:188} INFO - [2024-11-11T00:10:36.409+0000] {dag.py:3089} INFO - Sync 1 DAGs
[2024-11-11T00:10:36.433+0000] {logging_mixin.py:188} INFO - [2024-11-11T00:10:36.432+0000] {dag.py:3947} INFO - Setting next_dagrun for pipeline to 2024-11-11 00:00:00+00:00, run_after=2024-11-12 00:00:00+00:00
[2024-11-11T00:10:36.460+0000] {processor.py:183} INFO - Processing /opt/airflow/dags/pipline.py took 0.110 seconds
[2024-11-11T00:11:07.107+0000] {processor.py:161} INFO - Started process (PID=7684) to work on /opt/airflow/dags/pipline.py
[2024-11-11T00:11:07.110+0000] {processor.py:830} INFO - Processing file /opt/airflow/dags/pipline.py for tasks to queue
[2024-11-11T00:11:07.112+0000] {logging_mixin.py:188} INFO - [2024-11-11T00:11:07.112+0000] {dagbag.py:545} INFO - Filling up the DagBag from /opt/airflow/dags/pipline.py
[2024-11-11T00:11:07.154+0000] {processor.py:840} INFO - DAG(s) 'pipeline' retrieved from /opt/airflow/dags/pipline.py
[2024-11-11T00:11:07.189+0000] {logging_mixin.py:188} INFO - [2024-11-11T00:11:07.189+0000] {dag.py:3089} INFO - Sync 1 DAGs
[2024-11-11T00:11:07.219+0000] {logging_mixin.py:188} INFO - [2024-11-11T00:11:07.219+0000] {dag.py:3947} INFO - Setting next_dagrun for pipeline to 2024-11-11 00:00:00+00:00, run_after=2024-11-12 00:00:00+00:00
[2024-11-11T00:11:07.247+0000] {processor.py:183} INFO - Processing /opt/airflow/dags/pipline.py took 0.146 seconds
[2024-11-11T00:11:37.727+0000] {processor.py:161} INFO - Started process (PID=7705) to work on /opt/airflow/dags/pipline.py
[2024-11-11T00:11:37.732+0000] {processor.py:830} INFO - Processing file /opt/airflow/dags/pipline.py for tasks to queue
[2024-11-11T00:11:37.734+0000] {logging_mixin.py:188} INFO - [2024-11-11T00:11:37.734+0000] {dagbag.py:545} INFO - Filling up the DagBag from /opt/airflow/dags/pipline.py
[2024-11-11T00:11:37.794+0000] {processor.py:840} INFO - DAG(s) 'pipeline' retrieved from /opt/airflow/dags/pipline.py
[2024-11-11T00:11:37.839+0000] {logging_mixin.py:188} INFO - [2024-11-11T00:11:37.838+0000] {dag.py:3089} INFO - Sync 1 DAGs
[2024-11-11T00:11:37.876+0000] {logging_mixin.py:188} INFO - [2024-11-11T00:11:37.875+0000] {dag.py:3947} INFO - Setting next_dagrun for pipeline to 2024-11-11 00:00:00+00:00, run_after=2024-11-12 00:00:00+00:00
[2024-11-11T00:11:37.921+0000] {processor.py:183} INFO - Processing /opt/airflow/dags/pipline.py took 0.202 seconds
[2024-11-11T00:12:08.383+0000] {processor.py:161} INFO - Started process (PID=7726) to work on /opt/airflow/dags/pipline.py
[2024-11-11T00:12:08.384+0000] {processor.py:830} INFO - Processing file /opt/airflow/dags/pipline.py for tasks to queue
[2024-11-11T00:12:08.387+0000] {logging_mixin.py:188} INFO - [2024-11-11T00:12:08.386+0000] {dagbag.py:545} INFO - Filling up the DagBag from /opt/airflow/dags/pipline.py
[2024-11-11T00:12:08.416+0000] {processor.py:840} INFO - DAG(s) 'pipeline' retrieved from /opt/airflow/dags/pipline.py
[2024-11-11T00:12:08.456+0000] {logging_mixin.py:188} INFO - [2024-11-11T00:12:08.455+0000] {dag.py:3089} INFO - Sync 1 DAGs
[2024-11-11T00:12:08.485+0000] {logging_mixin.py:188} INFO - [2024-11-11T00:12:08.485+0000] {dag.py:3947} INFO - Setting next_dagrun for pipeline to 2024-11-11 00:00:00+00:00, run_after=2024-11-12 00:00:00+00:00
[2024-11-11T00:12:08.513+0000] {processor.py:183} INFO - Processing /opt/airflow/dags/pipline.py took 0.139 seconds
[2024-11-11T00:12:38.980+0000] {processor.py:161} INFO - Started process (PID=7747) to work on /opt/airflow/dags/pipline.py
[2024-11-11T00:12:38.982+0000] {processor.py:830} INFO - Processing file /opt/airflow/dags/pipline.py for tasks to queue
[2024-11-11T00:12:38.984+0000] {logging_mixin.py:188} INFO - [2024-11-11T00:12:38.984+0000] {dagbag.py:545} INFO - Filling up the DagBag from /opt/airflow/dags/pipline.py
[2024-11-11T00:12:39.020+0000] {processor.py:840} INFO - DAG(s) 'pipeline' retrieved from /opt/airflow/dags/pipline.py
[2024-11-11T00:12:39.066+0000] {logging_mixin.py:188} INFO - [2024-11-11T00:12:39.066+0000] {dag.py:3089} INFO - Sync 1 DAGs
[2024-11-11T00:12:39.102+0000] {logging_mixin.py:188} INFO - [2024-11-11T00:12:39.102+0000] {dag.py:3947} INFO - Setting next_dagrun for pipeline to 2024-11-11 00:00:00+00:00, run_after=2024-11-12 00:00:00+00:00
[2024-11-11T00:12:39.133+0000] {processor.py:183} INFO - Processing /opt/airflow/dags/pipline.py took 0.162 seconds
[2024-11-11T00:13:09.613+0000] {processor.py:161} INFO - Started process (PID=7768) to work on /opt/airflow/dags/pipline.py
[2024-11-11T00:13:09.614+0000] {processor.py:830} INFO - Processing file /opt/airflow/dags/pipline.py for tasks to queue
[2024-11-11T00:13:09.617+0000] {logging_mixin.py:188} INFO - [2024-11-11T00:13:09.616+0000] {dagbag.py:545} INFO - Filling up the DagBag from /opt/airflow/dags/pipline.py
[2024-11-11T00:13:09.638+0000] {processor.py:840} INFO - DAG(s) 'pipeline' retrieved from /opt/airflow/dags/pipline.py
[2024-11-11T00:13:09.666+0000] {logging_mixin.py:188} INFO - [2024-11-11T00:13:09.666+0000] {dag.py:3089} INFO - Sync 1 DAGs
[2024-11-11T00:13:09.685+0000] {logging_mixin.py:188} INFO - [2024-11-11T00:13:09.685+0000] {dag.py:3947} INFO - Setting next_dagrun for pipeline to 2024-11-11 00:00:00+00:00, run_after=2024-11-12 00:00:00+00:00
[2024-11-11T00:13:09.706+0000] {processor.py:183} INFO - Processing /opt/airflow/dags/pipline.py took 0.100 seconds
[2024-11-11T00:13:40.114+0000] {processor.py:161} INFO - Started process (PID=7789) to work on /opt/airflow/dags/pipline.py
[2024-11-11T00:13:40.115+0000] {processor.py:830} INFO - Processing file /opt/airflow/dags/pipline.py for tasks to queue
[2024-11-11T00:13:40.117+0000] {logging_mixin.py:188} INFO - [2024-11-11T00:13:40.117+0000] {dagbag.py:545} INFO - Filling up the DagBag from /opt/airflow/dags/pipline.py
[2024-11-11T00:13:40.145+0000] {processor.py:840} INFO - DAG(s) 'pipeline' retrieved from /opt/airflow/dags/pipline.py
[2024-11-11T00:13:40.184+0000] {logging_mixin.py:188} INFO - [2024-11-11T00:13:40.184+0000] {dag.py:3089} INFO - Sync 1 DAGs
[2024-11-11T00:13:40.205+0000] {logging_mixin.py:188} INFO - [2024-11-11T00:13:40.205+0000] {dag.py:3947} INFO - Setting next_dagrun for pipeline to 2024-11-11 00:00:00+00:00, run_after=2024-11-12 00:00:00+00:00
[2024-11-11T00:13:40.227+0000] {processor.py:183} INFO - Processing /opt/airflow/dags/pipline.py took 0.120 seconds
[2024-11-11T00:14:10.631+0000] {processor.py:161} INFO - Started process (PID=7810) to work on /opt/airflow/dags/pipline.py
[2024-11-11T00:14:10.632+0000] {processor.py:830} INFO - Processing file /opt/airflow/dags/pipline.py for tasks to queue
[2024-11-11T00:14:10.634+0000] {logging_mixin.py:188} INFO - [2024-11-11T00:14:10.633+0000] {dagbag.py:545} INFO - Filling up the DagBag from /opt/airflow/dags/pipline.py
[2024-11-11T00:14:10.657+0000] {processor.py:840} INFO - DAG(s) 'pipeline' retrieved from /opt/airflow/dags/pipline.py
[2024-11-11T00:14:10.688+0000] {logging_mixin.py:188} INFO - [2024-11-11T00:14:10.688+0000] {dag.py:3089} INFO - Sync 1 DAGs
[2024-11-11T00:14:10.713+0000] {logging_mixin.py:188} INFO - [2024-11-11T00:14:10.713+0000] {dag.py:3947} INFO - Setting next_dagrun for pipeline to 2024-11-11 00:00:00+00:00, run_after=2024-11-12 00:00:00+00:00
[2024-11-11T00:14:10.741+0000] {processor.py:183} INFO - Processing /opt/airflow/dags/pipline.py took 0.115 seconds
[2024-11-11T00:14:41.154+0000] {processor.py:161} INFO - Started process (PID=7831) to work on /opt/airflow/dags/pipline.py
[2024-11-11T00:14:41.155+0000] {processor.py:830} INFO - Processing file /opt/airflow/dags/pipline.py for tasks to queue
[2024-11-11T00:14:41.157+0000] {logging_mixin.py:188} INFO - [2024-11-11T00:14:41.157+0000] {dagbag.py:545} INFO - Filling up the DagBag from /opt/airflow/dags/pipline.py
[2024-11-11T00:14:41.178+0000] {processor.py:840} INFO - DAG(s) 'pipeline' retrieved from /opt/airflow/dags/pipline.py
[2024-11-11T00:14:41.205+0000] {logging_mixin.py:188} INFO - [2024-11-11T00:14:41.205+0000] {dag.py:3089} INFO - Sync 1 DAGs
[2024-11-11T00:14:41.225+0000] {logging_mixin.py:188} INFO - [2024-11-11T00:14:41.224+0000] {dag.py:3947} INFO - Setting next_dagrun for pipeline to 2024-11-11 00:00:00+00:00, run_after=2024-11-12 00:00:00+00:00
[2024-11-11T00:14:41.243+0000] {processor.py:183} INFO - Processing /opt/airflow/dags/pipline.py took 0.095 seconds
[2024-11-11T00:15:11.644+0000] {processor.py:161} INFO - Started process (PID=7852) to work on /opt/airflow/dags/pipline.py
[2024-11-11T00:15:11.645+0000] {processor.py:830} INFO - Processing file /opt/airflow/dags/pipline.py for tasks to queue
[2024-11-11T00:15:11.647+0000] {logging_mixin.py:188} INFO - [2024-11-11T00:15:11.647+0000] {dagbag.py:545} INFO - Filling up the DagBag from /opt/airflow/dags/pipline.py
[2024-11-11T00:15:11.669+0000] {processor.py:840} INFO - DAG(s) 'pipeline' retrieved from /opt/airflow/dags/pipline.py
[2024-11-11T00:15:11.697+0000] {logging_mixin.py:188} INFO - [2024-11-11T00:15:11.697+0000] {dag.py:3089} INFO - Sync 1 DAGs
[2024-11-11T00:15:11.717+0000] {logging_mixin.py:188} INFO - [2024-11-11T00:15:11.717+0000] {dag.py:3947} INFO - Setting next_dagrun for pipeline to 2024-11-11 00:00:00+00:00, run_after=2024-11-12 00:00:00+00:00
[2024-11-11T00:15:11.740+0000] {processor.py:183} INFO - Processing /opt/airflow/dags/pipline.py took 0.103 seconds
[2024-11-11T00:15:42.144+0000] {processor.py:161} INFO - Started process (PID=7873) to work on /opt/airflow/dags/pipline.py
[2024-11-11T00:15:42.146+0000] {processor.py:830} INFO - Processing file /opt/airflow/dags/pipline.py for tasks to queue
[2024-11-11T00:15:42.148+0000] {logging_mixin.py:188} INFO - [2024-11-11T00:15:42.148+0000] {dagbag.py:545} INFO - Filling up the DagBag from /opt/airflow/dags/pipline.py
[2024-11-11T00:15:42.190+0000] {processor.py:840} INFO - DAG(s) 'pipeline' retrieved from /opt/airflow/dags/pipline.py
[2024-11-11T00:15:42.280+0000] {logging_mixin.py:188} INFO - [2024-11-11T00:15:42.280+0000] {dag.py:3089} INFO - Sync 1 DAGs
[2024-11-11T00:15:42.304+0000] {logging_mixin.py:188} INFO - [2024-11-11T00:15:42.303+0000] {dag.py:3947} INFO - Setting next_dagrun for pipeline to 2024-11-11 00:00:00+00:00, run_after=2024-11-12 00:00:00+00:00
[2024-11-11T00:15:42.322+0000] {processor.py:183} INFO - Processing /opt/airflow/dags/pipline.py took 0.185 seconds
[2024-11-11T00:16:12.748+0000] {processor.py:161} INFO - Started process (PID=7894) to work on /opt/airflow/dags/pipline.py
[2024-11-11T00:16:12.749+0000] {processor.py:830} INFO - Processing file /opt/airflow/dags/pipline.py for tasks to queue
[2024-11-11T00:16:12.752+0000] {logging_mixin.py:188} INFO - [2024-11-11T00:16:12.751+0000] {dagbag.py:545} INFO - Filling up the DagBag from /opt/airflow/dags/pipline.py
[2024-11-11T00:16:12.780+0000] {processor.py:840} INFO - DAG(s) 'pipeline' retrieved from /opt/airflow/dags/pipline.py
[2024-11-11T00:16:12.820+0000] {logging_mixin.py:188} INFO - [2024-11-11T00:16:12.820+0000] {dag.py:3089} INFO - Sync 1 DAGs
[2024-11-11T00:16:12.848+0000] {logging_mixin.py:188} INFO - [2024-11-11T00:16:12.847+0000] {dag.py:3947} INFO - Setting next_dagrun for pipeline to 2024-11-11 00:00:00+00:00, run_after=2024-11-12 00:00:00+00:00
[2024-11-11T00:16:12.880+0000] {processor.py:183} INFO - Processing /opt/airflow/dags/pipline.py took 0.141 seconds
[2024-11-11T00:16:43.281+0000] {processor.py:161} INFO - Started process (PID=7915) to work on /opt/airflow/dags/pipline.py
[2024-11-11T00:16:43.282+0000] {processor.py:830} INFO - Processing file /opt/airflow/dags/pipline.py for tasks to queue
[2024-11-11T00:16:43.284+0000] {logging_mixin.py:188} INFO - [2024-11-11T00:16:43.284+0000] {dagbag.py:545} INFO - Filling up the DagBag from /opt/airflow/dags/pipline.py
[2024-11-11T00:16:43.307+0000] {processor.py:840} INFO - DAG(s) 'pipeline' retrieved from /opt/airflow/dags/pipline.py
[2024-11-11T00:16:43.335+0000] {logging_mixin.py:188} INFO - [2024-11-11T00:16:43.335+0000] {dag.py:3089} INFO - Sync 1 DAGs
[2024-11-11T00:16:43.362+0000] {logging_mixin.py:188} INFO - [2024-11-11T00:16:43.362+0000] {dag.py:3947} INFO - Setting next_dagrun for pipeline to 2024-11-11 00:00:00+00:00, run_after=2024-11-12 00:00:00+00:00
[2024-11-11T00:16:43.389+0000] {processor.py:183} INFO - Processing /opt/airflow/dags/pipline.py took 0.115 seconds
[2024-11-11T00:17:13.889+0000] {processor.py:161} INFO - Started process (PID=7936) to work on /opt/airflow/dags/pipline.py
[2024-11-11T00:17:13.890+0000] {processor.py:830} INFO - Processing file /opt/airflow/dags/pipline.py for tasks to queue
[2024-11-11T00:17:13.893+0000] {logging_mixin.py:188} INFO - [2024-11-11T00:17:13.893+0000] {dagbag.py:545} INFO - Filling up the DagBag from /opt/airflow/dags/pipline.py
[2024-11-11T00:17:13.938+0000] {processor.py:840} INFO - DAG(s) 'pipeline' retrieved from /opt/airflow/dags/pipline.py
[2024-11-11T00:17:14.006+0000] {logging_mixin.py:188} INFO - [2024-11-11T00:17:14.006+0000] {dag.py:3089} INFO - Sync 1 DAGs
[2024-11-11T00:17:14.039+0000] {logging_mixin.py:188} INFO - [2024-11-11T00:17:14.039+0000] {dag.py:3947} INFO - Setting next_dagrun for pipeline to 2024-11-11 00:00:00+00:00, run_after=2024-11-12 00:00:00+00:00
[2024-11-11T00:17:14.065+0000] {processor.py:183} INFO - Processing /opt/airflow/dags/pipline.py took 0.184 seconds
[2024-11-11T00:17:44.507+0000] {processor.py:161} INFO - Started process (PID=7957) to work on /opt/airflow/dags/pipline.py
[2024-11-11T00:17:44.508+0000] {processor.py:830} INFO - Processing file /opt/airflow/dags/pipline.py for tasks to queue
[2024-11-11T00:17:44.511+0000] {logging_mixin.py:188} INFO - [2024-11-11T00:17:44.510+0000] {dagbag.py:545} INFO - Filling up the DagBag from /opt/airflow/dags/pipline.py
[2024-11-11T00:17:44.537+0000] {processor.py:840} INFO - DAG(s) 'pipeline' retrieved from /opt/airflow/dags/pipline.py
[2024-11-11T00:17:44.571+0000] {logging_mixin.py:188} INFO - [2024-11-11T00:17:44.571+0000] {dag.py:3089} INFO - Sync 1 DAGs
[2024-11-11T00:17:44.602+0000] {logging_mixin.py:188} INFO - [2024-11-11T00:17:44.601+0000] {dag.py:3947} INFO - Setting next_dagrun for pipeline to 2024-11-11 00:00:00+00:00, run_after=2024-11-12 00:00:00+00:00
[2024-11-11T00:17:44.625+0000] {processor.py:183} INFO - Processing /opt/airflow/dags/pipline.py took 0.125 seconds
[2024-11-11T00:18:15.084+0000] {processor.py:161} INFO - Started process (PID=7979) to work on /opt/airflow/dags/pipline.py
[2024-11-11T00:18:15.085+0000] {processor.py:830} INFO - Processing file /opt/airflow/dags/pipline.py for tasks to queue
[2024-11-11T00:18:15.086+0000] {logging_mixin.py:188} INFO - [2024-11-11T00:18:15.086+0000] {dagbag.py:545} INFO - Filling up the DagBag from /opt/airflow/dags/pipline.py
[2024-11-11T00:18:15.114+0000] {processor.py:840} INFO - DAG(s) 'pipeline' retrieved from /opt/airflow/dags/pipline.py
[2024-11-11T00:18:15.144+0000] {logging_mixin.py:188} INFO - [2024-11-11T00:18:15.144+0000] {dag.py:3089} INFO - Sync 1 DAGs
[2024-11-11T00:18:15.167+0000] {logging_mixin.py:188} INFO - [2024-11-11T00:18:15.167+0000] {dag.py:3947} INFO - Setting next_dagrun for pipeline to 2024-11-11 00:00:00+00:00, run_after=2024-11-12 00:00:00+00:00
[2024-11-11T00:18:15.191+0000] {processor.py:183} INFO - Processing /opt/airflow/dags/pipline.py took 0.117 seconds
[2024-11-11T00:18:45.620+0000] {processor.py:161} INFO - Started process (PID=8000) to work on /opt/airflow/dags/pipline.py
[2024-11-11T00:18:45.621+0000] {processor.py:830} INFO - Processing file /opt/airflow/dags/pipline.py for tasks to queue
[2024-11-11T00:18:45.622+0000] {logging_mixin.py:188} INFO - [2024-11-11T00:18:45.622+0000] {dagbag.py:545} INFO - Filling up the DagBag from /opt/airflow/dags/pipline.py
[2024-11-11T00:18:45.646+0000] {processor.py:840} INFO - DAG(s) 'pipeline' retrieved from /opt/airflow/dags/pipline.py
[2024-11-11T00:18:45.673+0000] {logging_mixin.py:188} INFO - [2024-11-11T00:18:45.673+0000] {dag.py:3089} INFO - Sync 1 DAGs
[2024-11-11T00:18:45.692+0000] {logging_mixin.py:188} INFO - [2024-11-11T00:18:45.692+0000] {dag.py:3947} INFO - Setting next_dagrun for pipeline to 2024-11-11 00:00:00+00:00, run_after=2024-11-12 00:00:00+00:00
[2024-11-11T00:18:45.713+0000] {processor.py:183} INFO - Processing /opt/airflow/dags/pipline.py took 0.101 seconds
[2024-11-11T00:19:16.107+0000] {processor.py:161} INFO - Started process (PID=8022) to work on /opt/airflow/dags/pipline.py
[2024-11-11T00:19:16.109+0000] {processor.py:830} INFO - Processing file /opt/airflow/dags/pipline.py for tasks to queue
[2024-11-11T00:19:16.111+0000] {logging_mixin.py:188} INFO - [2024-11-11T00:19:16.110+0000] {dagbag.py:545} INFO - Filling up the DagBag from /opt/airflow/dags/pipline.py
[2024-11-11T00:19:16.134+0000] {processor.py:840} INFO - DAG(s) 'pipeline' retrieved from /opt/airflow/dags/pipline.py
[2024-11-11T00:19:16.162+0000] {logging_mixin.py:188} INFO - [2024-11-11T00:19:16.162+0000] {dag.py:3089} INFO - Sync 1 DAGs
[2024-11-11T00:19:16.184+0000] {logging_mixin.py:188} INFO - [2024-11-11T00:19:16.183+0000] {dag.py:3947} INFO - Setting next_dagrun for pipeline to 2024-11-11 00:00:00+00:00, run_after=2024-11-12 00:00:00+00:00
[2024-11-11T00:19:16.201+0000] {processor.py:183} INFO - Processing /opt/airflow/dags/pipline.py took 0.101 seconds
[2024-11-11T00:19:46.642+0000] {processor.py:161} INFO - Started process (PID=8043) to work on /opt/airflow/dags/pipline.py
[2024-11-11T00:19:46.643+0000] {processor.py:830} INFO - Processing file /opt/airflow/dags/pipline.py for tasks to queue
[2024-11-11T00:19:46.645+0000] {logging_mixin.py:188} INFO - [2024-11-11T00:19:46.645+0000] {dagbag.py:545} INFO - Filling up the DagBag from /opt/airflow/dags/pipline.py
[2024-11-11T00:19:46.672+0000] {processor.py:840} INFO - DAG(s) 'pipeline' retrieved from /opt/airflow/dags/pipline.py
[2024-11-11T00:19:46.703+0000] {logging_mixin.py:188} INFO - [2024-11-11T00:19:46.703+0000] {dag.py:3089} INFO - Sync 1 DAGs
[2024-11-11T00:19:46.731+0000] {logging_mixin.py:188} INFO - [2024-11-11T00:19:46.730+0000] {dag.py:3947} INFO - Setting next_dagrun for pipeline to 2024-11-11 00:00:00+00:00, run_after=2024-11-12 00:00:00+00:00
[2024-11-11T00:19:46.753+0000] {processor.py:183} INFO - Processing /opt/airflow/dags/pipline.py took 0.119 seconds
[2024-11-11T00:20:17.180+0000] {processor.py:161} INFO - Started process (PID=8064) to work on /opt/airflow/dags/pipline.py
[2024-11-11T00:20:17.181+0000] {processor.py:830} INFO - Processing file /opt/airflow/dags/pipline.py for tasks to queue
[2024-11-11T00:20:17.183+0000] {logging_mixin.py:188} INFO - [2024-11-11T00:20:17.182+0000] {dagbag.py:545} INFO - Filling up the DagBag from /opt/airflow/dags/pipline.py
[2024-11-11T00:20:17.201+0000] {processor.py:840} INFO - DAG(s) 'pipeline' retrieved from /opt/airflow/dags/pipline.py
[2024-11-11T00:20:17.228+0000] {logging_mixin.py:188} INFO - [2024-11-11T00:20:17.228+0000] {dag.py:3089} INFO - Sync 1 DAGs
[2024-11-11T00:20:17.248+0000] {logging_mixin.py:188} INFO - [2024-11-11T00:20:17.248+0000] {dag.py:3947} INFO - Setting next_dagrun for pipeline to 2024-11-11 00:00:00+00:00, run_after=2024-11-12 00:00:00+00:00
[2024-11-11T00:20:17.267+0000] {processor.py:183} INFO - Processing /opt/airflow/dags/pipline.py took 0.092 seconds
[2024-11-11T00:20:47.662+0000] {processor.py:161} INFO - Started process (PID=8085) to work on /opt/airflow/dags/pipline.py
[2024-11-11T00:20:47.663+0000] {processor.py:830} INFO - Processing file /opt/airflow/dags/pipline.py for tasks to queue
[2024-11-11T00:20:47.665+0000] {logging_mixin.py:188} INFO - [2024-11-11T00:20:47.664+0000] {dagbag.py:545} INFO - Filling up the DagBag from /opt/airflow/dags/pipline.py
[2024-11-11T00:20:47.686+0000] {processor.py:840} INFO - DAG(s) 'pipeline' retrieved from /opt/airflow/dags/pipline.py
[2024-11-11T00:20:47.714+0000] {logging_mixin.py:188} INFO - [2024-11-11T00:20:47.714+0000] {dag.py:3089} INFO - Sync 1 DAGs
[2024-11-11T00:20:47.735+0000] {logging_mixin.py:188} INFO - [2024-11-11T00:20:47.735+0000] {dag.py:3947} INFO - Setting next_dagrun for pipeline to 2024-11-11 00:00:00+00:00, run_after=2024-11-12 00:00:00+00:00
[2024-11-11T00:20:47.755+0000] {processor.py:183} INFO - Processing /opt/airflow/dags/pipline.py took 0.099 seconds
[2024-11-11T00:21:18.214+0000] {processor.py:161} INFO - Started process (PID=8106) to work on /opt/airflow/dags/pipline.py
[2024-11-11T00:21:18.215+0000] {processor.py:830} INFO - Processing file /opt/airflow/dags/pipline.py for tasks to queue
[2024-11-11T00:21:18.217+0000] {logging_mixin.py:188} INFO - [2024-11-11T00:21:18.217+0000] {dagbag.py:545} INFO - Filling up the DagBag from /opt/airflow/dags/pipline.py
[2024-11-11T00:21:18.248+0000] {processor.py:840} INFO - DAG(s) 'pipeline' retrieved from /opt/airflow/dags/pipline.py
[2024-11-11T00:21:18.285+0000] {logging_mixin.py:188} INFO - [2024-11-11T00:21:18.285+0000] {dag.py:3089} INFO - Sync 1 DAGs
[2024-11-11T00:21:18.314+0000] {logging_mixin.py:188} INFO - [2024-11-11T00:21:18.313+0000] {dag.py:3947} INFO - Setting next_dagrun for pipeline to 2024-11-11 00:00:00+00:00, run_after=2024-11-12 00:00:00+00:00
[2024-11-11T00:21:18.351+0000] {processor.py:183} INFO - Processing /opt/airflow/dags/pipline.py took 0.144 seconds
[2024-11-11T00:21:48.901+0000] {processor.py:161} INFO - Started process (PID=8127) to work on /opt/airflow/dags/pipline.py
[2024-11-11T00:21:48.902+0000] {processor.py:830} INFO - Processing file /opt/airflow/dags/pipline.py for tasks to queue
[2024-11-11T00:21:48.904+0000] {logging_mixin.py:188} INFO - [2024-11-11T00:21:48.904+0000] {dagbag.py:545} INFO - Filling up the DagBag from /opt/airflow/dags/pipline.py
[2024-11-11T00:21:48.934+0000] {processor.py:840} INFO - DAG(s) 'pipeline' retrieved from /opt/airflow/dags/pipline.py
[2024-11-11T00:21:48.963+0000] {logging_mixin.py:188} INFO - [2024-11-11T00:21:48.962+0000] {dag.py:3089} INFO - Sync 1 DAGs
[2024-11-11T00:21:48.984+0000] {logging_mixin.py:188} INFO - [2024-11-11T00:21:48.984+0000] {dag.py:3947} INFO - Setting next_dagrun for pipeline to 2024-11-11 00:00:00+00:00, run_after=2024-11-12 00:00:00+00:00
[2024-11-11T00:21:49.006+0000] {processor.py:183} INFO - Processing /opt/airflow/dags/pipline.py took 0.113 seconds
[2024-11-11T00:22:19.430+0000] {processor.py:161} INFO - Started process (PID=8148) to work on /opt/airflow/dags/pipline.py
[2024-11-11T00:22:19.430+0000] {processor.py:830} INFO - Processing file /opt/airflow/dags/pipline.py for tasks to queue
[2024-11-11T00:22:19.432+0000] {logging_mixin.py:188} INFO - [2024-11-11T00:22:19.432+0000] {dagbag.py:545} INFO - Filling up the DagBag from /opt/airflow/dags/pipline.py
[2024-11-11T00:22:19.459+0000] {processor.py:840} INFO - DAG(s) 'pipeline' retrieved from /opt/airflow/dags/pipline.py
[2024-11-11T00:22:19.486+0000] {logging_mixin.py:188} INFO - [2024-11-11T00:22:19.486+0000] {dag.py:3089} INFO - Sync 1 DAGs
[2024-11-11T00:22:19.508+0000] {logging_mixin.py:188} INFO - [2024-11-11T00:22:19.508+0000] {dag.py:3947} INFO - Setting next_dagrun for pipeline to 2024-11-11 00:00:00+00:00, run_after=2024-11-12 00:00:00+00:00
[2024-11-11T00:22:19.528+0000] {processor.py:183} INFO - Processing /opt/airflow/dags/pipline.py took 0.104 seconds
[2024-11-11T00:22:49.932+0000] {processor.py:161} INFO - Started process (PID=8169) to work on /opt/airflow/dags/pipline.py
[2024-11-11T00:22:49.933+0000] {processor.py:830} INFO - Processing file /opt/airflow/dags/pipline.py for tasks to queue
[2024-11-11T00:22:49.934+0000] {logging_mixin.py:188} INFO - [2024-11-11T00:22:49.934+0000] {dagbag.py:545} INFO - Filling up the DagBag from /opt/airflow/dags/pipline.py
[2024-11-11T00:22:49.956+0000] {processor.py:840} INFO - DAG(s) 'pipeline' retrieved from /opt/airflow/dags/pipline.py
[2024-11-11T00:22:49.985+0000] {logging_mixin.py:188} INFO - [2024-11-11T00:22:49.985+0000] {dag.py:3089} INFO - Sync 1 DAGs
[2024-11-11T00:22:50.015+0000] {logging_mixin.py:188} INFO - [2024-11-11T00:22:50.015+0000] {dag.py:3947} INFO - Setting next_dagrun for pipeline to 2024-11-11 00:00:00+00:00, run_after=2024-11-12 00:00:00+00:00
[2024-11-11T00:22:50.034+0000] {processor.py:183} INFO - Processing /opt/airflow/dags/pipline.py took 0.108 seconds
[2024-11-11T00:23:20.432+0000] {processor.py:161} INFO - Started process (PID=8190) to work on /opt/airflow/dags/pipline.py
[2024-11-11T00:23:20.433+0000] {processor.py:830} INFO - Processing file /opt/airflow/dags/pipline.py for tasks to queue
[2024-11-11T00:23:20.435+0000] {logging_mixin.py:188} INFO - [2024-11-11T00:23:20.434+0000] {dagbag.py:545} INFO - Filling up the DagBag from /opt/airflow/dags/pipline.py
[2024-11-11T00:23:20.461+0000] {processor.py:840} INFO - DAG(s) 'pipeline' retrieved from /opt/airflow/dags/pipline.py
[2024-11-11T00:23:20.492+0000] {logging_mixin.py:188} INFO - [2024-11-11T00:23:20.492+0000] {dag.py:3089} INFO - Sync 1 DAGs
[2024-11-11T00:23:20.517+0000] {logging_mixin.py:188} INFO - [2024-11-11T00:23:20.517+0000] {dag.py:3947} INFO - Setting next_dagrun for pipeline to 2024-11-11 00:00:00+00:00, run_after=2024-11-12 00:00:00+00:00
[2024-11-11T00:23:20.545+0000] {processor.py:183} INFO - Processing /opt/airflow/dags/pipline.py took 0.119 seconds
[2024-11-11T00:23:50.834+0000] {processor.py:161} INFO - Started process (PID=8211) to work on /opt/airflow/dags/pipline.py
[2024-11-11T00:23:50.835+0000] {processor.py:830} INFO - Processing file /opt/airflow/dags/pipline.py for tasks to queue
[2024-11-11T00:23:50.837+0000] {logging_mixin.py:188} INFO - [2024-11-11T00:23:50.837+0000] {dagbag.py:545} INFO - Filling up the DagBag from /opt/airflow/dags/pipline.py
[2024-11-11T00:23:50.859+0000] {processor.py:840} INFO - DAG(s) 'pipeline' retrieved from /opt/airflow/dags/pipline.py
[2024-11-11T00:23:50.886+0000] {logging_mixin.py:188} INFO - [2024-11-11T00:23:50.885+0000] {dag.py:3089} INFO - Sync 1 DAGs
[2024-11-11T00:23:50.912+0000] {logging_mixin.py:188} INFO - [2024-11-11T00:23:50.912+0000] {dag.py:3947} INFO - Setting next_dagrun for pipeline to 2024-11-11 00:00:00+00:00, run_after=2024-11-12 00:00:00+00:00
[2024-11-11T00:23:50.936+0000] {processor.py:183} INFO - Processing /opt/airflow/dags/pipline.py took 0.108 seconds
[2024-11-11T00:24:21.189+0000] {processor.py:161} INFO - Started process (PID=8232) to work on /opt/airflow/dags/pipline.py
[2024-11-11T00:24:21.190+0000] {processor.py:830} INFO - Processing file /opt/airflow/dags/pipline.py for tasks to queue
[2024-11-11T00:24:21.193+0000] {logging_mixin.py:188} INFO - [2024-11-11T00:24:21.192+0000] {dagbag.py:545} INFO - Filling up the DagBag from /opt/airflow/dags/pipline.py
[2024-11-11T00:24:21.215+0000] {processor.py:840} INFO - DAG(s) 'pipeline' retrieved from /opt/airflow/dags/pipline.py
[2024-11-11T00:24:21.245+0000] {logging_mixin.py:188} INFO - [2024-11-11T00:24:21.245+0000] {dag.py:3089} INFO - Sync 1 DAGs
[2024-11-11T00:24:21.271+0000] {logging_mixin.py:188} INFO - [2024-11-11T00:24:21.271+0000] {dag.py:3947} INFO - Setting next_dagrun for pipeline to 2024-11-11 00:00:00+00:00, run_after=2024-11-12 00:00:00+00:00
[2024-11-11T00:24:21.291+0000] {processor.py:183} INFO - Processing /opt/airflow/dags/pipline.py took 0.108 seconds
[2024-11-11T00:24:51.565+0000] {processor.py:161} INFO - Started process (PID=8253) to work on /opt/airflow/dags/pipline.py
[2024-11-11T00:24:51.566+0000] {processor.py:830} INFO - Processing file /opt/airflow/dags/pipline.py for tasks to queue
[2024-11-11T00:24:51.567+0000] {logging_mixin.py:188} INFO - [2024-11-11T00:24:51.567+0000] {dagbag.py:545} INFO - Filling up the DagBag from /opt/airflow/dags/pipline.py
[2024-11-11T00:24:51.593+0000] {processor.py:840} INFO - DAG(s) 'pipeline' retrieved from /opt/airflow/dags/pipline.py
[2024-11-11T00:24:51.623+0000] {logging_mixin.py:188} INFO - [2024-11-11T00:24:51.623+0000] {dag.py:3089} INFO - Sync 1 DAGs
[2024-11-11T00:24:51.645+0000] {logging_mixin.py:188} INFO - [2024-11-11T00:24:51.645+0000] {dag.py:3947} INFO - Setting next_dagrun for pipeline to 2024-11-11 00:00:00+00:00, run_after=2024-11-12 00:00:00+00:00
[2024-11-11T00:24:51.671+0000] {processor.py:183} INFO - Processing /opt/airflow/dags/pipline.py took 0.111 seconds
[2024-11-11T00:25:21.967+0000] {processor.py:161} INFO - Started process (PID=8274) to work on /opt/airflow/dags/pipline.py
[2024-11-11T00:25:21.969+0000] {processor.py:830} INFO - Processing file /opt/airflow/dags/pipline.py for tasks to queue
[2024-11-11T00:25:21.971+0000] {logging_mixin.py:188} INFO - [2024-11-11T00:25:21.970+0000] {dagbag.py:545} INFO - Filling up the DagBag from /opt/airflow/dags/pipline.py
[2024-11-11T00:25:21.996+0000] {processor.py:840} INFO - DAG(s) 'pipeline' retrieved from /opt/airflow/dags/pipline.py
[2024-11-11T00:25:22.026+0000] {logging_mixin.py:188} INFO - [2024-11-11T00:25:22.025+0000] {dag.py:3089} INFO - Sync 1 DAGs
[2024-11-11T00:25:22.047+0000] {logging_mixin.py:188} INFO - [2024-11-11T00:25:22.047+0000] {dag.py:3947} INFO - Setting next_dagrun for pipeline to 2024-11-11 00:00:00+00:00, run_after=2024-11-12 00:00:00+00:00
[2024-11-11T00:25:22.066+0000] {processor.py:183} INFO - Processing /opt/airflow/dags/pipline.py took 0.107 seconds
[2024-11-11T00:25:52.345+0000] {processor.py:161} INFO - Started process (PID=8295) to work on /opt/airflow/dags/pipline.py
[2024-11-11T00:25:52.345+0000] {processor.py:830} INFO - Processing file /opt/airflow/dags/pipline.py for tasks to queue
[2024-11-11T00:25:52.347+0000] {logging_mixin.py:188} INFO - [2024-11-11T00:25:52.347+0000] {dagbag.py:545} INFO - Filling up the DagBag from /opt/airflow/dags/pipline.py
[2024-11-11T00:25:52.368+0000] {processor.py:840} INFO - DAG(s) 'pipeline' retrieved from /opt/airflow/dags/pipline.py
[2024-11-11T00:25:52.395+0000] {logging_mixin.py:188} INFO - [2024-11-11T00:25:52.395+0000] {dag.py:3089} INFO - Sync 1 DAGs
[2024-11-11T00:25:52.416+0000] {logging_mixin.py:188} INFO - [2024-11-11T00:25:52.416+0000] {dag.py:3947} INFO - Setting next_dagrun for pipeline to 2024-11-11 00:00:00+00:00, run_after=2024-11-12 00:00:00+00:00
[2024-11-11T00:25:52.437+0000] {processor.py:183} INFO - Processing /opt/airflow/dags/pipline.py took 0.099 seconds
[2024-11-11T00:26:22.758+0000] {processor.py:161} INFO - Started process (PID=8316) to work on /opt/airflow/dags/pipline.py
[2024-11-11T00:26:22.760+0000] {processor.py:830} INFO - Processing file /opt/airflow/dags/pipline.py for tasks to queue
[2024-11-11T00:26:22.762+0000] {logging_mixin.py:188} INFO - [2024-11-11T00:26:22.761+0000] {dagbag.py:545} INFO - Filling up the DagBag from /opt/airflow/dags/pipline.py
[2024-11-11T00:26:22.787+0000] {processor.py:840} INFO - DAG(s) 'pipeline' retrieved from /opt/airflow/dags/pipline.py
[2024-11-11T00:26:22.816+0000] {logging_mixin.py:188} INFO - [2024-11-11T00:26:22.816+0000] {dag.py:3089} INFO - Sync 1 DAGs
[2024-11-11T00:26:22.838+0000] {logging_mixin.py:188} INFO - [2024-11-11T00:26:22.838+0000] {dag.py:3947} INFO - Setting next_dagrun for pipeline to 2024-11-11 00:00:00+00:00, run_after=2024-11-12 00:00:00+00:00
[2024-11-11T00:26:22.859+0000] {processor.py:183} INFO - Processing /opt/airflow/dags/pipline.py took 0.108 seconds
[2024-11-11T00:26:53.128+0000] {processor.py:161} INFO - Started process (PID=8337) to work on /opt/airflow/dags/pipline.py
[2024-11-11T00:26:53.129+0000] {processor.py:830} INFO - Processing file /opt/airflow/dags/pipline.py for tasks to queue
[2024-11-11T00:26:53.132+0000] {logging_mixin.py:188} INFO - [2024-11-11T00:26:53.131+0000] {dagbag.py:545} INFO - Filling up the DagBag from /opt/airflow/dags/pipline.py
[2024-11-11T00:26:53.162+0000] {processor.py:840} INFO - DAG(s) 'pipeline' retrieved from /opt/airflow/dags/pipline.py
[2024-11-11T00:26:53.193+0000] {logging_mixin.py:188} INFO - [2024-11-11T00:26:53.193+0000] {dag.py:3089} INFO - Sync 1 DAGs
[2024-11-11T00:26:53.216+0000] {logging_mixin.py:188} INFO - [2024-11-11T00:26:53.215+0000] {dag.py:3947} INFO - Setting next_dagrun for pipeline to 2024-11-11 00:00:00+00:00, run_after=2024-11-12 00:00:00+00:00
[2024-11-11T00:26:53.235+0000] {processor.py:183} INFO - Processing /opt/airflow/dags/pipline.py took 0.113 seconds
[2024-11-11T00:27:23.501+0000] {processor.py:161} INFO - Started process (PID=8358) to work on /opt/airflow/dags/pipline.py
[2024-11-11T00:27:23.502+0000] {processor.py:830} INFO - Processing file /opt/airflow/dags/pipline.py for tasks to queue
[2024-11-11T00:27:23.503+0000] {logging_mixin.py:188} INFO - [2024-11-11T00:27:23.503+0000] {dagbag.py:545} INFO - Filling up the DagBag from /opt/airflow/dags/pipline.py
[2024-11-11T00:27:23.522+0000] {processor.py:840} INFO - DAG(s) 'pipeline' retrieved from /opt/airflow/dags/pipline.py
[2024-11-11T00:27:23.548+0000] {logging_mixin.py:188} INFO - [2024-11-11T00:27:23.547+0000] {dag.py:3089} INFO - Sync 1 DAGs
[2024-11-11T00:27:23.568+0000] {logging_mixin.py:188} INFO - [2024-11-11T00:27:23.568+0000] {dag.py:3947} INFO - Setting next_dagrun for pipeline to 2024-11-11 00:00:00+00:00, run_after=2024-11-12 00:00:00+00:00
[2024-11-11T00:27:23.588+0000] {processor.py:183} INFO - Processing /opt/airflow/dags/pipline.py took 0.093 seconds
[2024-11-11T00:27:53.882+0000] {processor.py:161} INFO - Started process (PID=8379) to work on /opt/airflow/dags/pipline.py
[2024-11-11T00:27:53.883+0000] {processor.py:830} INFO - Processing file /opt/airflow/dags/pipline.py for tasks to queue
[2024-11-11T00:27:53.885+0000] {logging_mixin.py:188} INFO - [2024-11-11T00:27:53.885+0000] {dagbag.py:545} INFO - Filling up the DagBag from /opt/airflow/dags/pipline.py
[2024-11-11T00:27:53.909+0000] {processor.py:840} INFO - DAG(s) 'pipeline' retrieved from /opt/airflow/dags/pipline.py
[2024-11-11T00:27:53.946+0000] {logging_mixin.py:188} INFO - [2024-11-11T00:27:53.946+0000] {dag.py:3089} INFO - Sync 1 DAGs
[2024-11-11T00:27:53.969+0000] {logging_mixin.py:188} INFO - [2024-11-11T00:27:53.968+0000] {dag.py:3947} INFO - Setting next_dagrun for pipeline to 2024-11-11 00:00:00+00:00, run_after=2024-11-12 00:00:00+00:00
[2024-11-11T00:27:53.995+0000] {processor.py:183} INFO - Processing /opt/airflow/dags/pipline.py took 0.119 seconds
[2024-11-11T00:28:24.296+0000] {processor.py:161} INFO - Started process (PID=8400) to work on /opt/airflow/dags/pipline.py
[2024-11-11T00:28:24.297+0000] {processor.py:830} INFO - Processing file /opt/airflow/dags/pipline.py for tasks to queue
[2024-11-11T00:28:24.299+0000] {logging_mixin.py:188} INFO - [2024-11-11T00:28:24.299+0000] {dagbag.py:545} INFO - Filling up the DagBag from /opt/airflow/dags/pipline.py
[2024-11-11T00:28:24.320+0000] {processor.py:840} INFO - DAG(s) 'pipeline' retrieved from /opt/airflow/dags/pipline.py
[2024-11-11T00:28:24.351+0000] {logging_mixin.py:188} INFO - [2024-11-11T00:28:24.351+0000] {dag.py:3089} INFO - Sync 1 DAGs
[2024-11-11T00:28:24.379+0000] {logging_mixin.py:188} INFO - [2024-11-11T00:28:24.379+0000] {dag.py:3947} INFO - Setting next_dagrun for pipeline to 2024-11-11 00:00:00+00:00, run_after=2024-11-12 00:00:00+00:00
[2024-11-11T00:28:24.399+0000] {processor.py:183} INFO - Processing /opt/airflow/dags/pipline.py took 0.109 seconds
[2024-11-11T00:28:54.684+0000] {processor.py:161} INFO - Started process (PID=8421) to work on /opt/airflow/dags/pipline.py
[2024-11-11T00:28:54.685+0000] {processor.py:830} INFO - Processing file /opt/airflow/dags/pipline.py for tasks to queue
[2024-11-11T00:28:54.686+0000] {logging_mixin.py:188} INFO - [2024-11-11T00:28:54.686+0000] {dagbag.py:545} INFO - Filling up the DagBag from /opt/airflow/dags/pipline.py
[2024-11-11T00:28:54.712+0000] {processor.py:840} INFO - DAG(s) 'pipeline' retrieved from /opt/airflow/dags/pipline.py
[2024-11-11T00:28:54.748+0000] {logging_mixin.py:188} INFO - [2024-11-11T00:28:54.748+0000] {dag.py:3089} INFO - Sync 1 DAGs
[2024-11-11T00:28:54.775+0000] {logging_mixin.py:188} INFO - [2024-11-11T00:28:54.775+0000] {dag.py:3947} INFO - Setting next_dagrun for pipeline to 2024-11-11 00:00:00+00:00, run_after=2024-11-12 00:00:00+00:00
[2024-11-11T00:28:54.796+0000] {processor.py:183} INFO - Processing /opt/airflow/dags/pipline.py took 0.120 seconds
[2024-11-11T00:29:25.068+0000] {processor.py:161} INFO - Started process (PID=8442) to work on /opt/airflow/dags/pipline.py
[2024-11-11T00:29:25.070+0000] {processor.py:830} INFO - Processing file /opt/airflow/dags/pipline.py for tasks to queue
[2024-11-11T00:29:25.071+0000] {logging_mixin.py:188} INFO - [2024-11-11T00:29:25.071+0000] {dagbag.py:545} INFO - Filling up the DagBag from /opt/airflow/dags/pipline.py
[2024-11-11T00:29:25.101+0000] {processor.py:840} INFO - DAG(s) 'pipeline' retrieved from /opt/airflow/dags/pipline.py
[2024-11-11T00:29:25.133+0000] {logging_mixin.py:188} INFO - [2024-11-11T00:29:25.132+0000] {dag.py:3089} INFO - Sync 1 DAGs
[2024-11-11T00:29:25.155+0000] {logging_mixin.py:188} INFO - [2024-11-11T00:29:25.155+0000] {dag.py:3947} INFO - Setting next_dagrun for pipeline to 2024-11-11 00:00:00+00:00, run_after=2024-11-12 00:00:00+00:00
[2024-11-11T00:29:25.176+0000] {processor.py:183} INFO - Processing /opt/airflow/dags/pipline.py took 0.116 seconds
[2024-11-11T00:29:55.443+0000] {processor.py:161} INFO - Started process (PID=8463) to work on /opt/airflow/dags/pipline.py
[2024-11-11T00:29:55.444+0000] {processor.py:830} INFO - Processing file /opt/airflow/dags/pipline.py for tasks to queue
[2024-11-11T00:29:55.446+0000] {logging_mixin.py:188} INFO - [2024-11-11T00:29:55.445+0000] {dagbag.py:545} INFO - Filling up the DagBag from /opt/airflow/dags/pipline.py
[2024-11-11T00:29:55.465+0000] {processor.py:840} INFO - DAG(s) 'pipeline' retrieved from /opt/airflow/dags/pipline.py
[2024-11-11T00:29:55.491+0000] {logging_mixin.py:188} INFO - [2024-11-11T00:29:55.491+0000] {dag.py:3089} INFO - Sync 1 DAGs
[2024-11-11T00:29:55.512+0000] {logging_mixin.py:188} INFO - [2024-11-11T00:29:55.512+0000] {dag.py:3947} INFO - Setting next_dagrun for pipeline to 2024-11-11 00:00:00+00:00, run_after=2024-11-12 00:00:00+00:00
[2024-11-11T00:29:55.531+0000] {processor.py:183} INFO - Processing /opt/airflow/dags/pipline.py took 0.093 seconds
[2024-11-11T00:30:25.825+0000] {processor.py:161} INFO - Started process (PID=8484) to work on /opt/airflow/dags/pipline.py
[2024-11-11T00:30:25.827+0000] {processor.py:830} INFO - Processing file /opt/airflow/dags/pipline.py for tasks to queue
[2024-11-11T00:30:25.829+0000] {logging_mixin.py:188} INFO - [2024-11-11T00:30:25.829+0000] {dagbag.py:545} INFO - Filling up the DagBag from /opt/airflow/dags/pipline.py
[2024-11-11T00:30:25.854+0000] {processor.py:840} INFO - DAG(s) 'pipeline' retrieved from /opt/airflow/dags/pipline.py
[2024-11-11T00:30:25.882+0000] {logging_mixin.py:188} INFO - [2024-11-11T00:30:25.882+0000] {dag.py:3089} INFO - Sync 1 DAGs
[2024-11-11T00:30:25.909+0000] {logging_mixin.py:188} INFO - [2024-11-11T00:30:25.909+0000] {dag.py:3947} INFO - Setting next_dagrun for pipeline to 2024-11-11 00:00:00+00:00, run_after=2024-11-12 00:00:00+00:00
[2024-11-11T00:30:25.939+0000] {processor.py:183} INFO - Processing /opt/airflow/dags/pipline.py took 0.121 seconds
[2024-11-11T00:30:56.220+0000] {processor.py:161} INFO - Started process (PID=8505) to work on /opt/airflow/dags/pipline.py
[2024-11-11T00:30:56.221+0000] {processor.py:830} INFO - Processing file /opt/airflow/dags/pipline.py for tasks to queue
[2024-11-11T00:30:56.223+0000] {logging_mixin.py:188} INFO - [2024-11-11T00:30:56.223+0000] {dagbag.py:545} INFO - Filling up the DagBag from /opt/airflow/dags/pipline.py
[2024-11-11T00:30:56.243+0000] {processor.py:840} INFO - DAG(s) 'pipeline' retrieved from /opt/airflow/dags/pipline.py
[2024-11-11T00:30:56.268+0000] {logging_mixin.py:188} INFO - [2024-11-11T00:30:56.268+0000] {dag.py:3089} INFO - Sync 1 DAGs
[2024-11-11T00:30:56.287+0000] {logging_mixin.py:188} INFO - [2024-11-11T00:30:56.287+0000] {dag.py:3947} INFO - Setting next_dagrun for pipeline to 2024-11-11 00:00:00+00:00, run_after=2024-11-12 00:00:00+00:00
[2024-11-11T00:30:56.306+0000] {processor.py:183} INFO - Processing /opt/airflow/dags/pipline.py took 0.091 seconds
[2024-11-11T00:31:26.686+0000] {processor.py:161} INFO - Started process (PID=8526) to work on /opt/airflow/dags/pipline.py
[2024-11-11T00:31:26.688+0000] {processor.py:830} INFO - Processing file /opt/airflow/dags/pipline.py for tasks to queue
[2024-11-11T00:31:26.693+0000] {logging_mixin.py:188} INFO - [2024-11-11T00:31:26.690+0000] {dagbag.py:545} INFO - Filling up the DagBag from /opt/airflow/dags/pipline.py
[2024-11-11T00:31:26.743+0000] {processor.py:840} INFO - DAG(s) 'pipeline' retrieved from /opt/airflow/dags/pipline.py
[2024-11-11T00:31:26.859+0000] {logging_mixin.py:188} INFO - [2024-11-11T00:31:26.858+0000] {dag.py:3089} INFO - Sync 1 DAGs
[2024-11-11T00:31:26.914+0000] {logging_mixin.py:188} INFO - [2024-11-11T00:31:26.914+0000] {dag.py:3947} INFO - Setting next_dagrun for pipeline to 2024-11-11 00:00:00+00:00, run_after=2024-11-12 00:00:00+00:00
[2024-11-11T00:31:26.948+0000] {processor.py:183} INFO - Processing /opt/airflow/dags/pipline.py took 0.287 seconds
[2024-11-11T00:31:57.291+0000] {processor.py:161} INFO - Started process (PID=8547) to work on /opt/airflow/dags/pipline.py
[2024-11-11T00:31:57.292+0000] {processor.py:830} INFO - Processing file /opt/airflow/dags/pipline.py for tasks to queue
[2024-11-11T00:31:57.294+0000] {logging_mixin.py:188} INFO - [2024-11-11T00:31:57.294+0000] {dagbag.py:545} INFO - Filling up the DagBag from /opt/airflow/dags/pipline.py
[2024-11-11T00:31:57.322+0000] {processor.py:840} INFO - DAG(s) 'pipeline' retrieved from /opt/airflow/dags/pipline.py
[2024-11-11T00:31:57.353+0000] {logging_mixin.py:188} INFO - [2024-11-11T00:31:57.353+0000] {dag.py:3089} INFO - Sync 1 DAGs
[2024-11-11T00:31:57.377+0000] {logging_mixin.py:188} INFO - [2024-11-11T00:31:57.377+0000] {dag.py:3947} INFO - Setting next_dagrun for pipeline to 2024-11-11 00:00:00+00:00, run_after=2024-11-12 00:00:00+00:00
[2024-11-11T00:31:57.401+0000] {processor.py:183} INFO - Processing /opt/airflow/dags/pipline.py took 0.117 seconds
[2024-11-11T00:32:27.717+0000] {processor.py:161} INFO - Started process (PID=8569) to work on /opt/airflow/dags/pipline.py
[2024-11-11T00:32:27.718+0000] {processor.py:830} INFO - Processing file /opt/airflow/dags/pipline.py for tasks to queue
[2024-11-11T00:32:27.721+0000] {logging_mixin.py:188} INFO - [2024-11-11T00:32:27.721+0000] {dagbag.py:545} INFO - Filling up the DagBag from /opt/airflow/dags/pipline.py
[2024-11-11T00:32:27.788+0000] {processor.py:840} INFO - DAG(s) 'pipeline' retrieved from /opt/airflow/dags/pipline.py
[2024-11-11T00:32:27.871+0000] {logging_mixin.py:188} INFO - [2024-11-11T00:32:27.871+0000] {dag.py:3089} INFO - Sync 1 DAGs
[2024-11-11T00:32:27.926+0000] {logging_mixin.py:188} INFO - [2024-11-11T00:32:27.926+0000] {dag.py:3947} INFO - Setting next_dagrun for pipeline to 2024-11-11 00:00:00+00:00, run_after=2024-11-12 00:00:00+00:00
[2024-11-11T00:32:27.980+0000] {processor.py:183} INFO - Processing /opt/airflow/dags/pipline.py took 0.274 seconds
[2024-11-11T00:32:58.329+0000] {processor.py:161} INFO - Started process (PID=8590) to work on /opt/airflow/dags/pipline.py
[2024-11-11T00:32:58.330+0000] {processor.py:830} INFO - Processing file /opt/airflow/dags/pipline.py for tasks to queue
[2024-11-11T00:32:58.331+0000] {logging_mixin.py:188} INFO - [2024-11-11T00:32:58.331+0000] {dagbag.py:545} INFO - Filling up the DagBag from /opt/airflow/dags/pipline.py
[2024-11-11T00:32:58.352+0000] {processor.py:840} INFO - DAG(s) 'pipeline' retrieved from /opt/airflow/dags/pipline.py
[2024-11-11T00:32:58.378+0000] {logging_mixin.py:188} INFO - [2024-11-11T00:32:58.377+0000] {dag.py:3089} INFO - Sync 1 DAGs
[2024-11-11T00:32:58.399+0000] {logging_mixin.py:188} INFO - [2024-11-11T00:32:58.399+0000] {dag.py:3947} INFO - Setting next_dagrun for pipeline to 2024-11-11 00:00:00+00:00, run_after=2024-11-12 00:00:00+00:00
[2024-11-11T00:32:58.421+0000] {processor.py:183} INFO - Processing /opt/airflow/dags/pipline.py took 0.098 seconds
[2024-11-11T00:33:28.675+0000] {processor.py:161} INFO - Started process (PID=8611) to work on /opt/airflow/dags/pipline.py
[2024-11-11T00:33:28.676+0000] {processor.py:830} INFO - Processing file /opt/airflow/dags/pipline.py for tasks to queue
[2024-11-11T00:33:28.678+0000] {logging_mixin.py:188} INFO - [2024-11-11T00:33:28.678+0000] {dagbag.py:545} INFO - Filling up the DagBag from /opt/airflow/dags/pipline.py
[2024-11-11T00:33:28.700+0000] {processor.py:840} INFO - DAG(s) 'pipeline' retrieved from /opt/airflow/dags/pipline.py
[2024-11-11T00:33:28.726+0000] {logging_mixin.py:188} INFO - [2024-11-11T00:33:28.726+0000] {dag.py:3089} INFO - Sync 1 DAGs
[2024-11-11T00:33:28.746+0000] {logging_mixin.py:188} INFO - [2024-11-11T00:33:28.746+0000] {dag.py:3947} INFO - Setting next_dagrun for pipeline to 2024-11-11 00:00:00+00:00, run_after=2024-11-12 00:00:00+00:00
[2024-11-11T00:33:28.766+0000] {processor.py:183} INFO - Processing /opt/airflow/dags/pipline.py took 0.097 seconds
[2024-11-11T00:33:59.025+0000] {processor.py:161} INFO - Started process (PID=8632) to work on /opt/airflow/dags/pipline.py
[2024-11-11T00:33:59.026+0000] {processor.py:830} INFO - Processing file /opt/airflow/dags/pipline.py for tasks to queue
[2024-11-11T00:33:59.028+0000] {logging_mixin.py:188} INFO - [2024-11-11T00:33:59.028+0000] {dagbag.py:545} INFO - Filling up the DagBag from /opt/airflow/dags/pipline.py
[2024-11-11T00:33:59.052+0000] {processor.py:840} INFO - DAG(s) 'pipeline' retrieved from /opt/airflow/dags/pipline.py
[2024-11-11T00:33:59.080+0000] {logging_mixin.py:188} INFO - [2024-11-11T00:33:59.080+0000] {dag.py:3089} INFO - Sync 1 DAGs
[2024-11-11T00:33:59.102+0000] {logging_mixin.py:188} INFO - [2024-11-11T00:33:59.102+0000] {dag.py:3947} INFO - Setting next_dagrun for pipeline to 2024-11-11 00:00:00+00:00, run_after=2024-11-12 00:00:00+00:00
[2024-11-11T00:33:59.121+0000] {processor.py:183} INFO - Processing /opt/airflow/dags/pipline.py took 0.102 seconds
[2024-11-11T00:34:29.399+0000] {processor.py:161} INFO - Started process (PID=8653) to work on /opt/airflow/dags/pipline.py
[2024-11-11T00:34:29.400+0000] {processor.py:830} INFO - Processing file /opt/airflow/dags/pipline.py for tasks to queue
[2024-11-11T00:34:29.402+0000] {logging_mixin.py:188} INFO - [2024-11-11T00:34:29.401+0000] {dagbag.py:545} INFO - Filling up the DagBag from /opt/airflow/dags/pipline.py
[2024-11-11T00:34:29.423+0000] {processor.py:840} INFO - DAG(s) 'pipeline' retrieved from /opt/airflow/dags/pipline.py
[2024-11-11T00:34:29.449+0000] {logging_mixin.py:188} INFO - [2024-11-11T00:34:29.449+0000] {dag.py:3089} INFO - Sync 1 DAGs
[2024-11-11T00:34:29.468+0000] {logging_mixin.py:188} INFO - [2024-11-11T00:34:29.468+0000] {dag.py:3947} INFO - Setting next_dagrun for pipeline to 2024-11-11 00:00:00+00:00, run_after=2024-11-12 00:00:00+00:00
[2024-11-11T00:34:29.489+0000] {processor.py:183} INFO - Processing /opt/airflow/dags/pipline.py took 0.096 seconds
[2024-11-11T00:34:59.745+0000] {processor.py:161} INFO - Started process (PID=8675) to work on /opt/airflow/dags/pipline.py
[2024-11-11T00:34:59.745+0000] {processor.py:830} INFO - Processing file /opt/airflow/dags/pipline.py for tasks to queue
[2024-11-11T00:34:59.747+0000] {logging_mixin.py:188} INFO - [2024-11-11T00:34:59.747+0000] {dagbag.py:545} INFO - Filling up the DagBag from /opt/airflow/dags/pipline.py
[2024-11-11T00:34:59.773+0000] {processor.py:840} INFO - DAG(s) 'pipeline' retrieved from /opt/airflow/dags/pipline.py
[2024-11-11T00:34:59.799+0000] {logging_mixin.py:188} INFO - [2024-11-11T00:34:59.799+0000] {dag.py:3089} INFO - Sync 1 DAGs
[2024-11-11T00:34:59.823+0000] {logging_mixin.py:188} INFO - [2024-11-11T00:34:59.823+0000] {dag.py:3947} INFO - Setting next_dagrun for pipeline to 2024-11-11 00:00:00+00:00, run_after=2024-11-12 00:00:00+00:00
[2024-11-11T00:34:59.842+0000] {processor.py:183} INFO - Processing /opt/airflow/dags/pipline.py took 0.103 seconds
[2024-11-11T00:35:30.103+0000] {processor.py:161} INFO - Started process (PID=8696) to work on /opt/airflow/dags/pipline.py
[2024-11-11T00:35:30.104+0000] {processor.py:830} INFO - Processing file /opt/airflow/dags/pipline.py for tasks to queue
[2024-11-11T00:35:30.105+0000] {logging_mixin.py:188} INFO - [2024-11-11T00:35:30.105+0000] {dagbag.py:545} INFO - Filling up the DagBag from /opt/airflow/dags/pipline.py
[2024-11-11T00:35:30.126+0000] {processor.py:840} INFO - DAG(s) 'pipeline' retrieved from /opt/airflow/dags/pipline.py
[2024-11-11T00:35:30.151+0000] {logging_mixin.py:188} INFO - [2024-11-11T00:35:30.151+0000] {dag.py:3089} INFO - Sync 1 DAGs
[2024-11-11T00:35:30.173+0000] {logging_mixin.py:188} INFO - [2024-11-11T00:35:30.172+0000] {dag.py:3947} INFO - Setting next_dagrun for pipeline to 2024-11-11 00:00:00+00:00, run_after=2024-11-12 00:00:00+00:00
[2024-11-11T00:35:30.191+0000] {processor.py:183} INFO - Processing /opt/airflow/dags/pipline.py took 0.094 seconds
[2024-11-11T00:36:00.440+0000] {processor.py:161} INFO - Started process (PID=8718) to work on /opt/airflow/dags/pipline.py
[2024-11-11T00:36:00.441+0000] {processor.py:830} INFO - Processing file /opt/airflow/dags/pipline.py for tasks to queue
[2024-11-11T00:36:00.443+0000] {logging_mixin.py:188} INFO - [2024-11-11T00:36:00.443+0000] {dagbag.py:545} INFO - Filling up the DagBag from /opt/airflow/dags/pipline.py
[2024-11-11T00:36:00.467+0000] {processor.py:840} INFO - DAG(s) 'pipeline' retrieved from /opt/airflow/dags/pipline.py
[2024-11-11T00:36:00.498+0000] {logging_mixin.py:188} INFO - [2024-11-11T00:36:00.498+0000] {dag.py:3089} INFO - Sync 1 DAGs
[2024-11-11T00:36:00.523+0000] {logging_mixin.py:188} INFO - [2024-11-11T00:36:00.522+0000] {dag.py:3947} INFO - Setting next_dagrun for pipeline to 2024-11-11 00:00:00+00:00, run_after=2024-11-12 00:00:00+00:00
[2024-11-11T00:36:00.541+0000] {processor.py:183} INFO - Processing /opt/airflow/dags/pipline.py took 0.107 seconds
[2024-11-11T00:36:30.834+0000] {processor.py:161} INFO - Started process (PID=8740) to work on /opt/airflow/dags/pipline.py
[2024-11-11T00:36:30.835+0000] {processor.py:830} INFO - Processing file /opt/airflow/dags/pipline.py for tasks to queue
[2024-11-11T00:36:30.837+0000] {logging_mixin.py:188} INFO - [2024-11-11T00:36:30.836+0000] {dagbag.py:545} INFO - Filling up the DagBag from /opt/airflow/dags/pipline.py
[2024-11-11T00:36:30.857+0000] {processor.py:840} INFO - DAG(s) 'pipeline' retrieved from /opt/airflow/dags/pipline.py
[2024-11-11T00:36:30.885+0000] {logging_mixin.py:188} INFO - [2024-11-11T00:36:30.884+0000] {dag.py:3089} INFO - Sync 1 DAGs
[2024-11-11T00:36:30.904+0000] {logging_mixin.py:188} INFO - [2024-11-11T00:36:30.904+0000] {dag.py:3947} INFO - Setting next_dagrun for pipeline to 2024-11-11 00:00:00+00:00, run_after=2024-11-12 00:00:00+00:00
[2024-11-11T00:36:30.926+0000] {processor.py:183} INFO - Processing /opt/airflow/dags/pipline.py took 0.098 seconds
[2024-11-11T00:37:01.183+0000] {processor.py:161} INFO - Started process (PID=8762) to work on /opt/airflow/dags/pipline.py
[2024-11-11T00:37:01.185+0000] {processor.py:830} INFO - Processing file /opt/airflow/dags/pipline.py for tasks to queue
[2024-11-11T00:37:01.187+0000] {logging_mixin.py:188} INFO - [2024-11-11T00:37:01.186+0000] {dagbag.py:545} INFO - Filling up the DagBag from /opt/airflow/dags/pipline.py
[2024-11-11T00:37:01.214+0000] {processor.py:840} INFO - DAG(s) 'pipeline' retrieved from /opt/airflow/dags/pipline.py
[2024-11-11T00:37:01.245+0000] {logging_mixin.py:188} INFO - [2024-11-11T00:37:01.245+0000] {dag.py:3089} INFO - Sync 1 DAGs
[2024-11-11T00:37:01.266+0000] {logging_mixin.py:188} INFO - [2024-11-11T00:37:01.266+0000] {dag.py:3947} INFO - Setting next_dagrun for pipeline to 2024-11-11 00:00:00+00:00, run_after=2024-11-12 00:00:00+00:00
[2024-11-11T00:37:01.288+0000] {processor.py:183} INFO - Processing /opt/airflow/dags/pipline.py took 0.114 seconds
[2024-11-11T00:37:31.534+0000] {processor.py:161} INFO - Started process (PID=8783) to work on /opt/airflow/dags/pipline.py
[2024-11-11T00:37:31.535+0000] {processor.py:830} INFO - Processing file /opt/airflow/dags/pipline.py for tasks to queue
[2024-11-11T00:37:31.536+0000] {logging_mixin.py:188} INFO - [2024-11-11T00:37:31.536+0000] {dagbag.py:545} INFO - Filling up the DagBag from /opt/airflow/dags/pipline.py
[2024-11-11T00:37:31.558+0000] {processor.py:840} INFO - DAG(s) 'pipeline' retrieved from /opt/airflow/dags/pipline.py
[2024-11-11T00:37:31.583+0000] {logging_mixin.py:188} INFO - [2024-11-11T00:37:31.583+0000] {dag.py:3089} INFO - Sync 1 DAGs
[2024-11-11T00:37:31.603+0000] {logging_mixin.py:188} INFO - [2024-11-11T00:37:31.603+0000] {dag.py:3947} INFO - Setting next_dagrun for pipeline to 2024-11-11 00:00:00+00:00, run_after=2024-11-12 00:00:00+00:00
[2024-11-11T00:37:31.625+0000] {processor.py:183} INFO - Processing /opt/airflow/dags/pipline.py took 0.097 seconds
[2024-11-11T00:38:01.890+0000] {processor.py:161} INFO - Started process (PID=8804) to work on /opt/airflow/dags/pipline.py
[2024-11-11T00:38:01.891+0000] {processor.py:830} INFO - Processing file /opt/airflow/dags/pipline.py for tasks to queue
[2024-11-11T00:38:01.894+0000] {logging_mixin.py:188} INFO - [2024-11-11T00:38:01.894+0000] {dagbag.py:545} INFO - Filling up the DagBag from /opt/airflow/dags/pipline.py
[2024-11-11T00:38:01.927+0000] {processor.py:840} INFO - DAG(s) 'pipeline' retrieved from /opt/airflow/dags/pipline.py
[2024-11-11T00:38:01.972+0000] {logging_mixin.py:188} INFO - [2024-11-11T00:38:01.971+0000] {dag.py:3089} INFO - Sync 1 DAGs
[2024-11-11T00:38:02.002+0000] {logging_mixin.py:188} INFO - [2024-11-11T00:38:02.001+0000] {dag.py:3947} INFO - Setting next_dagrun for pipeline to 2024-11-11 00:00:00+00:00, run_after=2024-11-12 00:00:00+00:00
[2024-11-11T00:38:02.023+0000] {processor.py:183} INFO - Processing /opt/airflow/dags/pipline.py took 0.140 seconds
[2024-11-11T00:38:32.363+0000] {processor.py:161} INFO - Started process (PID=8826) to work on /opt/airflow/dags/pipline.py
[2024-11-11T00:38:32.367+0000] {processor.py:830} INFO - Processing file /opt/airflow/dags/pipline.py for tasks to queue
[2024-11-11T00:38:32.384+0000] {logging_mixin.py:188} INFO - [2024-11-11T00:38:32.382+0000] {dagbag.py:545} INFO - Filling up the DagBag from /opt/airflow/dags/pipline.py
[2024-11-11T00:38:32.763+0000] {processor.py:840} INFO - DAG(s) 'pipeline' retrieved from /opt/airflow/dags/pipline.py
[2024-11-11T00:38:32.970+0000] {logging_mixin.py:188} INFO - [2024-11-11T00:38:32.969+0000] {dag.py:3089} INFO - Sync 1 DAGs
[2024-11-11T00:38:33.166+0000] {logging_mixin.py:188} INFO - [2024-11-11T00:38:33.165+0000] {dag.py:3947} INFO - Setting next_dagrun for pipeline to 2024-11-11 00:00:00+00:00, run_after=2024-11-12 00:00:00+00:00
[2024-11-11T00:38:33.266+0000] {processor.py:183} INFO - Processing /opt/airflow/dags/pipline.py took 0.911 seconds
