[2024-11-11T00:00:22.778+0000] {processor.py:161} INFO - Started process (PID=7234) to work on /opt/airflow/dags/sensor_airflow.py
[2024-11-11T00:00:22.791+0000] {processor.py:830} INFO - Processing file /opt/airflow/dags/sensor_airflow.py for tasks to queue
[2024-11-11T00:00:22.798+0000] {logging_mixin.py:188} INFO - [2024-11-11T00:00:22.798+0000] {dagbag.py:545} INFO - Filling up the DagBag from /opt/airflow/dags/sensor_airflow.py
[2024-11-11T00:00:22.956+0000] {processor.py:840} INFO - DAG(s) 'sensor_data' retrieved from /opt/airflow/dags/sensor_airflow.py
[2024-11-11T00:00:23.113+0000] {logging_mixin.py:188} INFO - [2024-11-11T00:00:23.112+0000] {dag.py:3089} INFO - Sync 1 DAGs
[2024-11-11T00:00:23.146+0000] {logging_mixin.py:188} INFO - [2024-11-11T00:00:23.146+0000] {dag.py:3947} INFO - Setting next_dagrun for sensor_data to 2024-11-10 23:55:00+00:00, run_after=2024-11-11 00:00:00+00:00
[2024-11-11T00:00:23.192+0000] {processor.py:183} INFO - Processing /opt/airflow/dags/sensor_airflow.py took 0.432 seconds
[2024-11-11T00:00:55.141+0000] {processor.py:161} INFO - Started process (PID=7255) to work on /opt/airflow/dags/sensor_airflow.py
[2024-11-11T00:00:55.142+0000] {processor.py:830} INFO - Processing file /opt/airflow/dags/sensor_airflow.py for tasks to queue
[2024-11-11T00:00:55.143+0000] {logging_mixin.py:188} INFO - [2024-11-11T00:00:55.143+0000] {dagbag.py:545} INFO - Filling up the DagBag from /opt/airflow/dags/sensor_airflow.py
[2024-11-11T00:00:55.204+0000] {processor.py:840} INFO - DAG(s) 'sensor_data' retrieved from /opt/airflow/dags/sensor_airflow.py
[2024-11-11T00:00:55.323+0000] {logging_mixin.py:188} INFO - [2024-11-11T00:00:55.322+0000] {dag.py:3089} INFO - Sync 1 DAGs
[2024-11-11T00:00:55.351+0000] {logging_mixin.py:188} INFO - [2024-11-11T00:00:55.351+0000] {dag.py:3947} INFO - Setting next_dagrun for sensor_data to 2024-11-10 23:55:00+00:00, run_after=2024-11-11 00:00:00+00:00
[2024-11-11T00:00:55.377+0000] {processor.py:183} INFO - Processing /opt/airflow/dags/sensor_airflow.py took 0.243 seconds
[2024-11-11T00:01:26.558+0000] {processor.py:161} INFO - Started process (PID=7277) to work on /opt/airflow/dags/sensor_airflow.py
[2024-11-11T00:01:26.559+0000] {processor.py:830} INFO - Processing file /opt/airflow/dags/sensor_airflow.py for tasks to queue
[2024-11-11T00:01:26.561+0000] {logging_mixin.py:188} INFO - [2024-11-11T00:01:26.561+0000] {dagbag.py:545} INFO - Filling up the DagBag from /opt/airflow/dags/sensor_airflow.py
[2024-11-11T00:01:26.639+0000] {processor.py:840} INFO - DAG(s) 'sensor_data' retrieved from /opt/airflow/dags/sensor_airflow.py
[2024-11-11T00:01:26.721+0000] {logging_mixin.py:188} INFO - [2024-11-11T00:01:26.721+0000] {dag.py:3089} INFO - Sync 1 DAGs
[2024-11-11T00:01:26.744+0000] {logging_mixin.py:188} INFO - [2024-11-11T00:01:26.744+0000] {dag.py:3947} INFO - Setting next_dagrun for sensor_data to 2024-11-10 23:55:00+00:00, run_after=2024-11-11 00:00:00+00:00
[2024-11-11T00:01:26.764+0000] {processor.py:183} INFO - Processing /opt/airflow/dags/sensor_airflow.py took 0.212 seconds
[2024-11-11T00:01:57.159+0000] {processor.py:161} INFO - Started process (PID=7306) to work on /opt/airflow/dags/sensor_airflow.py
[2024-11-11T00:01:57.160+0000] {processor.py:830} INFO - Processing file /opt/airflow/dags/sensor_airflow.py for tasks to queue
[2024-11-11T00:01:57.162+0000] {logging_mixin.py:188} INFO - [2024-11-11T00:01:57.162+0000] {dagbag.py:545} INFO - Filling up the DagBag from /opt/airflow/dags/sensor_airflow.py
[2024-11-11T00:01:57.222+0000] {processor.py:840} INFO - DAG(s) 'sensor_data' retrieved from /opt/airflow/dags/sensor_airflow.py
[2024-11-11T00:01:57.249+0000] {logging_mixin.py:188} INFO - [2024-11-11T00:01:57.248+0000] {dag.py:3089} INFO - Sync 1 DAGs
[2024-11-11T00:01:57.275+0000] {logging_mixin.py:188} INFO - [2024-11-11T00:01:57.275+0000] {dag.py:3947} INFO - Setting next_dagrun for sensor_data to 2024-11-10 23:55:00+00:00, run_after=2024-11-11 00:00:00+00:00
[2024-11-11T00:01:57.294+0000] {processor.py:183} INFO - Processing /opt/airflow/dags/sensor_airflow.py took 0.142 seconds
[2024-11-11T00:02:27.738+0000] {processor.py:161} INFO - Started process (PID=7327) to work on /opt/airflow/dags/sensor_airflow.py
[2024-11-11T00:02:27.739+0000] {processor.py:830} INFO - Processing file /opt/airflow/dags/sensor_airflow.py for tasks to queue
[2024-11-11T00:02:27.741+0000] {logging_mixin.py:188} INFO - [2024-11-11T00:02:27.740+0000] {dagbag.py:545} INFO - Filling up the DagBag from /opt/airflow/dags/sensor_airflow.py
[2024-11-11T00:02:27.794+0000] {processor.py:840} INFO - DAG(s) 'sensor_data' retrieved from /opt/airflow/dags/sensor_airflow.py
[2024-11-11T00:02:27.821+0000] {logging_mixin.py:188} INFO - [2024-11-11T00:02:27.820+0000] {dag.py:3089} INFO - Sync 1 DAGs
[2024-11-11T00:02:27.843+0000] {logging_mixin.py:188} INFO - [2024-11-11T00:02:27.843+0000] {dag.py:3947} INFO - Setting next_dagrun for sensor_data to 2024-11-10 23:55:00+00:00, run_after=2024-11-11 00:00:00+00:00
[2024-11-11T00:02:27.861+0000] {processor.py:183} INFO - Processing /opt/airflow/dags/sensor_airflow.py took 0.129 seconds
[2024-11-11T00:02:58.295+0000] {processor.py:161} INFO - Started process (PID=7348) to work on /opt/airflow/dags/sensor_airflow.py
[2024-11-11T00:02:58.296+0000] {processor.py:830} INFO - Processing file /opt/airflow/dags/sensor_airflow.py for tasks to queue
[2024-11-11T00:02:58.298+0000] {logging_mixin.py:188} INFO - [2024-11-11T00:02:58.298+0000] {dagbag.py:545} INFO - Filling up the DagBag from /opt/airflow/dags/sensor_airflow.py
[2024-11-11T00:02:58.382+0000] {processor.py:840} INFO - DAG(s) 'sensor_data' retrieved from /opt/airflow/dags/sensor_airflow.py
[2024-11-11T00:02:58.423+0000] {logging_mixin.py:188} INFO - [2024-11-11T00:02:58.423+0000] {dag.py:3089} INFO - Sync 1 DAGs
[2024-11-11T00:02:58.448+0000] {logging_mixin.py:188} INFO - [2024-11-11T00:02:58.448+0000] {dag.py:3947} INFO - Setting next_dagrun for sensor_data to 2024-11-10 23:55:00+00:00, run_after=2024-11-11 00:00:00+00:00
[2024-11-11T00:02:58.472+0000] {processor.py:183} INFO - Processing /opt/airflow/dags/sensor_airflow.py took 0.184 seconds
[2024-11-11T00:03:28.862+0000] {processor.py:161} INFO - Started process (PID=7369) to work on /opt/airflow/dags/sensor_airflow.py
[2024-11-11T00:03:28.863+0000] {processor.py:830} INFO - Processing file /opt/airflow/dags/sensor_airflow.py for tasks to queue
[2024-11-11T00:03:28.864+0000] {logging_mixin.py:188} INFO - [2024-11-11T00:03:28.864+0000] {dagbag.py:545} INFO - Filling up the DagBag from /opt/airflow/dags/sensor_airflow.py
[2024-11-11T00:03:28.917+0000] {processor.py:840} INFO - DAG(s) 'sensor_data' retrieved from /opt/airflow/dags/sensor_airflow.py
[2024-11-11T00:03:28.952+0000] {logging_mixin.py:188} INFO - [2024-11-11T00:03:28.951+0000] {dag.py:3089} INFO - Sync 1 DAGs
[2024-11-11T00:03:28.976+0000] {logging_mixin.py:188} INFO - [2024-11-11T00:03:28.976+0000] {dag.py:3947} INFO - Setting next_dagrun for sensor_data to 2024-11-10 23:55:00+00:00, run_after=2024-11-11 00:00:00+00:00
[2024-11-11T00:03:28.997+0000] {processor.py:183} INFO - Processing /opt/airflow/dags/sensor_airflow.py took 0.140 seconds
[2024-11-11T00:03:59.350+0000] {processor.py:161} INFO - Started process (PID=7391) to work on /opt/airflow/dags/sensor_airflow.py
[2024-11-11T00:03:59.351+0000] {processor.py:830} INFO - Processing file /opt/airflow/dags/sensor_airflow.py for tasks to queue
[2024-11-11T00:03:59.353+0000] {logging_mixin.py:188} INFO - [2024-11-11T00:03:59.353+0000] {dagbag.py:545} INFO - Filling up the DagBag from /opt/airflow/dags/sensor_airflow.py
[2024-11-11T00:03:59.409+0000] {processor.py:840} INFO - DAG(s) 'sensor_data' retrieved from /opt/airflow/dags/sensor_airflow.py
[2024-11-11T00:03:59.436+0000] {logging_mixin.py:188} INFO - [2024-11-11T00:03:59.436+0000] {dag.py:3089} INFO - Sync 1 DAGs
[2024-11-11T00:03:59.462+0000] {logging_mixin.py:188} INFO - [2024-11-11T00:03:59.462+0000] {dag.py:3947} INFO - Setting next_dagrun for sensor_data to 2024-11-10 23:55:00+00:00, run_after=2024-11-11 00:00:00+00:00
[2024-11-11T00:03:59.486+0000] {processor.py:183} INFO - Processing /opt/airflow/dags/sensor_airflow.py took 0.141 seconds
[2024-11-11T00:04:29.865+0000] {processor.py:161} INFO - Started process (PID=7412) to work on /opt/airflow/dags/sensor_airflow.py
[2024-11-11T00:04:29.866+0000] {processor.py:830} INFO - Processing file /opt/airflow/dags/sensor_airflow.py for tasks to queue
[2024-11-11T00:04:29.867+0000] {logging_mixin.py:188} INFO - [2024-11-11T00:04:29.867+0000] {dagbag.py:545} INFO - Filling up the DagBag from /opt/airflow/dags/sensor_airflow.py
[2024-11-11T00:04:29.920+0000] {processor.py:840} INFO - DAG(s) 'sensor_data' retrieved from /opt/airflow/dags/sensor_airflow.py
[2024-11-11T00:04:29.946+0000] {logging_mixin.py:188} INFO - [2024-11-11T00:04:29.946+0000] {dag.py:3089} INFO - Sync 1 DAGs
[2024-11-11T00:04:29.968+0000] {logging_mixin.py:188} INFO - [2024-11-11T00:04:29.968+0000] {dag.py:3947} INFO - Setting next_dagrun for sensor_data to 2024-11-10 23:55:00+00:00, run_after=2024-11-11 00:00:00+00:00
[2024-11-11T00:04:29.987+0000] {processor.py:183} INFO - Processing /opt/airflow/dags/sensor_airflow.py took 0.128 seconds
[2024-11-11T00:05:00.662+0000] {processor.py:161} INFO - Started process (PID=7433) to work on /opt/airflow/dags/sensor_airflow.py
[2024-11-11T00:05:00.663+0000] {processor.py:830} INFO - Processing file /opt/airflow/dags/sensor_airflow.py for tasks to queue
[2024-11-11T00:05:00.674+0000] {logging_mixin.py:188} INFO - [2024-11-11T00:05:00.674+0000] {dagbag.py:545} INFO - Filling up the DagBag from /opt/airflow/dags/sensor_airflow.py
[2024-11-11T00:05:00.834+0000] {processor.py:840} INFO - DAG(s) 'sensor_data' retrieved from /opt/airflow/dags/sensor_airflow.py
[2024-11-11T00:05:00.865+0000] {logging_mixin.py:188} INFO - [2024-11-11T00:05:00.865+0000] {dag.py:3089} INFO - Sync 1 DAGs
[2024-11-11T00:05:00.896+0000] {logging_mixin.py:188} INFO - [2024-11-11T00:05:00.896+0000] {dag.py:3947} INFO - Setting next_dagrun for sensor_data to 2024-11-11 00:00:00+00:00, run_after=2024-11-11 00:05:00+00:00
[2024-11-11T00:05:00.926+0000] {processor.py:183} INFO - Processing /opt/airflow/dags/sensor_airflow.py took 0.271 seconds
[2024-11-11T00:05:31.401+0000] {processor.py:161} INFO - Started process (PID=7454) to work on /opt/airflow/dags/sensor_airflow.py
[2024-11-11T00:05:31.402+0000] {processor.py:830} INFO - Processing file /opt/airflow/dags/sensor_airflow.py for tasks to queue
[2024-11-11T00:05:31.404+0000] {logging_mixin.py:188} INFO - [2024-11-11T00:05:31.403+0000] {dagbag.py:545} INFO - Filling up the DagBag from /opt/airflow/dags/sensor_airflow.py
[2024-11-11T00:05:31.461+0000] {processor.py:840} INFO - DAG(s) 'sensor_data' retrieved from /opt/airflow/dags/sensor_airflow.py
[2024-11-11T00:05:31.485+0000] {logging_mixin.py:188} INFO - [2024-11-11T00:05:31.485+0000] {dag.py:3089} INFO - Sync 1 DAGs
[2024-11-11T00:05:31.507+0000] {logging_mixin.py:188} INFO - [2024-11-11T00:05:31.507+0000] {dag.py:3947} INFO - Setting next_dagrun for sensor_data to 2024-11-11 00:00:00+00:00, run_after=2024-11-11 00:05:00+00:00
[2024-11-11T00:05:31.526+0000] {processor.py:183} INFO - Processing /opt/airflow/dags/sensor_airflow.py took 0.131 seconds
[2024-11-11T00:06:01.884+0000] {processor.py:161} INFO - Started process (PID=7475) to work on /opt/airflow/dags/sensor_airflow.py
[2024-11-11T00:06:01.885+0000] {processor.py:830} INFO - Processing file /opt/airflow/dags/sensor_airflow.py for tasks to queue
[2024-11-11T00:06:01.886+0000] {logging_mixin.py:188} INFO - [2024-11-11T00:06:01.886+0000] {dagbag.py:545} INFO - Filling up the DagBag from /opt/airflow/dags/sensor_airflow.py
[2024-11-11T00:06:01.938+0000] {processor.py:840} INFO - DAG(s) 'sensor_data' retrieved from /opt/airflow/dags/sensor_airflow.py
[2024-11-11T00:06:01.961+0000] {logging_mixin.py:188} INFO - [2024-11-11T00:06:01.961+0000] {dag.py:3089} INFO - Sync 1 DAGs
[2024-11-11T00:06:01.983+0000] {logging_mixin.py:188} INFO - [2024-11-11T00:06:01.983+0000] {dag.py:3947} INFO - Setting next_dagrun for sensor_data to 2024-11-11 00:00:00+00:00, run_after=2024-11-11 00:05:00+00:00
[2024-11-11T00:06:02.015+0000] {processor.py:183} INFO - Processing /opt/airflow/dags/sensor_airflow.py took 0.137 seconds
[2024-11-11T00:06:32.490+0000] {processor.py:161} INFO - Started process (PID=7502) to work on /opt/airflow/dags/sensor_airflow.py
[2024-11-11T00:06:32.491+0000] {processor.py:830} INFO - Processing file /opt/airflow/dags/sensor_airflow.py for tasks to queue
[2024-11-11T00:06:32.494+0000] {logging_mixin.py:188} INFO - [2024-11-11T00:06:32.493+0000] {dagbag.py:545} INFO - Filling up the DagBag from /opt/airflow/dags/sensor_airflow.py
[2024-11-11T00:06:32.553+0000] {processor.py:840} INFO - DAG(s) 'sensor_data' retrieved from /opt/airflow/dags/sensor_airflow.py
[2024-11-11T00:06:32.581+0000] {logging_mixin.py:188} INFO - [2024-11-11T00:06:32.580+0000] {dag.py:3089} INFO - Sync 1 DAGs
[2024-11-11T00:06:32.604+0000] {logging_mixin.py:188} INFO - [2024-11-11T00:06:32.604+0000] {dag.py:3947} INFO - Setting next_dagrun for sensor_data to 2024-11-11 00:00:00+00:00, run_after=2024-11-11 00:05:00+00:00
[2024-11-11T00:06:32.632+0000] {processor.py:183} INFO - Processing /opt/airflow/dags/sensor_airflow.py took 0.148 seconds
[2024-11-11T00:07:03.009+0000] {processor.py:161} INFO - Started process (PID=7523) to work on /opt/airflow/dags/sensor_airflow.py
[2024-11-11T00:07:03.010+0000] {processor.py:830} INFO - Processing file /opt/airflow/dags/sensor_airflow.py for tasks to queue
[2024-11-11T00:07:03.012+0000] {logging_mixin.py:188} INFO - [2024-11-11T00:07:03.012+0000] {dagbag.py:545} INFO - Filling up the DagBag from /opt/airflow/dags/sensor_airflow.py
[2024-11-11T00:07:03.073+0000] {processor.py:840} INFO - DAG(s) 'sensor_data' retrieved from /opt/airflow/dags/sensor_airflow.py
[2024-11-11T00:07:03.103+0000] {logging_mixin.py:188} INFO - [2024-11-11T00:07:03.103+0000] {dag.py:3089} INFO - Sync 1 DAGs
[2024-11-11T00:07:03.127+0000] {logging_mixin.py:188} INFO - [2024-11-11T00:07:03.127+0000] {dag.py:3947} INFO - Setting next_dagrun for sensor_data to 2024-11-11 00:00:00+00:00, run_after=2024-11-11 00:05:00+00:00
[2024-11-11T00:07:03.146+0000] {processor.py:183} INFO - Processing /opt/airflow/dags/sensor_airflow.py took 0.144 seconds
[2024-11-11T00:07:33.502+0000] {processor.py:161} INFO - Started process (PID=7544) to work on /opt/airflow/dags/sensor_airflow.py
[2024-11-11T00:07:33.503+0000] {processor.py:830} INFO - Processing file /opt/airflow/dags/sensor_airflow.py for tasks to queue
[2024-11-11T00:07:33.505+0000] {logging_mixin.py:188} INFO - [2024-11-11T00:07:33.505+0000] {dagbag.py:545} INFO - Filling up the DagBag from /opt/airflow/dags/sensor_airflow.py
[2024-11-11T00:07:33.561+0000] {processor.py:840} INFO - DAG(s) 'sensor_data' retrieved from /opt/airflow/dags/sensor_airflow.py
[2024-11-11T00:07:33.586+0000] {logging_mixin.py:188} INFO - [2024-11-11T00:07:33.585+0000] {dag.py:3089} INFO - Sync 1 DAGs
[2024-11-11T00:07:33.607+0000] {logging_mixin.py:188} INFO - [2024-11-11T00:07:33.607+0000] {dag.py:3947} INFO - Setting next_dagrun for sensor_data to 2024-11-11 00:00:00+00:00, run_after=2024-11-11 00:05:00+00:00
[2024-11-11T00:07:33.624+0000] {processor.py:183} INFO - Processing /opt/airflow/dags/sensor_airflow.py took 0.127 seconds
[2024-11-11T00:08:03.995+0000] {processor.py:161} INFO - Started process (PID=7565) to work on /opt/airflow/dags/sensor_airflow.py
[2024-11-11T00:08:03.996+0000] {processor.py:830} INFO - Processing file /opt/airflow/dags/sensor_airflow.py for tasks to queue
[2024-11-11T00:08:03.999+0000] {logging_mixin.py:188} INFO - [2024-11-11T00:08:03.998+0000] {dagbag.py:545} INFO - Filling up the DagBag from /opt/airflow/dags/sensor_airflow.py
[2024-11-11T00:08:04.062+0000] {processor.py:840} INFO - DAG(s) 'sensor_data' retrieved from /opt/airflow/dags/sensor_airflow.py
[2024-11-11T00:08:04.090+0000] {logging_mixin.py:188} INFO - [2024-11-11T00:08:04.089+0000] {dag.py:3089} INFO - Sync 1 DAGs
[2024-11-11T00:08:04.113+0000] {logging_mixin.py:188} INFO - [2024-11-11T00:08:04.113+0000] {dag.py:3947} INFO - Setting next_dagrun for sensor_data to 2024-11-11 00:00:00+00:00, run_after=2024-11-11 00:05:00+00:00
[2024-11-11T00:08:04.134+0000] {processor.py:183} INFO - Processing /opt/airflow/dags/sensor_airflow.py took 0.144 seconds
[2024-11-11T00:08:34.557+0000] {processor.py:161} INFO - Started process (PID=7586) to work on /opt/airflow/dags/sensor_airflow.py
[2024-11-11T00:08:34.558+0000] {processor.py:830} INFO - Processing file /opt/airflow/dags/sensor_airflow.py for tasks to queue
[2024-11-11T00:08:34.560+0000] {logging_mixin.py:188} INFO - [2024-11-11T00:08:34.560+0000] {dagbag.py:545} INFO - Filling up the DagBag from /opt/airflow/dags/sensor_airflow.py
[2024-11-11T00:08:34.611+0000] {processor.py:840} INFO - DAG(s) 'sensor_data' retrieved from /opt/airflow/dags/sensor_airflow.py
[2024-11-11T00:08:34.641+0000] {logging_mixin.py:188} INFO - [2024-11-11T00:08:34.641+0000] {dag.py:3089} INFO - Sync 1 DAGs
[2024-11-11T00:08:34.663+0000] {logging_mixin.py:188} INFO - [2024-11-11T00:08:34.662+0000] {dag.py:3947} INFO - Setting next_dagrun for sensor_data to 2024-11-11 00:00:00+00:00, run_after=2024-11-11 00:05:00+00:00
[2024-11-11T00:08:34.683+0000] {processor.py:183} INFO - Processing /opt/airflow/dags/sensor_airflow.py took 0.132 seconds
[2024-11-11T00:09:04.927+0000] {processor.py:161} INFO - Started process (PID=7607) to work on /opt/airflow/dags/sensor_airflow.py
[2024-11-11T00:09:04.928+0000] {processor.py:830} INFO - Processing file /opt/airflow/dags/sensor_airflow.py for tasks to queue
[2024-11-11T00:09:04.929+0000] {logging_mixin.py:188} INFO - [2024-11-11T00:09:04.929+0000] {dagbag.py:545} INFO - Filling up the DagBag from /opt/airflow/dags/sensor_airflow.py
[2024-11-11T00:09:04.982+0000] {processor.py:840} INFO - DAG(s) 'sensor_data' retrieved from /opt/airflow/dags/sensor_airflow.py
[2024-11-11T00:09:05.040+0000] {logging_mixin.py:188} INFO - [2024-11-11T00:09:05.040+0000] {dag.py:3089} INFO - Sync 1 DAGs
[2024-11-11T00:09:05.065+0000] {logging_mixin.py:188} INFO - [2024-11-11T00:09:05.065+0000] {dag.py:3947} INFO - Setting next_dagrun for sensor_data to 2024-11-11 00:00:00+00:00, run_after=2024-11-11 00:05:00+00:00
[2024-11-11T00:09:05.085+0000] {processor.py:183} INFO - Processing /opt/airflow/dags/sensor_airflow.py took 0.164 seconds
[2024-11-11T00:09:35.490+0000] {processor.py:161} INFO - Started process (PID=7628) to work on /opt/airflow/dags/sensor_airflow.py
[2024-11-11T00:09:35.491+0000] {processor.py:830} INFO - Processing file /opt/airflow/dags/sensor_airflow.py for tasks to queue
[2024-11-11T00:09:35.493+0000] {logging_mixin.py:188} INFO - [2024-11-11T00:09:35.493+0000] {dagbag.py:545} INFO - Filling up the DagBag from /opt/airflow/dags/sensor_airflow.py
[2024-11-11T00:09:35.545+0000] {processor.py:840} INFO - DAG(s) 'sensor_data' retrieved from /opt/airflow/dags/sensor_airflow.py
[2024-11-11T00:09:35.573+0000] {logging_mixin.py:188} INFO - [2024-11-11T00:09:35.572+0000] {dag.py:3089} INFO - Sync 1 DAGs
[2024-11-11T00:09:35.599+0000] {logging_mixin.py:188} INFO - [2024-11-11T00:09:35.599+0000] {dag.py:3947} INFO - Setting next_dagrun for sensor_data to 2024-11-11 00:00:00+00:00, run_after=2024-11-11 00:05:00+00:00
[2024-11-11T00:09:35.627+0000] {processor.py:183} INFO - Processing /opt/airflow/dags/sensor_airflow.py took 0.142 seconds
[2024-11-11T00:10:05.999+0000] {processor.py:161} INFO - Started process (PID=7650) to work on /opt/airflow/dags/sensor_airflow.py
[2024-11-11T00:10:06.000+0000] {processor.py:830} INFO - Processing file /opt/airflow/dags/sensor_airflow.py for tasks to queue
[2024-11-11T00:10:06.002+0000] {logging_mixin.py:188} INFO - [2024-11-11T00:10:06.002+0000] {dagbag.py:545} INFO - Filling up the DagBag from /opt/airflow/dags/sensor_airflow.py
[2024-11-11T00:10:06.055+0000] {processor.py:840} INFO - DAG(s) 'sensor_data' retrieved from /opt/airflow/dags/sensor_airflow.py
[2024-11-11T00:10:06.082+0000] {logging_mixin.py:188} INFO - [2024-11-11T00:10:06.082+0000] {dag.py:3089} INFO - Sync 1 DAGs
[2024-11-11T00:10:06.105+0000] {logging_mixin.py:188} INFO - [2024-11-11T00:10:06.104+0000] {dag.py:3947} INFO - Setting next_dagrun for sensor_data to 2024-11-11 00:05:00+00:00, run_after=2024-11-11 00:10:00+00:00
[2024-11-11T00:10:06.124+0000] {processor.py:183} INFO - Processing /opt/airflow/dags/sensor_airflow.py took 0.131 seconds
[2024-11-11T00:10:36.506+0000] {processor.py:161} INFO - Started process (PID=7671) to work on /opt/airflow/dags/sensor_airflow.py
[2024-11-11T00:10:36.507+0000] {processor.py:830} INFO - Processing file /opt/airflow/dags/sensor_airflow.py for tasks to queue
[2024-11-11T00:10:36.510+0000] {logging_mixin.py:188} INFO - [2024-11-11T00:10:36.509+0000] {dagbag.py:545} INFO - Filling up the DagBag from /opt/airflow/dags/sensor_airflow.py
[2024-11-11T00:10:36.577+0000] {processor.py:840} INFO - DAG(s) 'sensor_data' retrieved from /opt/airflow/dags/sensor_airflow.py
[2024-11-11T00:10:36.612+0000] {logging_mixin.py:188} INFO - [2024-11-11T00:10:36.612+0000] {dag.py:3089} INFO - Sync 1 DAGs
[2024-11-11T00:10:36.687+0000] {logging_mixin.py:188} INFO - [2024-11-11T00:10:36.687+0000] {dag.py:3947} INFO - Setting next_dagrun for sensor_data to 2024-11-11 00:05:00+00:00, run_after=2024-11-11 00:10:00+00:00
[2024-11-11T00:10:36.710+0000] {processor.py:183} INFO - Processing /opt/airflow/dags/sensor_airflow.py took 0.211 seconds
[2024-11-11T00:11:07.289+0000] {processor.py:161} INFO - Started process (PID=7692) to work on /opt/airflow/dags/sensor_airflow.py
[2024-11-11T00:11:07.290+0000] {processor.py:830} INFO - Processing file /opt/airflow/dags/sensor_airflow.py for tasks to queue
[2024-11-11T00:11:07.292+0000] {logging_mixin.py:188} INFO - [2024-11-11T00:11:07.292+0000] {dagbag.py:545} INFO - Filling up the DagBag from /opt/airflow/dags/sensor_airflow.py
[2024-11-11T00:11:07.359+0000] {processor.py:840} INFO - DAG(s) 'sensor_data' retrieved from /opt/airflow/dags/sensor_airflow.py
[2024-11-11T00:11:07.385+0000] {logging_mixin.py:188} INFO - [2024-11-11T00:11:07.385+0000] {dag.py:3089} INFO - Sync 1 DAGs
[2024-11-11T00:11:07.406+0000] {logging_mixin.py:188} INFO - [2024-11-11T00:11:07.406+0000] {dag.py:3947} INFO - Setting next_dagrun for sensor_data to 2024-11-11 00:05:00+00:00, run_after=2024-11-11 00:10:00+00:00
[2024-11-11T00:11:07.427+0000] {processor.py:183} INFO - Processing /opt/airflow/dags/sensor_airflow.py took 0.145 seconds
[2024-11-11T00:11:37.985+0000] {processor.py:161} INFO - Started process (PID=7713) to work on /opt/airflow/dags/sensor_airflow.py
[2024-11-11T00:11:37.986+0000] {processor.py:830} INFO - Processing file /opt/airflow/dags/sensor_airflow.py for tasks to queue
[2024-11-11T00:11:37.988+0000] {logging_mixin.py:188} INFO - [2024-11-11T00:11:37.988+0000] {dagbag.py:545} INFO - Filling up the DagBag from /opt/airflow/dags/sensor_airflow.py
[2024-11-11T00:11:38.049+0000] {processor.py:840} INFO - DAG(s) 'sensor_data' retrieved from /opt/airflow/dags/sensor_airflow.py
[2024-11-11T00:11:38.078+0000] {logging_mixin.py:188} INFO - [2024-11-11T00:11:38.077+0000] {dag.py:3089} INFO - Sync 1 DAGs
[2024-11-11T00:11:38.108+0000] {logging_mixin.py:188} INFO - [2024-11-11T00:11:38.108+0000] {dag.py:3947} INFO - Setting next_dagrun for sensor_data to 2024-11-11 00:05:00+00:00, run_after=2024-11-11 00:10:00+00:00
[2024-11-11T00:11:38.134+0000] {processor.py:183} INFO - Processing /opt/airflow/dags/sensor_airflow.py took 0.156 seconds
[2024-11-11T00:12:08.554+0000] {processor.py:161} INFO - Started process (PID=7734) to work on /opt/airflow/dags/sensor_airflow.py
[2024-11-11T00:12:08.555+0000] {processor.py:830} INFO - Processing file /opt/airflow/dags/sensor_airflow.py for tasks to queue
[2024-11-11T00:12:08.557+0000] {logging_mixin.py:188} INFO - [2024-11-11T00:12:08.556+0000] {dagbag.py:545} INFO - Filling up the DagBag from /opt/airflow/dags/sensor_airflow.py
[2024-11-11T00:12:08.616+0000] {processor.py:840} INFO - DAG(s) 'sensor_data' retrieved from /opt/airflow/dags/sensor_airflow.py
[2024-11-11T00:12:08.647+0000] {logging_mixin.py:188} INFO - [2024-11-11T00:12:08.647+0000] {dag.py:3089} INFO - Sync 1 DAGs
[2024-11-11T00:12:08.669+0000] {logging_mixin.py:188} INFO - [2024-11-11T00:12:08.669+0000] {dag.py:3947} INFO - Setting next_dagrun for sensor_data to 2024-11-11 00:05:00+00:00, run_after=2024-11-11 00:10:00+00:00
[2024-11-11T00:12:08.691+0000] {processor.py:183} INFO - Processing /opt/airflow/dags/sensor_airflow.py took 0.145 seconds
[2024-11-11T00:12:39.180+0000] {processor.py:161} INFO - Started process (PID=7755) to work on /opt/airflow/dags/sensor_airflow.py
[2024-11-11T00:12:39.230+0000] {processor.py:830} INFO - Processing file /opt/airflow/dags/sensor_airflow.py for tasks to queue
[2024-11-11T00:12:39.232+0000] {logging_mixin.py:188} INFO - [2024-11-11T00:12:39.232+0000] {dagbag.py:545} INFO - Filling up the DagBag from /opt/airflow/dags/sensor_airflow.py
[2024-11-11T00:12:39.301+0000] {processor.py:840} INFO - DAG(s) 'sensor_data' retrieved from /opt/airflow/dags/sensor_airflow.py
[2024-11-11T00:12:39.326+0000] {logging_mixin.py:188} INFO - [2024-11-11T00:12:39.326+0000] {dag.py:3089} INFO - Sync 1 DAGs
[2024-11-11T00:12:39.347+0000] {logging_mixin.py:188} INFO - [2024-11-11T00:12:39.347+0000] {dag.py:3947} INFO - Setting next_dagrun for sensor_data to 2024-11-11 00:05:00+00:00, run_after=2024-11-11 00:10:00+00:00
[2024-11-11T00:12:39.365+0000] {processor.py:183} INFO - Processing /opt/airflow/dags/sensor_airflow.py took 0.194 seconds
[2024-11-11T00:13:09.740+0000] {processor.py:161} INFO - Started process (PID=7776) to work on /opt/airflow/dags/sensor_airflow.py
[2024-11-11T00:13:09.741+0000] {processor.py:830} INFO - Processing file /opt/airflow/dags/sensor_airflow.py for tasks to queue
[2024-11-11T00:13:09.743+0000] {logging_mixin.py:188} INFO - [2024-11-11T00:13:09.743+0000] {dagbag.py:545} INFO - Filling up the DagBag from /opt/airflow/dags/sensor_airflow.py
[2024-11-11T00:13:09.808+0000] {processor.py:840} INFO - DAG(s) 'sensor_data' retrieved from /opt/airflow/dags/sensor_airflow.py
[2024-11-11T00:13:09.833+0000] {logging_mixin.py:188} INFO - [2024-11-11T00:13:09.832+0000] {dag.py:3089} INFO - Sync 1 DAGs
[2024-11-11T00:13:09.854+0000] {logging_mixin.py:188} INFO - [2024-11-11T00:13:09.854+0000] {dag.py:3947} INFO - Setting next_dagrun for sensor_data to 2024-11-11 00:05:00+00:00, run_after=2024-11-11 00:10:00+00:00
[2024-11-11T00:13:09.872+0000] {processor.py:183} INFO - Processing /opt/airflow/dags/sensor_airflow.py took 0.138 seconds
[2024-11-11T00:13:40.265+0000] {processor.py:161} INFO - Started process (PID=7797) to work on /opt/airflow/dags/sensor_airflow.py
[2024-11-11T00:13:40.266+0000] {processor.py:830} INFO - Processing file /opt/airflow/dags/sensor_airflow.py for tasks to queue
[2024-11-11T00:13:40.267+0000] {logging_mixin.py:188} INFO - [2024-11-11T00:13:40.267+0000] {dagbag.py:545} INFO - Filling up the DagBag from /opt/airflow/dags/sensor_airflow.py
[2024-11-11T00:13:40.320+0000] {processor.py:840} INFO - DAG(s) 'sensor_data' retrieved from /opt/airflow/dags/sensor_airflow.py
[2024-11-11T00:13:40.344+0000] {logging_mixin.py:188} INFO - [2024-11-11T00:13:40.344+0000] {dag.py:3089} INFO - Sync 1 DAGs
[2024-11-11T00:13:40.370+0000] {logging_mixin.py:188} INFO - [2024-11-11T00:13:40.369+0000] {dag.py:3947} INFO - Setting next_dagrun for sensor_data to 2024-11-11 00:05:00+00:00, run_after=2024-11-11 00:10:00+00:00
[2024-11-11T00:13:40.386+0000] {processor.py:183} INFO - Processing /opt/airflow/dags/sensor_airflow.py took 0.127 seconds
[2024-11-11T00:14:10.782+0000] {processor.py:161} INFO - Started process (PID=7818) to work on /opt/airflow/dags/sensor_airflow.py
[2024-11-11T00:14:10.783+0000] {processor.py:830} INFO - Processing file /opt/airflow/dags/sensor_airflow.py for tasks to queue
[2024-11-11T00:14:10.785+0000] {logging_mixin.py:188} INFO - [2024-11-11T00:14:10.784+0000] {dagbag.py:545} INFO - Filling up the DagBag from /opt/airflow/dags/sensor_airflow.py
[2024-11-11T00:14:10.840+0000] {processor.py:840} INFO - DAG(s) 'sensor_data' retrieved from /opt/airflow/dags/sensor_airflow.py
[2024-11-11T00:14:10.866+0000] {logging_mixin.py:188} INFO - [2024-11-11T00:14:10.865+0000] {dag.py:3089} INFO - Sync 1 DAGs
[2024-11-11T00:14:10.894+0000] {logging_mixin.py:188} INFO - [2024-11-11T00:14:10.894+0000] {dag.py:3947} INFO - Setting next_dagrun for sensor_data to 2024-11-11 00:05:00+00:00, run_after=2024-11-11 00:10:00+00:00
[2024-11-11T00:14:10.915+0000] {processor.py:183} INFO - Processing /opt/airflow/dags/sensor_airflow.py took 0.138 seconds
[2024-11-11T00:14:41.275+0000] {processor.py:161} INFO - Started process (PID=7839) to work on /opt/airflow/dags/sensor_airflow.py
[2024-11-11T00:14:41.276+0000] {processor.py:830} INFO - Processing file /opt/airflow/dags/sensor_airflow.py for tasks to queue
[2024-11-11T00:14:41.278+0000] {logging_mixin.py:188} INFO - [2024-11-11T00:14:41.277+0000] {dagbag.py:545} INFO - Filling up the DagBag from /opt/airflow/dags/sensor_airflow.py
[2024-11-11T00:14:41.335+0000] {processor.py:840} INFO - DAG(s) 'sensor_data' retrieved from /opt/airflow/dags/sensor_airflow.py
[2024-11-11T00:14:41.359+0000] {logging_mixin.py:188} INFO - [2024-11-11T00:14:41.359+0000] {dag.py:3089} INFO - Sync 1 DAGs
[2024-11-11T00:14:41.379+0000] {logging_mixin.py:188} INFO - [2024-11-11T00:14:41.379+0000] {dag.py:3947} INFO - Setting next_dagrun for sensor_data to 2024-11-11 00:05:00+00:00, run_after=2024-11-11 00:10:00+00:00
[2024-11-11T00:14:41.396+0000] {processor.py:183} INFO - Processing /opt/airflow/dags/sensor_airflow.py took 0.126 seconds
[2024-11-11T00:15:11.776+0000] {processor.py:161} INFO - Started process (PID=7860) to work on /opt/airflow/dags/sensor_airflow.py
[2024-11-11T00:15:11.777+0000] {processor.py:830} INFO - Processing file /opt/airflow/dags/sensor_airflow.py for tasks to queue
[2024-11-11T00:15:11.779+0000] {logging_mixin.py:188} INFO - [2024-11-11T00:15:11.778+0000] {dagbag.py:545} INFO - Filling up the DagBag from /opt/airflow/dags/sensor_airflow.py
[2024-11-11T00:15:11.838+0000] {processor.py:840} INFO - DAG(s) 'sensor_data' retrieved from /opt/airflow/dags/sensor_airflow.py
[2024-11-11T00:15:11.863+0000] {logging_mixin.py:188} INFO - [2024-11-11T00:15:11.863+0000] {dag.py:3089} INFO - Sync 1 DAGs
[2024-11-11T00:15:11.883+0000] {logging_mixin.py:188} INFO - [2024-11-11T00:15:11.882+0000] {dag.py:3947} INFO - Setting next_dagrun for sensor_data to 2024-11-11 00:10:00+00:00, run_after=2024-11-11 00:15:00+00:00
[2024-11-11T00:15:11.903+0000] {processor.py:183} INFO - Processing /opt/airflow/dags/sensor_airflow.py took 0.132 seconds
[2024-11-11T00:15:42.355+0000] {processor.py:161} INFO - Started process (PID=7881) to work on /opt/airflow/dags/sensor_airflow.py
[2024-11-11T00:15:42.356+0000] {processor.py:830} INFO - Processing file /opt/airflow/dags/sensor_airflow.py for tasks to queue
[2024-11-11T00:15:42.357+0000] {logging_mixin.py:188} INFO - [2024-11-11T00:15:42.357+0000] {dagbag.py:545} INFO - Filling up the DagBag from /opt/airflow/dags/sensor_airflow.py
[2024-11-11T00:15:42.412+0000] {processor.py:840} INFO - DAG(s) 'sensor_data' retrieved from /opt/airflow/dags/sensor_airflow.py
[2024-11-11T00:15:42.436+0000] {logging_mixin.py:188} INFO - [2024-11-11T00:15:42.436+0000] {dag.py:3089} INFO - Sync 1 DAGs
[2024-11-11T00:15:42.460+0000] {logging_mixin.py:188} INFO - [2024-11-11T00:15:42.460+0000] {dag.py:3947} INFO - Setting next_dagrun for sensor_data to 2024-11-11 00:10:00+00:00, run_after=2024-11-11 00:15:00+00:00
[2024-11-11T00:15:42.482+0000] {processor.py:183} INFO - Processing /opt/airflow/dags/sensor_airflow.py took 0.133 seconds
[2024-11-11T00:16:12.927+0000] {processor.py:161} INFO - Started process (PID=7902) to work on /opt/airflow/dags/sensor_airflow.py
[2024-11-11T00:16:12.928+0000] {processor.py:830} INFO - Processing file /opt/airflow/dags/sensor_airflow.py for tasks to queue
[2024-11-11T00:16:12.930+0000] {logging_mixin.py:188} INFO - [2024-11-11T00:16:12.930+0000] {dagbag.py:545} INFO - Filling up the DagBag from /opt/airflow/dags/sensor_airflow.py
[2024-11-11T00:16:12.988+0000] {processor.py:840} INFO - DAG(s) 'sensor_data' retrieved from /opt/airflow/dags/sensor_airflow.py
[2024-11-11T00:16:13.013+0000] {logging_mixin.py:188} INFO - [2024-11-11T00:16:13.013+0000] {dag.py:3089} INFO - Sync 1 DAGs
[2024-11-11T00:16:13.034+0000] {logging_mixin.py:188} INFO - [2024-11-11T00:16:13.033+0000] {dag.py:3947} INFO - Setting next_dagrun for sensor_data to 2024-11-11 00:10:00+00:00, run_after=2024-11-11 00:15:00+00:00
[2024-11-11T00:16:13.058+0000] {processor.py:183} INFO - Processing /opt/airflow/dags/sensor_airflow.py took 0.138 seconds
[2024-11-11T00:16:43.423+0000] {processor.py:161} INFO - Started process (PID=7923) to work on /opt/airflow/dags/sensor_airflow.py
[2024-11-11T00:16:43.424+0000] {processor.py:830} INFO - Processing file /opt/airflow/dags/sensor_airflow.py for tasks to queue
[2024-11-11T00:16:43.426+0000] {logging_mixin.py:188} INFO - [2024-11-11T00:16:43.425+0000] {dagbag.py:545} INFO - Filling up the DagBag from /opt/airflow/dags/sensor_airflow.py
[2024-11-11T00:16:43.487+0000] {processor.py:840} INFO - DAG(s) 'sensor_data' retrieved from /opt/airflow/dags/sensor_airflow.py
[2024-11-11T00:16:43.517+0000] {logging_mixin.py:188} INFO - [2024-11-11T00:16:43.517+0000] {dag.py:3089} INFO - Sync 1 DAGs
[2024-11-11T00:16:43.545+0000] {logging_mixin.py:188} INFO - [2024-11-11T00:16:43.545+0000] {dag.py:3947} INFO - Setting next_dagrun for sensor_data to 2024-11-11 00:10:00+00:00, run_after=2024-11-11 00:15:00+00:00
[2024-11-11T00:16:43.567+0000] {processor.py:183} INFO - Processing /opt/airflow/dags/sensor_airflow.py took 0.150 seconds
[2024-11-11T00:17:14.121+0000] {processor.py:161} INFO - Started process (PID=7944) to work on /opt/airflow/dags/sensor_airflow.py
[2024-11-11T00:17:14.122+0000] {processor.py:830} INFO - Processing file /opt/airflow/dags/sensor_airflow.py for tasks to queue
[2024-11-11T00:17:14.124+0000] {logging_mixin.py:188} INFO - [2024-11-11T00:17:14.124+0000] {dagbag.py:545} INFO - Filling up the DagBag from /opt/airflow/dags/sensor_airflow.py
[2024-11-11T00:17:14.185+0000] {processor.py:840} INFO - DAG(s) 'sensor_data' retrieved from /opt/airflow/dags/sensor_airflow.py
[2024-11-11T00:17:14.216+0000] {logging_mixin.py:188} INFO - [2024-11-11T00:17:14.216+0000] {dag.py:3089} INFO - Sync 1 DAGs
[2024-11-11T00:17:14.247+0000] {logging_mixin.py:188} INFO - [2024-11-11T00:17:14.247+0000] {dag.py:3947} INFO - Setting next_dagrun for sensor_data to 2024-11-11 00:10:00+00:00, run_after=2024-11-11 00:15:00+00:00
[2024-11-11T00:17:14.269+0000] {processor.py:183} INFO - Processing /opt/airflow/dags/sensor_airflow.py took 0.157 seconds
[2024-11-11T00:17:44.669+0000] {processor.py:161} INFO - Started process (PID=7965) to work on /opt/airflow/dags/sensor_airflow.py
[2024-11-11T00:17:44.670+0000] {processor.py:830} INFO - Processing file /opt/airflow/dags/sensor_airflow.py for tasks to queue
[2024-11-11T00:17:44.673+0000] {logging_mixin.py:188} INFO - [2024-11-11T00:17:44.673+0000] {dagbag.py:545} INFO - Filling up the DagBag from /opt/airflow/dags/sensor_airflow.py
[2024-11-11T00:17:44.729+0000] {processor.py:840} INFO - DAG(s) 'sensor_data' retrieved from /opt/airflow/dags/sensor_airflow.py
[2024-11-11T00:17:44.755+0000] {logging_mixin.py:188} INFO - [2024-11-11T00:17:44.755+0000] {dag.py:3089} INFO - Sync 1 DAGs
[2024-11-11T00:17:44.778+0000] {logging_mixin.py:188} INFO - [2024-11-11T00:17:44.778+0000] {dag.py:3947} INFO - Setting next_dagrun for sensor_data to 2024-11-11 00:10:00+00:00, run_after=2024-11-11 00:15:00+00:00
[2024-11-11T00:17:44.804+0000] {processor.py:183} INFO - Processing /opt/airflow/dags/sensor_airflow.py took 0.141 seconds
[2024-11-11T00:18:15.227+0000] {processor.py:161} INFO - Started process (PID=7987) to work on /opt/airflow/dags/sensor_airflow.py
[2024-11-11T00:18:15.228+0000] {processor.py:830} INFO - Processing file /opt/airflow/dags/sensor_airflow.py for tasks to queue
[2024-11-11T00:18:15.230+0000] {logging_mixin.py:188} INFO - [2024-11-11T00:18:15.229+0000] {dagbag.py:545} INFO - Filling up the DagBag from /opt/airflow/dags/sensor_airflow.py
[2024-11-11T00:18:15.282+0000] {processor.py:840} INFO - DAG(s) 'sensor_data' retrieved from /opt/airflow/dags/sensor_airflow.py
[2024-11-11T00:18:15.308+0000] {logging_mixin.py:188} INFO - [2024-11-11T00:18:15.308+0000] {dag.py:3089} INFO - Sync 1 DAGs
[2024-11-11T00:18:15.329+0000] {logging_mixin.py:188} INFO - [2024-11-11T00:18:15.329+0000] {dag.py:3947} INFO - Setting next_dagrun for sensor_data to 2024-11-11 00:10:00+00:00, run_after=2024-11-11 00:15:00+00:00
[2024-11-11T00:18:15.347+0000] {processor.py:183} INFO - Processing /opt/airflow/dags/sensor_airflow.py took 0.126 seconds
[2024-11-11T00:18:45.746+0000] {processor.py:161} INFO - Started process (PID=8008) to work on /opt/airflow/dags/sensor_airflow.py
[2024-11-11T00:18:45.747+0000] {processor.py:830} INFO - Processing file /opt/airflow/dags/sensor_airflow.py for tasks to queue
[2024-11-11T00:18:45.749+0000] {logging_mixin.py:188} INFO - [2024-11-11T00:18:45.749+0000] {dagbag.py:545} INFO - Filling up the DagBag from /opt/airflow/dags/sensor_airflow.py
[2024-11-11T00:18:45.803+0000] {processor.py:840} INFO - DAG(s) 'sensor_data' retrieved from /opt/airflow/dags/sensor_airflow.py
[2024-11-11T00:18:45.828+0000] {logging_mixin.py:188} INFO - [2024-11-11T00:18:45.828+0000] {dag.py:3089} INFO - Sync 1 DAGs
[2024-11-11T00:18:45.849+0000] {logging_mixin.py:188} INFO - [2024-11-11T00:18:45.849+0000] {dag.py:3947} INFO - Setting next_dagrun for sensor_data to 2024-11-11 00:10:00+00:00, run_after=2024-11-11 00:15:00+00:00
[2024-11-11T00:18:45.866+0000] {processor.py:183} INFO - Processing /opt/airflow/dags/sensor_airflow.py took 0.127 seconds
[2024-11-11T00:19:16.234+0000] {processor.py:161} INFO - Started process (PID=8030) to work on /opt/airflow/dags/sensor_airflow.py
[2024-11-11T00:19:16.234+0000] {processor.py:830} INFO - Processing file /opt/airflow/dags/sensor_airflow.py for tasks to queue
[2024-11-11T00:19:16.236+0000] {logging_mixin.py:188} INFO - [2024-11-11T00:19:16.236+0000] {dagbag.py:545} INFO - Filling up the DagBag from /opt/airflow/dags/sensor_airflow.py
[2024-11-11T00:19:16.296+0000] {processor.py:840} INFO - DAG(s) 'sensor_data' retrieved from /opt/airflow/dags/sensor_airflow.py
[2024-11-11T00:19:16.325+0000] {logging_mixin.py:188} INFO - [2024-11-11T00:19:16.325+0000] {dag.py:3089} INFO - Sync 1 DAGs
[2024-11-11T00:19:16.348+0000] {logging_mixin.py:188} INFO - [2024-11-11T00:19:16.347+0000] {dag.py:3947} INFO - Setting next_dagrun for sensor_data to 2024-11-11 00:10:00+00:00, run_after=2024-11-11 00:15:00+00:00
[2024-11-11T00:19:16.368+0000] {processor.py:183} INFO - Processing /opt/airflow/dags/sensor_airflow.py took 0.140 seconds
[2024-11-11T00:19:46.791+0000] {processor.py:161} INFO - Started process (PID=8051) to work on /opt/airflow/dags/sensor_airflow.py
[2024-11-11T00:19:46.792+0000] {processor.py:830} INFO - Processing file /opt/airflow/dags/sensor_airflow.py for tasks to queue
[2024-11-11T00:19:46.794+0000] {logging_mixin.py:188} INFO - [2024-11-11T00:19:46.793+0000] {dagbag.py:545} INFO - Filling up the DagBag from /opt/airflow/dags/sensor_airflow.py
[2024-11-11T00:19:46.852+0000] {processor.py:840} INFO - DAG(s) 'sensor_data' retrieved from /opt/airflow/dags/sensor_airflow.py
[2024-11-11T00:19:46.885+0000] {logging_mixin.py:188} INFO - [2024-11-11T00:19:46.885+0000] {dag.py:3089} INFO - Sync 1 DAGs
[2024-11-11T00:19:46.908+0000] {logging_mixin.py:188} INFO - [2024-11-11T00:19:46.908+0000] {dag.py:3947} INFO - Setting next_dagrun for sensor_data to 2024-11-11 00:10:00+00:00, run_after=2024-11-11 00:15:00+00:00
[2024-11-11T00:19:46.928+0000] {processor.py:183} INFO - Processing /opt/airflow/dags/sensor_airflow.py took 0.143 seconds
[2024-11-11T00:20:17.303+0000] {processor.py:161} INFO - Started process (PID=8072) to work on /opt/airflow/dags/sensor_airflow.py
[2024-11-11T00:20:17.304+0000] {processor.py:830} INFO - Processing file /opt/airflow/dags/sensor_airflow.py for tasks to queue
[2024-11-11T00:20:17.306+0000] {logging_mixin.py:188} INFO - [2024-11-11T00:20:17.306+0000] {dagbag.py:545} INFO - Filling up the DagBag from /opt/airflow/dags/sensor_airflow.py
[2024-11-11T00:20:17.359+0000] {processor.py:840} INFO - DAG(s) 'sensor_data' retrieved from /opt/airflow/dags/sensor_airflow.py
[2024-11-11T00:20:17.388+0000] {logging_mixin.py:188} INFO - [2024-11-11T00:20:17.387+0000] {dag.py:3089} INFO - Sync 1 DAGs
[2024-11-11T00:20:17.411+0000] {logging_mixin.py:188} INFO - [2024-11-11T00:20:17.410+0000] {dag.py:3947} INFO - Setting next_dagrun for sensor_data to 2024-11-11 00:15:00+00:00, run_after=2024-11-11 00:20:00+00:00
[2024-11-11T00:20:17.430+0000] {processor.py:183} INFO - Processing /opt/airflow/dags/sensor_airflow.py took 0.132 seconds
[2024-11-11T00:20:47.788+0000] {processor.py:161} INFO - Started process (PID=8093) to work on /opt/airflow/dags/sensor_airflow.py
[2024-11-11T00:20:47.789+0000] {processor.py:830} INFO - Processing file /opt/airflow/dags/sensor_airflow.py for tasks to queue
[2024-11-11T00:20:47.790+0000] {logging_mixin.py:188} INFO - [2024-11-11T00:20:47.790+0000] {dagbag.py:545} INFO - Filling up the DagBag from /opt/airflow/dags/sensor_airflow.py
[2024-11-11T00:20:47.846+0000] {processor.py:840} INFO - DAG(s) 'sensor_data' retrieved from /opt/airflow/dags/sensor_airflow.py
[2024-11-11T00:20:47.873+0000] {logging_mixin.py:188} INFO - [2024-11-11T00:20:47.873+0000] {dag.py:3089} INFO - Sync 1 DAGs
[2024-11-11T00:20:47.897+0000] {logging_mixin.py:188} INFO - [2024-11-11T00:20:47.897+0000] {dag.py:3947} INFO - Setting next_dagrun for sensor_data to 2024-11-11 00:15:00+00:00, run_after=2024-11-11 00:20:00+00:00
[2024-11-11T00:20:47.916+0000] {processor.py:183} INFO - Processing /opt/airflow/dags/sensor_airflow.py took 0.134 seconds
[2024-11-11T00:21:18.403+0000] {processor.py:161} INFO - Started process (PID=8114) to work on /opt/airflow/dags/sensor_airflow.py
[2024-11-11T00:21:18.405+0000] {processor.py:830} INFO - Processing file /opt/airflow/dags/sensor_airflow.py for tasks to queue
[2024-11-11T00:21:18.407+0000] {logging_mixin.py:188} INFO - [2024-11-11T00:21:18.407+0000] {dagbag.py:545} INFO - Filling up the DagBag from /opt/airflow/dags/sensor_airflow.py
[2024-11-11T00:21:18.561+0000] {processor.py:840} INFO - DAG(s) 'sensor_data' retrieved from /opt/airflow/dags/sensor_airflow.py
[2024-11-11T00:21:18.599+0000] {logging_mixin.py:188} INFO - [2024-11-11T00:21:18.599+0000] {dag.py:3089} INFO - Sync 1 DAGs
[2024-11-11T00:21:18.635+0000] {logging_mixin.py:188} INFO - [2024-11-11T00:21:18.635+0000] {dag.py:3947} INFO - Setting next_dagrun for sensor_data to 2024-11-11 00:15:00+00:00, run_after=2024-11-11 00:20:00+00:00
[2024-11-11T00:21:18.664+0000] {processor.py:183} INFO - Processing /opt/airflow/dags/sensor_airflow.py took 0.261 seconds
[2024-11-11T00:21:49.044+0000] {processor.py:161} INFO - Started process (PID=8135) to work on /opt/airflow/dags/sensor_airflow.py
[2024-11-11T00:21:49.045+0000] {processor.py:830} INFO - Processing file /opt/airflow/dags/sensor_airflow.py for tasks to queue
[2024-11-11T00:21:49.047+0000] {logging_mixin.py:188} INFO - [2024-11-11T00:21:49.046+0000] {dagbag.py:545} INFO - Filling up the DagBag from /opt/airflow/dags/sensor_airflow.py
[2024-11-11T00:21:49.101+0000] {processor.py:840} INFO - DAG(s) 'sensor_data' retrieved from /opt/airflow/dags/sensor_airflow.py
[2024-11-11T00:21:49.126+0000] {logging_mixin.py:188} INFO - [2024-11-11T00:21:49.125+0000] {dag.py:3089} INFO - Sync 1 DAGs
[2024-11-11T00:21:49.146+0000] {logging_mixin.py:188} INFO - [2024-11-11T00:21:49.146+0000] {dag.py:3947} INFO - Setting next_dagrun for sensor_data to 2024-11-11 00:15:00+00:00, run_after=2024-11-11 00:20:00+00:00
[2024-11-11T00:21:49.165+0000] {processor.py:183} INFO - Processing /opt/airflow/dags/sensor_airflow.py took 0.126 seconds
[2024-11-11T00:22:19.567+0000] {processor.py:161} INFO - Started process (PID=8156) to work on /opt/airflow/dags/sensor_airflow.py
[2024-11-11T00:22:19.568+0000] {processor.py:830} INFO - Processing file /opt/airflow/dags/sensor_airflow.py for tasks to queue
[2024-11-11T00:22:19.570+0000] {logging_mixin.py:188} INFO - [2024-11-11T00:22:19.570+0000] {dagbag.py:545} INFO - Filling up the DagBag from /opt/airflow/dags/sensor_airflow.py
[2024-11-11T00:22:19.628+0000] {processor.py:840} INFO - DAG(s) 'sensor_data' retrieved from /opt/airflow/dags/sensor_airflow.py
[2024-11-11T00:22:19.657+0000] {logging_mixin.py:188} INFO - [2024-11-11T00:22:19.657+0000] {dag.py:3089} INFO - Sync 1 DAGs
[2024-11-11T00:22:19.680+0000] {logging_mixin.py:188} INFO - [2024-11-11T00:22:19.680+0000] {dag.py:3947} INFO - Setting next_dagrun for sensor_data to 2024-11-11 00:15:00+00:00, run_after=2024-11-11 00:20:00+00:00
[2024-11-11T00:22:19.698+0000] {processor.py:183} INFO - Processing /opt/airflow/dags/sensor_airflow.py took 0.137 seconds
[2024-11-11T00:22:50.067+0000] {processor.py:161} INFO - Started process (PID=8177) to work on /opt/airflow/dags/sensor_airflow.py
[2024-11-11T00:22:50.068+0000] {processor.py:830} INFO - Processing file /opt/airflow/dags/sensor_airflow.py for tasks to queue
[2024-11-11T00:22:50.070+0000] {logging_mixin.py:188} INFO - [2024-11-11T00:22:50.070+0000] {dagbag.py:545} INFO - Filling up the DagBag from /opt/airflow/dags/sensor_airflow.py
[2024-11-11T00:22:50.126+0000] {processor.py:840} INFO - DAG(s) 'sensor_data' retrieved from /opt/airflow/dags/sensor_airflow.py
[2024-11-11T00:22:50.152+0000] {logging_mixin.py:188} INFO - [2024-11-11T00:22:50.152+0000] {dag.py:3089} INFO - Sync 1 DAGs
[2024-11-11T00:22:50.175+0000] {logging_mixin.py:188} INFO - [2024-11-11T00:22:50.174+0000] {dag.py:3947} INFO - Setting next_dagrun for sensor_data to 2024-11-11 00:15:00+00:00, run_after=2024-11-11 00:20:00+00:00
[2024-11-11T00:22:50.196+0000] {processor.py:183} INFO - Processing /opt/airflow/dags/sensor_airflow.py took 0.134 seconds
[2024-11-11T00:23:20.581+0000] {processor.py:161} INFO - Started process (PID=8198) to work on /opt/airflow/dags/sensor_airflow.py
[2024-11-11T00:23:20.582+0000] {processor.py:830} INFO - Processing file /opt/airflow/dags/sensor_airflow.py for tasks to queue
[2024-11-11T00:23:20.584+0000] {logging_mixin.py:188} INFO - [2024-11-11T00:23:20.583+0000] {dagbag.py:545} INFO - Filling up the DagBag from /opt/airflow/dags/sensor_airflow.py
[2024-11-11T00:23:20.640+0000] {processor.py:840} INFO - DAG(s) 'sensor_data' retrieved from /opt/airflow/dags/sensor_airflow.py
[2024-11-11T00:23:20.665+0000] {logging_mixin.py:188} INFO - [2024-11-11T00:23:20.665+0000] {dag.py:3089} INFO - Sync 1 DAGs
[2024-11-11T00:23:20.687+0000] {logging_mixin.py:188} INFO - [2024-11-11T00:23:20.687+0000] {dag.py:3947} INFO - Setting next_dagrun for sensor_data to 2024-11-11 00:15:00+00:00, run_after=2024-11-11 00:20:00+00:00
[2024-11-11T00:23:20.710+0000] {processor.py:183} INFO - Processing /opt/airflow/dags/sensor_airflow.py took 0.136 seconds
[2024-11-11T00:23:50.845+0000] {processor.py:161} INFO - Started process (PID=8214) to work on /opt/airflow/dags/sensor_airflow.py
[2024-11-11T00:23:50.846+0000] {processor.py:830} INFO - Processing file /opt/airflow/dags/sensor_airflow.py for tasks to queue
[2024-11-11T00:23:50.848+0000] {logging_mixin.py:188} INFO - [2024-11-11T00:23:50.848+0000] {dagbag.py:545} INFO - Filling up the DagBag from /opt/airflow/dags/sensor_airflow.py
[2024-11-11T00:23:50.912+0000] {processor.py:840} INFO - DAG(s) 'sensor_data' retrieved from /opt/airflow/dags/sensor_airflow.py
[2024-11-11T00:23:50.941+0000] {logging_mixin.py:188} INFO - [2024-11-11T00:23:50.941+0000] {dag.py:3089} INFO - Sync 1 DAGs
[2024-11-11T00:23:50.962+0000] {logging_mixin.py:188} INFO - [2024-11-11T00:23:50.962+0000] {dag.py:3947} INFO - Setting next_dagrun for sensor_data to 2024-11-11 00:15:00+00:00, run_after=2024-11-11 00:20:00+00:00
[2024-11-11T00:23:50.981+0000] {processor.py:183} INFO - Processing /opt/airflow/dags/sensor_airflow.py took 0.141 seconds
[2024-11-11T00:24:21.202+0000] {processor.py:161} INFO - Started process (PID=8235) to work on /opt/airflow/dags/sensor_airflow.py
[2024-11-11T00:24:21.203+0000] {processor.py:830} INFO - Processing file /opt/airflow/dags/sensor_airflow.py for tasks to queue
[2024-11-11T00:24:21.205+0000] {logging_mixin.py:188} INFO - [2024-11-11T00:24:21.205+0000] {dagbag.py:545} INFO - Filling up the DagBag from /opt/airflow/dags/sensor_airflow.py
[2024-11-11T00:24:21.272+0000] {processor.py:840} INFO - DAG(s) 'sensor_data' retrieved from /opt/airflow/dags/sensor_airflow.py
[2024-11-11T00:24:21.301+0000] {logging_mixin.py:188} INFO - [2024-11-11T00:24:21.301+0000] {dag.py:3089} INFO - Sync 1 DAGs
[2024-11-11T00:24:21.323+0000] {logging_mixin.py:188} INFO - [2024-11-11T00:24:21.323+0000] {dag.py:3947} INFO - Setting next_dagrun for sensor_data to 2024-11-11 00:15:00+00:00, run_after=2024-11-11 00:20:00+00:00
[2024-11-11T00:24:21.343+0000] {processor.py:183} INFO - Processing /opt/airflow/dags/sensor_airflow.py took 0.148 seconds
[2024-11-11T00:24:51.571+0000] {processor.py:161} INFO - Started process (PID=8256) to work on /opt/airflow/dags/sensor_airflow.py
[2024-11-11T00:24:51.573+0000] {processor.py:830} INFO - Processing file /opt/airflow/dags/sensor_airflow.py for tasks to queue
[2024-11-11T00:24:51.574+0000] {logging_mixin.py:188} INFO - [2024-11-11T00:24:51.574+0000] {dagbag.py:545} INFO - Filling up the DagBag from /opt/airflow/dags/sensor_airflow.py
[2024-11-11T00:24:51.639+0000] {processor.py:840} INFO - DAG(s) 'sensor_data' retrieved from /opt/airflow/dags/sensor_airflow.py
[2024-11-11T00:24:51.672+0000] {logging_mixin.py:188} INFO - [2024-11-11T00:24:51.672+0000] {dag.py:3089} INFO - Sync 1 DAGs
[2024-11-11T00:24:51.694+0000] {logging_mixin.py:188} INFO - [2024-11-11T00:24:51.694+0000] {dag.py:3947} INFO - Setting next_dagrun for sensor_data to 2024-11-11 00:15:00+00:00, run_after=2024-11-11 00:20:00+00:00
[2024-11-11T00:24:51.713+0000] {processor.py:183} INFO - Processing /opt/airflow/dags/sensor_airflow.py took 0.148 seconds
[2024-11-11T00:25:21.972+0000] {processor.py:161} INFO - Started process (PID=8277) to work on /opt/airflow/dags/sensor_airflow.py
[2024-11-11T00:25:21.973+0000] {processor.py:830} INFO - Processing file /opt/airflow/dags/sensor_airflow.py for tasks to queue
[2024-11-11T00:25:21.975+0000] {logging_mixin.py:188} INFO - [2024-11-11T00:25:21.974+0000] {dagbag.py:545} INFO - Filling up the DagBag from /opt/airflow/dags/sensor_airflow.py
[2024-11-11T00:25:22.037+0000] {processor.py:840} INFO - DAG(s) 'sensor_data' retrieved from /opt/airflow/dags/sensor_airflow.py
[2024-11-11T00:25:22.062+0000] {logging_mixin.py:188} INFO - [2024-11-11T00:25:22.061+0000] {dag.py:3089} INFO - Sync 1 DAGs
[2024-11-11T00:25:22.089+0000] {logging_mixin.py:188} INFO - [2024-11-11T00:25:22.089+0000] {dag.py:3947} INFO - Setting next_dagrun for sensor_data to 2024-11-11 00:20:00+00:00, run_after=2024-11-11 00:25:00+00:00
[2024-11-11T00:25:22.111+0000] {processor.py:183} INFO - Processing /opt/airflow/dags/sensor_airflow.py took 0.144 seconds
[2024-11-11T00:25:52.353+0000] {processor.py:161} INFO - Started process (PID=8298) to work on /opt/airflow/dags/sensor_airflow.py
[2024-11-11T00:25:52.354+0000] {processor.py:830} INFO - Processing file /opt/airflow/dags/sensor_airflow.py for tasks to queue
[2024-11-11T00:25:52.356+0000] {logging_mixin.py:188} INFO - [2024-11-11T00:25:52.355+0000] {dagbag.py:545} INFO - Filling up the DagBag from /opt/airflow/dags/sensor_airflow.py
[2024-11-11T00:25:52.410+0000] {processor.py:840} INFO - DAG(s) 'sensor_data' retrieved from /opt/airflow/dags/sensor_airflow.py
[2024-11-11T00:25:52.436+0000] {logging_mixin.py:188} INFO - [2024-11-11T00:25:52.436+0000] {dag.py:3089} INFO - Sync 1 DAGs
[2024-11-11T00:25:52.459+0000] {logging_mixin.py:188} INFO - [2024-11-11T00:25:52.459+0000] {dag.py:3947} INFO - Setting next_dagrun for sensor_data to 2024-11-11 00:20:00+00:00, run_after=2024-11-11 00:25:00+00:00
[2024-11-11T00:25:52.476+0000] {processor.py:183} INFO - Processing /opt/airflow/dags/sensor_airflow.py took 0.129 seconds
[2024-11-11T00:26:22.764+0000] {processor.py:161} INFO - Started process (PID=8319) to work on /opt/airflow/dags/sensor_airflow.py
[2024-11-11T00:26:22.765+0000] {processor.py:830} INFO - Processing file /opt/airflow/dags/sensor_airflow.py for tasks to queue
[2024-11-11T00:26:22.767+0000] {logging_mixin.py:188} INFO - [2024-11-11T00:26:22.767+0000] {dagbag.py:545} INFO - Filling up the DagBag from /opt/airflow/dags/sensor_airflow.py
[2024-11-11T00:26:22.825+0000] {processor.py:840} INFO - DAG(s) 'sensor_data' retrieved from /opt/airflow/dags/sensor_airflow.py
[2024-11-11T00:26:22.850+0000] {logging_mixin.py:188} INFO - [2024-11-11T00:26:22.850+0000] {dag.py:3089} INFO - Sync 1 DAGs
[2024-11-11T00:26:22.875+0000] {logging_mixin.py:188} INFO - [2024-11-11T00:26:22.874+0000] {dag.py:3947} INFO - Setting next_dagrun for sensor_data to 2024-11-11 00:20:00+00:00, run_after=2024-11-11 00:25:00+00:00
[2024-11-11T00:26:22.891+0000] {processor.py:183} INFO - Processing /opt/airflow/dags/sensor_airflow.py took 0.134 seconds
[2024-11-11T00:26:53.138+0000] {processor.py:161} INFO - Started process (PID=8340) to work on /opt/airflow/dags/sensor_airflow.py
[2024-11-11T00:26:53.139+0000] {processor.py:830} INFO - Processing file /opt/airflow/dags/sensor_airflow.py for tasks to queue
[2024-11-11T00:26:53.141+0000] {logging_mixin.py:188} INFO - [2024-11-11T00:26:53.141+0000] {dagbag.py:545} INFO - Filling up the DagBag from /opt/airflow/dags/sensor_airflow.py
[2024-11-11T00:26:53.210+0000] {processor.py:840} INFO - DAG(s) 'sensor_data' retrieved from /opt/airflow/dags/sensor_airflow.py
[2024-11-11T00:26:53.240+0000] {logging_mixin.py:188} INFO - [2024-11-11T00:26:53.239+0000] {dag.py:3089} INFO - Sync 1 DAGs
[2024-11-11T00:26:53.265+0000] {logging_mixin.py:188} INFO - [2024-11-11T00:26:53.265+0000] {dag.py:3947} INFO - Setting next_dagrun for sensor_data to 2024-11-11 00:20:00+00:00, run_after=2024-11-11 00:25:00+00:00
[2024-11-11T00:26:53.286+0000] {processor.py:183} INFO - Processing /opt/airflow/dags/sensor_airflow.py took 0.154 seconds
[2024-11-11T00:27:23.511+0000] {processor.py:161} INFO - Started process (PID=8361) to work on /opt/airflow/dags/sensor_airflow.py
[2024-11-11T00:27:23.512+0000] {processor.py:830} INFO - Processing file /opt/airflow/dags/sensor_airflow.py for tasks to queue
[2024-11-11T00:27:23.514+0000] {logging_mixin.py:188} INFO - [2024-11-11T00:27:23.513+0000] {dagbag.py:545} INFO - Filling up the DagBag from /opt/airflow/dags/sensor_airflow.py
[2024-11-11T00:27:23.567+0000] {processor.py:840} INFO - DAG(s) 'sensor_data' retrieved from /opt/airflow/dags/sensor_airflow.py
[2024-11-11T00:27:23.594+0000] {logging_mixin.py:188} INFO - [2024-11-11T00:27:23.593+0000] {dag.py:3089} INFO - Sync 1 DAGs
[2024-11-11T00:27:23.615+0000] {logging_mixin.py:188} INFO - [2024-11-11T00:27:23.615+0000] {dag.py:3947} INFO - Setting next_dagrun for sensor_data to 2024-11-11 00:20:00+00:00, run_after=2024-11-11 00:25:00+00:00
[2024-11-11T00:27:23.634+0000] {processor.py:183} INFO - Processing /opt/airflow/dags/sensor_airflow.py took 0.132 seconds
[2024-11-11T00:27:53.896+0000] {processor.py:161} INFO - Started process (PID=8382) to work on /opt/airflow/dags/sensor_airflow.py
[2024-11-11T00:27:53.898+0000] {processor.py:830} INFO - Processing file /opt/airflow/dags/sensor_airflow.py for tasks to queue
[2024-11-11T00:27:53.901+0000] {logging_mixin.py:188} INFO - [2024-11-11T00:27:53.900+0000] {dagbag.py:545} INFO - Filling up the DagBag from /opt/airflow/dags/sensor_airflow.py
[2024-11-11T00:27:53.976+0000] {processor.py:840} INFO - DAG(s) 'sensor_data' retrieved from /opt/airflow/dags/sensor_airflow.py
[2024-11-11T00:27:54.021+0000] {logging_mixin.py:188} INFO - [2024-11-11T00:27:54.020+0000] {dag.py:3089} INFO - Sync 1 DAGs
[2024-11-11T00:27:54.053+0000] {logging_mixin.py:188} INFO - [2024-11-11T00:27:54.053+0000] {dag.py:3947} INFO - Setting next_dagrun for sensor_data to 2024-11-11 00:20:00+00:00, run_after=2024-11-11 00:25:00+00:00
[2024-11-11T00:27:54.074+0000] {processor.py:183} INFO - Processing /opt/airflow/dags/sensor_airflow.py took 0.186 seconds
[2024-11-11T00:28:24.307+0000] {processor.py:161} INFO - Started process (PID=8403) to work on /opt/airflow/dags/sensor_airflow.py
[2024-11-11T00:28:24.308+0000] {processor.py:830} INFO - Processing file /opt/airflow/dags/sensor_airflow.py for tasks to queue
[2024-11-11T00:28:24.310+0000] {logging_mixin.py:188} INFO - [2024-11-11T00:28:24.310+0000] {dagbag.py:545} INFO - Filling up the DagBag from /opt/airflow/dags/sensor_airflow.py
[2024-11-11T00:28:24.381+0000] {processor.py:840} INFO - DAG(s) 'sensor_data' retrieved from /opt/airflow/dags/sensor_airflow.py
[2024-11-11T00:28:24.408+0000] {logging_mixin.py:188} INFO - [2024-11-11T00:28:24.407+0000] {dag.py:3089} INFO - Sync 1 DAGs
[2024-11-11T00:28:24.428+0000] {logging_mixin.py:188} INFO - [2024-11-11T00:28:24.428+0000] {dag.py:3947} INFO - Setting next_dagrun for sensor_data to 2024-11-11 00:20:00+00:00, run_after=2024-11-11 00:25:00+00:00
[2024-11-11T00:28:24.448+0000] {processor.py:183} INFO - Processing /opt/airflow/dags/sensor_airflow.py took 0.147 seconds
[2024-11-11T00:28:54.689+0000] {processor.py:161} INFO - Started process (PID=8424) to work on /opt/airflow/dags/sensor_airflow.py
[2024-11-11T00:28:54.690+0000] {processor.py:830} INFO - Processing file /opt/airflow/dags/sensor_airflow.py for tasks to queue
[2024-11-11T00:28:54.692+0000] {logging_mixin.py:188} INFO - [2024-11-11T00:28:54.692+0000] {dagbag.py:545} INFO - Filling up the DagBag from /opt/airflow/dags/sensor_airflow.py
[2024-11-11T00:28:54.759+0000] {processor.py:840} INFO - DAG(s) 'sensor_data' retrieved from /opt/airflow/dags/sensor_airflow.py
[2024-11-11T00:28:54.789+0000] {logging_mixin.py:188} INFO - [2024-11-11T00:28:54.789+0000] {dag.py:3089} INFO - Sync 1 DAGs
[2024-11-11T00:28:54.816+0000] {logging_mixin.py:188} INFO - [2024-11-11T00:28:54.816+0000] {dag.py:3947} INFO - Setting next_dagrun for sensor_data to 2024-11-11 00:20:00+00:00, run_after=2024-11-11 00:25:00+00:00
[2024-11-11T00:28:54.838+0000] {processor.py:183} INFO - Processing /opt/airflow/dags/sensor_airflow.py took 0.155 seconds
[2024-11-11T00:29:25.078+0000] {processor.py:161} INFO - Started process (PID=8445) to work on /opt/airflow/dags/sensor_airflow.py
[2024-11-11T00:29:25.079+0000] {processor.py:830} INFO - Processing file /opt/airflow/dags/sensor_airflow.py for tasks to queue
[2024-11-11T00:29:25.082+0000] {logging_mixin.py:188} INFO - [2024-11-11T00:29:25.081+0000] {dagbag.py:545} INFO - Filling up the DagBag from /opt/airflow/dags/sensor_airflow.py
[2024-11-11T00:29:25.145+0000] {processor.py:840} INFO - DAG(s) 'sensor_data' retrieved from /opt/airflow/dags/sensor_airflow.py
[2024-11-11T00:29:25.172+0000] {logging_mixin.py:188} INFO - [2024-11-11T00:29:25.172+0000] {dag.py:3089} INFO - Sync 1 DAGs
[2024-11-11T00:29:25.194+0000] {logging_mixin.py:188} INFO - [2024-11-11T00:29:25.194+0000] {dag.py:3947} INFO - Setting next_dagrun for sensor_data to 2024-11-11 00:20:00+00:00, run_after=2024-11-11 00:25:00+00:00
[2024-11-11T00:29:25.211+0000] {processor.py:183} INFO - Processing /opt/airflow/dags/sensor_airflow.py took 0.142 seconds
[2024-11-11T00:29:55.454+0000] {processor.py:161} INFO - Started process (PID=8466) to work on /opt/airflow/dags/sensor_airflow.py
[2024-11-11T00:29:55.455+0000] {processor.py:830} INFO - Processing file /opt/airflow/dags/sensor_airflow.py for tasks to queue
[2024-11-11T00:29:55.457+0000] {logging_mixin.py:188} INFO - [2024-11-11T00:29:55.456+0000] {dagbag.py:545} INFO - Filling up the DagBag from /opt/airflow/dags/sensor_airflow.py
[2024-11-11T00:29:55.509+0000] {processor.py:840} INFO - DAG(s) 'sensor_data' retrieved from /opt/airflow/dags/sensor_airflow.py
[2024-11-11T00:29:55.535+0000] {logging_mixin.py:188} INFO - [2024-11-11T00:29:55.535+0000] {dag.py:3089} INFO - Sync 1 DAGs
[2024-11-11T00:29:55.556+0000] {logging_mixin.py:188} INFO - [2024-11-11T00:29:55.556+0000] {dag.py:3947} INFO - Setting next_dagrun for sensor_data to 2024-11-11 00:20:00+00:00, run_after=2024-11-11 00:25:00+00:00
[2024-11-11T00:29:55.575+0000] {processor.py:183} INFO - Processing /opt/airflow/dags/sensor_airflow.py took 0.127 seconds
[2024-11-11T00:30:25.840+0000] {processor.py:161} INFO - Started process (PID=8487) to work on /opt/airflow/dags/sensor_airflow.py
[2024-11-11T00:30:25.841+0000] {processor.py:830} INFO - Processing file /opt/airflow/dags/sensor_airflow.py for tasks to queue
[2024-11-11T00:30:25.844+0000] {logging_mixin.py:188} INFO - [2024-11-11T00:30:25.843+0000] {dagbag.py:545} INFO - Filling up the DagBag from /opt/airflow/dags/sensor_airflow.py
[2024-11-11T00:30:25.908+0000] {processor.py:840} INFO - DAG(s) 'sensor_data' retrieved from /opt/airflow/dags/sensor_airflow.py
[2024-11-11T00:30:25.944+0000] {logging_mixin.py:188} INFO - [2024-11-11T00:30:25.944+0000] {dag.py:3089} INFO - Sync 1 DAGs
[2024-11-11T00:30:25.975+0000] {logging_mixin.py:188} INFO - [2024-11-11T00:30:25.975+0000] {dag.py:3947} INFO - Setting next_dagrun for sensor_data to 2024-11-11 00:25:00+00:00, run_after=2024-11-11 00:30:00+00:00
[2024-11-11T00:30:25.995+0000] {processor.py:183} INFO - Processing /opt/airflow/dags/sensor_airflow.py took 0.163 seconds
[2024-11-11T00:30:56.232+0000] {processor.py:161} INFO - Started process (PID=8508) to work on /opt/airflow/dags/sensor_airflow.py
[2024-11-11T00:30:56.233+0000] {processor.py:830} INFO - Processing file /opt/airflow/dags/sensor_airflow.py for tasks to queue
[2024-11-11T00:30:56.235+0000] {logging_mixin.py:188} INFO - [2024-11-11T00:30:56.234+0000] {dagbag.py:545} INFO - Filling up the DagBag from /opt/airflow/dags/sensor_airflow.py
[2024-11-11T00:30:56.286+0000] {processor.py:840} INFO - DAG(s) 'sensor_data' retrieved from /opt/airflow/dags/sensor_airflow.py
[2024-11-11T00:30:56.312+0000] {logging_mixin.py:188} INFO - [2024-11-11T00:30:56.311+0000] {dag.py:3089} INFO - Sync 1 DAGs
[2024-11-11T00:30:56.333+0000] {logging_mixin.py:188} INFO - [2024-11-11T00:30:56.333+0000] {dag.py:3947} INFO - Setting next_dagrun for sensor_data to 2024-11-11 00:25:00+00:00, run_after=2024-11-11 00:30:00+00:00
[2024-11-11T00:30:56.350+0000] {processor.py:183} INFO - Processing /opt/airflow/dags/sensor_airflow.py took 0.123 seconds
[2024-11-11T00:31:26.730+0000] {processor.py:161} INFO - Started process (PID=8529) to work on /opt/airflow/dags/sensor_airflow.py
[2024-11-11T00:31:26.735+0000] {processor.py:830} INFO - Processing file /opt/airflow/dags/sensor_airflow.py for tasks to queue
[2024-11-11T00:31:26.737+0000] {logging_mixin.py:188} INFO - [2024-11-11T00:31:26.737+0000] {dagbag.py:545} INFO - Filling up the DagBag from /opt/airflow/dags/sensor_airflow.py
[2024-11-11T00:31:26.930+0000] {processor.py:840} INFO - DAG(s) 'sensor_data' retrieved from /opt/airflow/dags/sensor_airflow.py
[2024-11-11T00:31:26.975+0000] {logging_mixin.py:188} INFO - [2024-11-11T00:31:26.974+0000] {dag.py:3089} INFO - Sync 1 DAGs
[2024-11-11T00:31:27.007+0000] {logging_mixin.py:188} INFO - [2024-11-11T00:31:27.006+0000] {dag.py:3947} INFO - Setting next_dagrun for sensor_data to 2024-11-11 00:25:00+00:00, run_after=2024-11-11 00:30:00+00:00
[2024-11-11T00:31:27.033+0000] {processor.py:183} INFO - Processing /opt/airflow/dags/sensor_airflow.py took 0.330 seconds
[2024-11-11T00:31:57.296+0000] {processor.py:161} INFO - Started process (PID=8550) to work on /opt/airflow/dags/sensor_airflow.py
[2024-11-11T00:31:57.297+0000] {processor.py:830} INFO - Processing file /opt/airflow/dags/sensor_airflow.py for tasks to queue
[2024-11-11T00:31:57.299+0000] {logging_mixin.py:188} INFO - [2024-11-11T00:31:57.299+0000] {dagbag.py:545} INFO - Filling up the DagBag from /opt/airflow/dags/sensor_airflow.py
[2024-11-11T00:31:57.363+0000] {processor.py:840} INFO - DAG(s) 'sensor_data' retrieved from /opt/airflow/dags/sensor_airflow.py
[2024-11-11T00:31:57.394+0000] {logging_mixin.py:188} INFO - [2024-11-11T00:31:57.394+0000] {dag.py:3089} INFO - Sync 1 DAGs
[2024-11-11T00:31:57.419+0000] {logging_mixin.py:188} INFO - [2024-11-11T00:31:57.419+0000] {dag.py:3947} INFO - Setting next_dagrun for sensor_data to 2024-11-11 00:25:00+00:00, run_after=2024-11-11 00:30:00+00:00
[2024-11-11T00:31:57.439+0000] {processor.py:183} INFO - Processing /opt/airflow/dags/sensor_airflow.py took 0.149 seconds
[2024-11-11T00:32:27.756+0000] {processor.py:161} INFO - Started process (PID=8572) to work on /opt/airflow/dags/sensor_airflow.py
[2024-11-11T00:32:27.757+0000] {processor.py:830} INFO - Processing file /opt/airflow/dags/sensor_airflow.py for tasks to queue
[2024-11-11T00:32:27.777+0000] {logging_mixin.py:188} INFO - [2024-11-11T00:32:27.771+0000] {dagbag.py:545} INFO - Filling up the DagBag from /opt/airflow/dags/sensor_airflow.py
[2024-11-11T00:32:27.933+0000] {processor.py:840} INFO - DAG(s) 'sensor_data' retrieved from /opt/airflow/dags/sensor_airflow.py
[2024-11-11T00:32:28.001+0000] {logging_mixin.py:188} INFO - [2024-11-11T00:32:28.000+0000] {dag.py:3089} INFO - Sync 1 DAGs
[2024-11-11T00:32:28.044+0000] {logging_mixin.py:188} INFO - [2024-11-11T00:32:28.044+0000] {dag.py:3947} INFO - Setting next_dagrun for sensor_data to 2024-11-11 00:25:00+00:00, run_after=2024-11-11 00:30:00+00:00
[2024-11-11T00:32:28.087+0000] {processor.py:183} INFO - Processing /opt/airflow/dags/sensor_airflow.py took 0.339 seconds
[2024-11-11T00:32:58.331+0000] {processor.py:161} INFO - Started process (PID=8593) to work on /opt/airflow/dags/sensor_airflow.py
[2024-11-11T00:32:58.332+0000] {processor.py:830} INFO - Processing file /opt/airflow/dags/sensor_airflow.py for tasks to queue
[2024-11-11T00:32:58.334+0000] {logging_mixin.py:188} INFO - [2024-11-11T00:32:58.334+0000] {dagbag.py:545} INFO - Filling up the DagBag from /opt/airflow/dags/sensor_airflow.py
[2024-11-11T00:32:58.386+0000] {processor.py:840} INFO - DAG(s) 'sensor_data' retrieved from /opt/airflow/dags/sensor_airflow.py
[2024-11-11T00:32:58.413+0000] {logging_mixin.py:188} INFO - [2024-11-11T00:32:58.413+0000] {dag.py:3089} INFO - Sync 1 DAGs
[2024-11-11T00:32:58.438+0000] {logging_mixin.py:188} INFO - [2024-11-11T00:32:58.438+0000] {dag.py:3947} INFO - Setting next_dagrun for sensor_data to 2024-11-11 00:25:00+00:00, run_after=2024-11-11 00:30:00+00:00
[2024-11-11T00:32:58.456+0000] {processor.py:183} INFO - Processing /opt/airflow/dags/sensor_airflow.py took 0.130 seconds
[2024-11-11T00:33:28.688+0000] {processor.py:161} INFO - Started process (PID=8614) to work on /opt/airflow/dags/sensor_airflow.py
[2024-11-11T00:33:28.689+0000] {processor.py:830} INFO - Processing file /opt/airflow/dags/sensor_airflow.py for tasks to queue
[2024-11-11T00:33:28.691+0000] {logging_mixin.py:188} INFO - [2024-11-11T00:33:28.690+0000] {dagbag.py:545} INFO - Filling up the DagBag from /opt/airflow/dags/sensor_airflow.py
[2024-11-11T00:33:28.745+0000] {processor.py:840} INFO - DAG(s) 'sensor_data' retrieved from /opt/airflow/dags/sensor_airflow.py
[2024-11-11T00:33:28.775+0000] {logging_mixin.py:188} INFO - [2024-11-11T00:33:28.775+0000] {dag.py:3089} INFO - Sync 1 DAGs
[2024-11-11T00:33:28.796+0000] {logging_mixin.py:188} INFO - [2024-11-11T00:33:28.796+0000] {dag.py:3947} INFO - Setting next_dagrun for sensor_data to 2024-11-11 00:25:00+00:00, run_after=2024-11-11 00:30:00+00:00
[2024-11-11T00:33:28.814+0000] {processor.py:183} INFO - Processing /opt/airflow/dags/sensor_airflow.py took 0.131 seconds
[2024-11-11T00:33:59.036+0000] {processor.py:161} INFO - Started process (PID=8635) to work on /opt/airflow/dags/sensor_airflow.py
[2024-11-11T00:33:59.038+0000] {processor.py:830} INFO - Processing file /opt/airflow/dags/sensor_airflow.py for tasks to queue
[2024-11-11T00:33:59.039+0000] {logging_mixin.py:188} INFO - [2024-11-11T00:33:59.039+0000] {dagbag.py:545} INFO - Filling up the DagBag from /opt/airflow/dags/sensor_airflow.py
[2024-11-11T00:33:59.095+0000] {processor.py:840} INFO - DAG(s) 'sensor_data' retrieved from /opt/airflow/dags/sensor_airflow.py
[2024-11-11T00:33:59.161+0000] {logging_mixin.py:188} INFO - [2024-11-11T00:33:59.161+0000] {dag.py:3089} INFO - Sync 1 DAGs
[2024-11-11T00:33:59.182+0000] {logging_mixin.py:188} INFO - [2024-11-11T00:33:59.182+0000] {dag.py:3947} INFO - Setting next_dagrun for sensor_data to 2024-11-11 00:25:00+00:00, run_after=2024-11-11 00:30:00+00:00
[2024-11-11T00:33:59.199+0000] {processor.py:183} INFO - Processing /opt/airflow/dags/sensor_airflow.py took 0.168 seconds
[2024-11-11T00:34:29.406+0000] {processor.py:161} INFO - Started process (PID=8656) to work on /opt/airflow/dags/sensor_airflow.py
[2024-11-11T00:34:29.406+0000] {processor.py:830} INFO - Processing file /opt/airflow/dags/sensor_airflow.py for tasks to queue
[2024-11-11T00:34:29.408+0000] {logging_mixin.py:188} INFO - [2024-11-11T00:34:29.408+0000] {dagbag.py:545} INFO - Filling up the DagBag from /opt/airflow/dags/sensor_airflow.py
[2024-11-11T00:34:29.462+0000] {processor.py:840} INFO - DAG(s) 'sensor_data' retrieved from /opt/airflow/dags/sensor_airflow.py
[2024-11-11T00:34:29.487+0000] {logging_mixin.py:188} INFO - [2024-11-11T00:34:29.487+0000] {dag.py:3089} INFO - Sync 1 DAGs
[2024-11-11T00:34:29.510+0000] {logging_mixin.py:188} INFO - [2024-11-11T00:34:29.510+0000] {dag.py:3947} INFO - Setting next_dagrun for sensor_data to 2024-11-11 00:25:00+00:00, run_after=2024-11-11 00:30:00+00:00
[2024-11-11T00:34:29.529+0000] {processor.py:183} INFO - Processing /opt/airflow/dags/sensor_airflow.py took 0.129 seconds
[2024-11-11T00:34:59.755+0000] {processor.py:161} INFO - Started process (PID=8678) to work on /opt/airflow/dags/sensor_airflow.py
[2024-11-11T00:34:59.756+0000] {processor.py:830} INFO - Processing file /opt/airflow/dags/sensor_airflow.py for tasks to queue
[2024-11-11T00:34:59.758+0000] {logging_mixin.py:188} INFO - [2024-11-11T00:34:59.757+0000] {dagbag.py:545} INFO - Filling up the DagBag from /opt/airflow/dags/sensor_airflow.py
[2024-11-11T00:34:59.815+0000] {processor.py:840} INFO - DAG(s) 'sensor_data' retrieved from /opt/airflow/dags/sensor_airflow.py
[2024-11-11T00:34:59.843+0000] {logging_mixin.py:188} INFO - [2024-11-11T00:34:59.843+0000] {dag.py:3089} INFO - Sync 1 DAGs
[2024-11-11T00:34:59.866+0000] {logging_mixin.py:188} INFO - [2024-11-11T00:34:59.866+0000] {dag.py:3947} INFO - Setting next_dagrun for sensor_data to 2024-11-11 00:25:00+00:00, run_after=2024-11-11 00:30:00+00:00
[2024-11-11T00:34:59.884+0000] {processor.py:183} INFO - Processing /opt/airflow/dags/sensor_airflow.py took 0.136 seconds
[2024-11-11T00:35:30.114+0000] {processor.py:161} INFO - Started process (PID=8699) to work on /opt/airflow/dags/sensor_airflow.py
[2024-11-11T00:35:30.115+0000] {processor.py:830} INFO - Processing file /opt/airflow/dags/sensor_airflow.py for tasks to queue
[2024-11-11T00:35:30.117+0000] {logging_mixin.py:188} INFO - [2024-11-11T00:35:30.117+0000] {dagbag.py:545} INFO - Filling up the DagBag from /opt/airflow/dags/sensor_airflow.py
[2024-11-11T00:35:30.169+0000] {processor.py:840} INFO - DAG(s) 'sensor_data' retrieved from /opt/airflow/dags/sensor_airflow.py
[2024-11-11T00:35:30.195+0000] {logging_mixin.py:188} INFO - [2024-11-11T00:35:30.194+0000] {dag.py:3089} INFO - Sync 1 DAGs
[2024-11-11T00:35:30.215+0000] {logging_mixin.py:188} INFO - [2024-11-11T00:35:30.215+0000] {dag.py:3947} INFO - Setting next_dagrun for sensor_data to 2024-11-11 00:30:00+00:00, run_after=2024-11-11 00:35:00+00:00
[2024-11-11T00:35:30.232+0000] {processor.py:183} INFO - Processing /opt/airflow/dags/sensor_airflow.py took 0.127 seconds
[2024-11-11T00:36:00.454+0000] {processor.py:161} INFO - Started process (PID=8721) to work on /opt/airflow/dags/sensor_airflow.py
[2024-11-11T00:36:00.455+0000] {processor.py:830} INFO - Processing file /opt/airflow/dags/sensor_airflow.py for tasks to queue
[2024-11-11T00:36:00.458+0000] {logging_mixin.py:188} INFO - [2024-11-11T00:36:00.457+0000] {dagbag.py:545} INFO - Filling up the DagBag from /opt/airflow/dags/sensor_airflow.py
[2024-11-11T00:36:00.524+0000] {processor.py:840} INFO - DAG(s) 'sensor_data' retrieved from /opt/airflow/dags/sensor_airflow.py
[2024-11-11T00:36:00.551+0000] {logging_mixin.py:188} INFO - [2024-11-11T00:36:00.550+0000] {dag.py:3089} INFO - Sync 1 DAGs
[2024-11-11T00:36:00.571+0000] {logging_mixin.py:188} INFO - [2024-11-11T00:36:00.570+0000] {dag.py:3947} INFO - Setting next_dagrun for sensor_data to 2024-11-11 00:30:00+00:00, run_after=2024-11-11 00:35:00+00:00
[2024-11-11T00:36:00.588+0000] {processor.py:183} INFO - Processing /opt/airflow/dags/sensor_airflow.py took 0.142 seconds
[2024-11-11T00:36:30.844+0000] {processor.py:161} INFO - Started process (PID=8743) to work on /opt/airflow/dags/sensor_airflow.py
[2024-11-11T00:36:30.844+0000] {processor.py:830} INFO - Processing file /opt/airflow/dags/sensor_airflow.py for tasks to queue
[2024-11-11T00:36:30.846+0000] {logging_mixin.py:188} INFO - [2024-11-11T00:36:30.846+0000] {dagbag.py:545} INFO - Filling up the DagBag from /opt/airflow/dags/sensor_airflow.py
[2024-11-11T00:36:30.901+0000] {processor.py:840} INFO - DAG(s) 'sensor_data' retrieved from /opt/airflow/dags/sensor_airflow.py
[2024-11-11T00:36:30.928+0000] {logging_mixin.py:188} INFO - [2024-11-11T00:36:30.928+0000] {dag.py:3089} INFO - Sync 1 DAGs
[2024-11-11T00:36:30.951+0000] {logging_mixin.py:188} INFO - [2024-11-11T00:36:30.951+0000] {dag.py:3947} INFO - Setting next_dagrun for sensor_data to 2024-11-11 00:30:00+00:00, run_after=2024-11-11 00:35:00+00:00
[2024-11-11T00:36:30.969+0000] {processor.py:183} INFO - Processing /opt/airflow/dags/sensor_airflow.py took 0.131 seconds
[2024-11-11T00:37:01.193+0000] {processor.py:161} INFO - Started process (PID=8765) to work on /opt/airflow/dags/sensor_airflow.py
[2024-11-11T00:37:01.194+0000] {processor.py:830} INFO - Processing file /opt/airflow/dags/sensor_airflow.py for tasks to queue
[2024-11-11T00:37:01.196+0000] {logging_mixin.py:188} INFO - [2024-11-11T00:37:01.195+0000] {dagbag.py:545} INFO - Filling up the DagBag from /opt/airflow/dags/sensor_airflow.py
[2024-11-11T00:37:01.257+0000] {processor.py:840} INFO - DAG(s) 'sensor_data' retrieved from /opt/airflow/dags/sensor_airflow.py
[2024-11-11T00:37:01.284+0000] {logging_mixin.py:188} INFO - [2024-11-11T00:37:01.284+0000] {dag.py:3089} INFO - Sync 1 DAGs
[2024-11-11T00:37:01.310+0000] {logging_mixin.py:188} INFO - [2024-11-11T00:37:01.310+0000] {dag.py:3947} INFO - Setting next_dagrun for sensor_data to 2024-11-11 00:30:00+00:00, run_after=2024-11-11 00:35:00+00:00
[2024-11-11T00:37:01.327+0000] {processor.py:183} INFO - Processing /opt/airflow/dags/sensor_airflow.py took 0.142 seconds
[2024-11-11T00:37:31.545+0000] {processor.py:161} INFO - Started process (PID=8786) to work on /opt/airflow/dags/sensor_airflow.py
[2024-11-11T00:37:31.546+0000] {processor.py:830} INFO - Processing file /opt/airflow/dags/sensor_airflow.py for tasks to queue
[2024-11-11T00:37:31.548+0000] {logging_mixin.py:188} INFO - [2024-11-11T00:37:31.547+0000] {dagbag.py:545} INFO - Filling up the DagBag from /opt/airflow/dags/sensor_airflow.py
[2024-11-11T00:37:31.600+0000] {processor.py:840} INFO - DAG(s) 'sensor_data' retrieved from /opt/airflow/dags/sensor_airflow.py
[2024-11-11T00:37:31.631+0000] {logging_mixin.py:188} INFO - [2024-11-11T00:37:31.630+0000] {dag.py:3089} INFO - Sync 1 DAGs
[2024-11-11T00:37:31.653+0000] {logging_mixin.py:188} INFO - [2024-11-11T00:37:31.653+0000] {dag.py:3947} INFO - Setting next_dagrun for sensor_data to 2024-11-11 00:30:00+00:00, run_after=2024-11-11 00:35:00+00:00
[2024-11-11T00:37:31.670+0000] {processor.py:183} INFO - Processing /opt/airflow/dags/sensor_airflow.py took 0.131 seconds
[2024-11-11T00:38:01.902+0000] {processor.py:161} INFO - Started process (PID=8807) to work on /opt/airflow/dags/sensor_airflow.py
[2024-11-11T00:38:01.903+0000] {processor.py:830} INFO - Processing file /opt/airflow/dags/sensor_airflow.py for tasks to queue
[2024-11-11T00:38:01.905+0000] {logging_mixin.py:188} INFO - [2024-11-11T00:38:01.905+0000] {dagbag.py:545} INFO - Filling up the DagBag from /opt/airflow/dags/sensor_airflow.py
[2024-11-11T00:38:01.997+0000] {processor.py:840} INFO - DAG(s) 'sensor_data' retrieved from /opt/airflow/dags/sensor_airflow.py
[2024-11-11T00:38:02.030+0000] {logging_mixin.py:188} INFO - [2024-11-11T00:38:02.030+0000] {dag.py:3089} INFO - Sync 1 DAGs
[2024-11-11T00:38:02.057+0000] {logging_mixin.py:188} INFO - [2024-11-11T00:38:02.057+0000] {dag.py:3947} INFO - Setting next_dagrun for sensor_data to 2024-11-11 00:30:00+00:00, run_after=2024-11-11 00:35:00+00:00
[2024-11-11T00:38:02.083+0000] {processor.py:183} INFO - Processing /opt/airflow/dags/sensor_airflow.py took 0.188 seconds
[2024-11-11T00:38:32.697+0000] {processor.py:161} INFO - Started process (PID=8827) to work on /opt/airflow/dags/sensor_airflow.py
[2024-11-11T00:38:32.708+0000] {processor.py:830} INFO - Processing file /opt/airflow/dags/sensor_airflow.py for tasks to queue
[2024-11-11T00:38:32.734+0000] {logging_mixin.py:188} INFO - [2024-11-11T00:38:32.731+0000] {dagbag.py:545} INFO - Filling up the DagBag from /opt/airflow/dags/sensor_airflow.py
[2024-11-11T00:38:33.105+0000] {processor.py:840} INFO - DAG(s) 'sensor_data' retrieved from /opt/airflow/dags/sensor_airflow.py
[2024-11-11T00:38:33.283+0000] {logging_mixin.py:188} INFO - [2024-11-11T00:38:33.282+0000] {dag.py:3089} INFO - Sync 1 DAGs
[2024-11-11T00:38:34.361+0000] {logging_mixin.py:188} INFO - [2024-11-11T00:38:34.361+0000] {process_utils.py:263} INFO - Waiting up to 5 seconds for processes to exit...
