[2024-11-11T00:00:20.132+0000] {processor.py:161} INFO - Started process (PID=7226) to work on /opt/airflow/dags/sensor_airflow_consumer.py
[2024-11-11T00:00:20.137+0000] {processor.py:830} INFO - Processing file /opt/airflow/dags/sensor_airflow_consumer.py for tasks to queue
[2024-11-11T00:00:20.186+0000] {logging_mixin.py:188} INFO - [2024-11-11T00:00:20.182+0000] {dagbag.py:545} INFO - Filling up the DagBag from /opt/airflow/dags/sensor_airflow_consumer.py
[2024-11-11T00:00:21.972+0000] {processor.py:840} INFO - DAG(s) 'sensor_data_consumer' retrieved from /opt/airflow/dags/sensor_airflow_consumer.py
[2024-11-11T00:00:22.827+0000] {logging_mixin.py:188} INFO - [2024-11-11T00:00:22.827+0000] {dag.py:3089} INFO - Sync 1 DAGs
[2024-11-11T00:00:22.852+0000] {logging_mixin.py:188} INFO - [2024-11-11T00:00:22.852+0000] {dag.py:3947} INFO - Setting next_dagrun for sensor_data_consumer to 2025-01-01 00:00:00+00:00, run_after=2026-01-01 00:00:00+00:00
[2024-11-11T00:00:22.930+0000] {processor.py:183} INFO - Processing /opt/airflow/dags/sensor_airflow_consumer.py took 2.878 seconds
[2024-11-11T00:00:53.348+0000] {processor.py:161} INFO - Started process (PID=7248) to work on /opt/airflow/dags/sensor_airflow_consumer.py
[2024-11-11T00:00:53.350+0000] {processor.py:830} INFO - Processing file /opt/airflow/dags/sensor_airflow_consumer.py for tasks to queue
[2024-11-11T00:00:53.353+0000] {logging_mixin.py:188} INFO - [2024-11-11T00:00:53.353+0000] {dagbag.py:545} INFO - Filling up the DagBag from /opt/airflow/dags/sensor_airflow_consumer.py
[2024-11-11T00:00:55.026+0000] {processor.py:840} INFO - DAG(s) 'sensor_data_consumer' retrieved from /opt/airflow/dags/sensor_airflow_consumer.py
[2024-11-11T00:00:55.147+0000] {logging_mixin.py:188} INFO - [2024-11-11T00:00:55.147+0000] {dag.py:3089} INFO - Sync 1 DAGs
[2024-11-11T00:00:55.172+0000] {logging_mixin.py:188} INFO - [2024-11-11T00:00:55.172+0000] {dag.py:3947} INFO - Setting next_dagrun for sensor_data_consumer to 2025-01-01 00:00:00+00:00, run_after=2026-01-01 00:00:00+00:00
[2024-11-11T00:00:55.254+0000] {processor.py:183} INFO - Processing /opt/airflow/dags/sensor_airflow_consumer.py took 1.915 seconds
[2024-11-11T00:01:25.540+0000] {processor.py:161} INFO - Started process (PID=7271) to work on /opt/airflow/dags/sensor_airflow_consumer.py
[2024-11-11T00:01:25.541+0000] {processor.py:830} INFO - Processing file /opt/airflow/dags/sensor_airflow_consumer.py for tasks to queue
[2024-11-11T00:01:25.543+0000] {logging_mixin.py:188} INFO - [2024-11-11T00:01:25.542+0000] {dagbag.py:545} INFO - Filling up the DagBag from /opt/airflow/dags/sensor_airflow_consumer.py
[2024-11-11T00:01:26.721+0000] {processor.py:840} INFO - DAG(s) 'sensor_data_consumer' retrieved from /opt/airflow/dags/sensor_airflow_consumer.py
[2024-11-11T00:01:26.756+0000] {logging_mixin.py:188} INFO - [2024-11-11T00:01:26.756+0000] {dag.py:3089} INFO - Sync 1 DAGs
[2024-11-11T00:01:26.791+0000] {logging_mixin.py:188} INFO - [2024-11-11T00:01:26.791+0000] {dag.py:3947} INFO - Setting next_dagrun for sensor_data_consumer to 2025-01-01 00:00:00+00:00, run_after=2026-01-01 00:00:00+00:00
[2024-11-11T00:01:26.812+0000] {processor.py:183} INFO - Processing /opt/airflow/dags/sensor_airflow_consumer.py took 1.279 seconds
[2024-11-11T00:01:57.020+0000] {processor.py:161} INFO - Started process (PID=7301) to work on /opt/airflow/dags/sensor_airflow_consumer.py
[2024-11-11T00:01:57.021+0000] {processor.py:830} INFO - Processing file /opt/airflow/dags/sensor_airflow_consumer.py for tasks to queue
[2024-11-11T00:01:57.024+0000] {logging_mixin.py:188} INFO - [2024-11-11T00:01:57.023+0000] {dagbag.py:545} INFO - Filling up the DagBag from /opt/airflow/dags/sensor_airflow_consumer.py
[2024-11-11T00:01:57.274+0000] {processor.py:840} INFO - DAG(s) 'sensor_data_consumer' retrieved from /opt/airflow/dags/sensor_airflow_consumer.py
[2024-11-11T00:01:57.301+0000] {logging_mixin.py:188} INFO - [2024-11-11T00:01:57.301+0000] {dag.py:3089} INFO - Sync 1 DAGs
[2024-11-11T00:01:57.324+0000] {logging_mixin.py:188} INFO - [2024-11-11T00:01:57.324+0000] {dag.py:3947} INFO - Setting next_dagrun for sensor_data_consumer to 2025-01-01 00:00:00+00:00, run_after=2026-01-01 00:00:00+00:00
[2024-11-11T00:01:57.343+0000] {processor.py:183} INFO - Processing /opt/airflow/dags/sensor_airflow_consumer.py took 0.330 seconds
[2024-11-11T00:02:27.583+0000] {processor.py:161} INFO - Started process (PID=7322) to work on /opt/airflow/dags/sensor_airflow_consumer.py
[2024-11-11T00:02:27.586+0000] {processor.py:830} INFO - Processing file /opt/airflow/dags/sensor_airflow_consumer.py for tasks to queue
[2024-11-11T00:02:27.589+0000] {logging_mixin.py:188} INFO - [2024-11-11T00:02:27.589+0000] {dagbag.py:545} INFO - Filling up the DagBag from /opt/airflow/dags/sensor_airflow_consumer.py
[2024-11-11T00:02:27.869+0000] {processor.py:840} INFO - DAG(s) 'sensor_data_consumer' retrieved from /opt/airflow/dags/sensor_airflow_consumer.py
[2024-11-11T00:02:27.893+0000] {logging_mixin.py:188} INFO - [2024-11-11T00:02:27.892+0000] {dag.py:3089} INFO - Sync 1 DAGs
[2024-11-11T00:02:27.918+0000] {logging_mixin.py:188} INFO - [2024-11-11T00:02:27.917+0000] {dag.py:3947} INFO - Setting next_dagrun for sensor_data_consumer to 2025-01-01 00:00:00+00:00, run_after=2026-01-01 00:00:00+00:00
[2024-11-11T00:02:27.936+0000] {processor.py:183} INFO - Processing /opt/airflow/dags/sensor_airflow_consumer.py took 0.362 seconds
[2024-11-11T00:02:58.126+0000] {processor.py:161} INFO - Started process (PID=7343) to work on /opt/airflow/dags/sensor_airflow_consumer.py
[2024-11-11T00:02:58.127+0000] {processor.py:830} INFO - Processing file /opt/airflow/dags/sensor_airflow_consumer.py for tasks to queue
[2024-11-11T00:02:58.130+0000] {logging_mixin.py:188} INFO - [2024-11-11T00:02:58.129+0000] {dagbag.py:545} INFO - Filling up the DagBag from /opt/airflow/dags/sensor_airflow_consumer.py
[2024-11-11T00:02:58.441+0000] {processor.py:840} INFO - DAG(s) 'sensor_data_consumer' retrieved from /opt/airflow/dags/sensor_airflow_consumer.py
[2024-11-11T00:02:58.469+0000] {logging_mixin.py:188} INFO - [2024-11-11T00:02:58.468+0000] {dag.py:3089} INFO - Sync 1 DAGs
[2024-11-11T00:02:58.495+0000] {logging_mixin.py:188} INFO - [2024-11-11T00:02:58.495+0000] {dag.py:3947} INFO - Setting next_dagrun for sensor_data_consumer to 2025-01-01 00:00:00+00:00, run_after=2026-01-01 00:00:00+00:00
[2024-11-11T00:02:58.517+0000] {processor.py:183} INFO - Processing /opt/airflow/dags/sensor_airflow_consumer.py took 0.397 seconds
[2024-11-11T00:03:28.724+0000] {processor.py:161} INFO - Started process (PID=7364) to work on /opt/airflow/dags/sensor_airflow_consumer.py
[2024-11-11T00:03:28.725+0000] {processor.py:830} INFO - Processing file /opt/airflow/dags/sensor_airflow_consumer.py for tasks to queue
[2024-11-11T00:03:28.729+0000] {logging_mixin.py:188} INFO - [2024-11-11T00:03:28.728+0000] {dagbag.py:545} INFO - Filling up the DagBag from /opt/airflow/dags/sensor_airflow_consumer.py
[2024-11-11T00:03:28.973+0000] {processor.py:840} INFO - DAG(s) 'sensor_data_consumer' retrieved from /opt/airflow/dags/sensor_airflow_consumer.py
[2024-11-11T00:03:29.002+0000] {logging_mixin.py:188} INFO - [2024-11-11T00:03:29.002+0000] {dag.py:3089} INFO - Sync 1 DAGs
[2024-11-11T00:03:29.025+0000] {logging_mixin.py:188} INFO - [2024-11-11T00:03:29.025+0000] {dag.py:3947} INFO - Setting next_dagrun for sensor_data_consumer to 2025-01-01 00:00:00+00:00, run_after=2026-01-01 00:00:00+00:00
[2024-11-11T00:03:29.042+0000] {processor.py:183} INFO - Processing /opt/airflow/dags/sensor_airflow_consumer.py took 0.327 seconds
[2024-11-11T00:03:59.236+0000] {processor.py:161} INFO - Started process (PID=7386) to work on /opt/airflow/dags/sensor_airflow_consumer.py
[2024-11-11T00:03:59.237+0000] {processor.py:830} INFO - Processing file /opt/airflow/dags/sensor_airflow_consumer.py for tasks to queue
[2024-11-11T00:03:59.239+0000] {logging_mixin.py:188} INFO - [2024-11-11T00:03:59.238+0000] {dagbag.py:545} INFO - Filling up the DagBag from /opt/airflow/dags/sensor_airflow_consumer.py
[2024-11-11T00:03:59.470+0000] {processor.py:840} INFO - DAG(s) 'sensor_data_consumer' retrieved from /opt/airflow/dags/sensor_airflow_consumer.py
[2024-11-11T00:03:59.495+0000] {logging_mixin.py:188} INFO - [2024-11-11T00:03:59.495+0000] {dag.py:3089} INFO - Sync 1 DAGs
[2024-11-11T00:03:59.518+0000] {logging_mixin.py:188} INFO - [2024-11-11T00:03:59.518+0000] {dag.py:3947} INFO - Setting next_dagrun for sensor_data_consumer to 2025-01-01 00:00:00+00:00, run_after=2026-01-01 00:00:00+00:00
[2024-11-11T00:03:59.539+0000] {processor.py:183} INFO - Processing /opt/airflow/dags/sensor_airflow_consumer.py took 0.308 seconds
[2024-11-11T00:04:29.737+0000] {processor.py:161} INFO - Started process (PID=7407) to work on /opt/airflow/dags/sensor_airflow_consumer.py
[2024-11-11T00:04:29.738+0000] {processor.py:830} INFO - Processing file /opt/airflow/dags/sensor_airflow_consumer.py for tasks to queue
[2024-11-11T00:04:29.741+0000] {logging_mixin.py:188} INFO - [2024-11-11T00:04:29.740+0000] {dagbag.py:545} INFO - Filling up the DagBag from /opt/airflow/dags/sensor_airflow_consumer.py
[2024-11-11T00:04:29.967+0000] {processor.py:840} INFO - DAG(s) 'sensor_data_consumer' retrieved from /opt/airflow/dags/sensor_airflow_consumer.py
[2024-11-11T00:04:29.989+0000] {logging_mixin.py:188} INFO - [2024-11-11T00:04:29.989+0000] {dag.py:3089} INFO - Sync 1 DAGs
[2024-11-11T00:04:30.008+0000] {logging_mixin.py:188} INFO - [2024-11-11T00:04:30.008+0000] {dag.py:3947} INFO - Setting next_dagrun for sensor_data_consumer to 2025-01-01 00:00:00+00:00, run_after=2026-01-01 00:00:00+00:00
[2024-11-11T00:04:30.027+0000] {processor.py:183} INFO - Processing /opt/airflow/dags/sensor_airflow_consumer.py took 0.298 seconds
[2024-11-11T00:05:00.339+0000] {processor.py:161} INFO - Started process (PID=7428) to work on /opt/airflow/dags/sensor_airflow_consumer.py
[2024-11-11T00:05:00.340+0000] {processor.py:830} INFO - Processing file /opt/airflow/dags/sensor_airflow_consumer.py for tasks to queue
[2024-11-11T00:05:00.343+0000] {logging_mixin.py:188} INFO - [2024-11-11T00:05:00.342+0000] {dagbag.py:545} INFO - Filling up the DagBag from /opt/airflow/dags/sensor_airflow_consumer.py
[2024-11-11T00:05:00.868+0000] {processor.py:840} INFO - DAG(s) 'sensor_data_consumer' retrieved from /opt/airflow/dags/sensor_airflow_consumer.py
[2024-11-11T00:05:00.899+0000] {logging_mixin.py:188} INFO - [2024-11-11T00:05:00.899+0000] {dag.py:3089} INFO - Sync 1 DAGs
[2024-11-11T00:05:00.930+0000] {logging_mixin.py:188} INFO - [2024-11-11T00:05:00.930+0000] {dag.py:3947} INFO - Setting next_dagrun for sensor_data_consumer to 2025-01-01 00:00:00+00:00, run_after=2026-01-01 00:00:00+00:00
[2024-11-11T00:05:00.985+0000] {processor.py:183} INFO - Processing /opt/airflow/dags/sensor_airflow_consumer.py took 0.652 seconds
[2024-11-11T00:05:31.278+0000] {processor.py:161} INFO - Started process (PID=7449) to work on /opt/airflow/dags/sensor_airflow_consumer.py
[2024-11-11T00:05:31.279+0000] {processor.py:830} INFO - Processing file /opt/airflow/dags/sensor_airflow_consumer.py for tasks to queue
[2024-11-11T00:05:31.281+0000] {logging_mixin.py:188} INFO - [2024-11-11T00:05:31.280+0000] {dagbag.py:545} INFO - Filling up the DagBag from /opt/airflow/dags/sensor_airflow_consumer.py
[2024-11-11T00:05:31.496+0000] {processor.py:840} INFO - DAG(s) 'sensor_data_consumer' retrieved from /opt/airflow/dags/sensor_airflow_consumer.py
[2024-11-11T00:05:31.519+0000] {logging_mixin.py:188} INFO - [2024-11-11T00:05:31.519+0000] {dag.py:3089} INFO - Sync 1 DAGs
[2024-11-11T00:05:31.540+0000] {logging_mixin.py:188} INFO - [2024-11-11T00:05:31.539+0000] {dag.py:3947} INFO - Setting next_dagrun for sensor_data_consumer to 2025-01-01 00:00:00+00:00, run_after=2026-01-01 00:00:00+00:00
[2024-11-11T00:05:31.557+0000] {processor.py:183} INFO - Processing /opt/airflow/dags/sensor_airflow_consumer.py took 0.285 seconds
[2024-11-11T00:06:01.764+0000] {processor.py:161} INFO - Started process (PID=7470) to work on /opt/airflow/dags/sensor_airflow_consumer.py
[2024-11-11T00:06:01.765+0000] {processor.py:830} INFO - Processing file /opt/airflow/dags/sensor_airflow_consumer.py for tasks to queue
[2024-11-11T00:06:01.767+0000] {logging_mixin.py:188} INFO - [2024-11-11T00:06:01.767+0000] {dagbag.py:545} INFO - Filling up the DagBag from /opt/airflow/dags/sensor_airflow_consumer.py
[2024-11-11T00:06:01.985+0000] {processor.py:840} INFO - DAG(s) 'sensor_data_consumer' retrieved from /opt/airflow/dags/sensor_airflow_consumer.py
[2024-11-11T00:06:02.008+0000] {logging_mixin.py:188} INFO - [2024-11-11T00:06:02.008+0000] {dag.py:3089} INFO - Sync 1 DAGs
[2024-11-11T00:06:02.027+0000] {logging_mixin.py:188} INFO - [2024-11-11T00:06:02.027+0000] {dag.py:3947} INFO - Setting next_dagrun for sensor_data_consumer to 2025-01-01 00:00:00+00:00, run_after=2026-01-01 00:00:00+00:00
[2024-11-11T00:06:02.045+0000] {processor.py:183} INFO - Processing /opt/airflow/dags/sensor_airflow_consumer.py took 0.286 seconds
[2024-11-11T00:06:32.323+0000] {processor.py:161} INFO - Started process (PID=7491) to work on /opt/airflow/dags/sensor_airflow_consumer.py
[2024-11-11T00:06:32.323+0000] {processor.py:830} INFO - Processing file /opt/airflow/dags/sensor_airflow_consumer.py for tasks to queue
[2024-11-11T00:06:32.325+0000] {logging_mixin.py:188} INFO - [2024-11-11T00:06:32.325+0000] {dagbag.py:545} INFO - Filling up the DagBag from /opt/airflow/dags/sensor_airflow_consumer.py
[2024-11-11T00:06:32.589+0000] {processor.py:840} INFO - DAG(s) 'sensor_data_consumer' retrieved from /opt/airflow/dags/sensor_airflow_consumer.py
[2024-11-11T00:06:32.613+0000] {logging_mixin.py:188} INFO - [2024-11-11T00:06:32.613+0000] {dag.py:3089} INFO - Sync 1 DAGs
[2024-11-11T00:06:32.640+0000] {logging_mixin.py:188} INFO - [2024-11-11T00:06:32.640+0000] {dag.py:3947} INFO - Setting next_dagrun for sensor_data_consumer to 2025-01-01 00:00:00+00:00, run_after=2026-01-01 00:00:00+00:00
[2024-11-11T00:06:32.665+0000] {processor.py:183} INFO - Processing /opt/airflow/dags/sensor_airflow_consumer.py took 0.347 seconds
[2024-11-11T00:07:02.865+0000] {processor.py:161} INFO - Started process (PID=7518) to work on /opt/airflow/dags/sensor_airflow_consumer.py
[2024-11-11T00:07:02.866+0000] {processor.py:830} INFO - Processing file /opt/airflow/dags/sensor_airflow_consumer.py for tasks to queue
[2024-11-11T00:07:02.868+0000] {logging_mixin.py:188} INFO - [2024-11-11T00:07:02.867+0000] {dagbag.py:545} INFO - Filling up the DagBag from /opt/airflow/dags/sensor_airflow_consumer.py
[2024-11-11T00:07:03.132+0000] {processor.py:840} INFO - DAG(s) 'sensor_data_consumer' retrieved from /opt/airflow/dags/sensor_airflow_consumer.py
[2024-11-11T00:07:03.154+0000] {logging_mixin.py:188} INFO - [2024-11-11T00:07:03.154+0000] {dag.py:3089} INFO - Sync 1 DAGs
[2024-11-11T00:07:03.173+0000] {logging_mixin.py:188} INFO - [2024-11-11T00:07:03.173+0000] {dag.py:3947} INFO - Setting next_dagrun for sensor_data_consumer to 2025-01-01 00:00:00+00:00, run_after=2026-01-01 00:00:00+00:00
[2024-11-11T00:07:03.190+0000] {processor.py:183} INFO - Processing /opt/airflow/dags/sensor_airflow_consumer.py took 0.331 seconds
[2024-11-11T00:07:33.390+0000] {processor.py:161} INFO - Started process (PID=7539) to work on /opt/airflow/dags/sensor_airflow_consumer.py
[2024-11-11T00:07:33.391+0000] {processor.py:830} INFO - Processing file /opt/airflow/dags/sensor_airflow_consumer.py for tasks to queue
[2024-11-11T00:07:33.393+0000] {logging_mixin.py:188} INFO - [2024-11-11T00:07:33.393+0000] {dagbag.py:545} INFO - Filling up the DagBag from /opt/airflow/dags/sensor_airflow_consumer.py
[2024-11-11T00:07:33.608+0000] {processor.py:840} INFO - DAG(s) 'sensor_data_consumer' retrieved from /opt/airflow/dags/sensor_airflow_consumer.py
[2024-11-11T00:07:33.629+0000] {logging_mixin.py:188} INFO - [2024-11-11T00:07:33.629+0000] {dag.py:3089} INFO - Sync 1 DAGs
[2024-11-11T00:07:33.650+0000] {logging_mixin.py:188} INFO - [2024-11-11T00:07:33.649+0000] {dag.py:3947} INFO - Setting next_dagrun for sensor_data_consumer to 2025-01-01 00:00:00+00:00, run_after=2026-01-01 00:00:00+00:00
[2024-11-11T00:07:33.666+0000] {processor.py:183} INFO - Processing /opt/airflow/dags/sensor_airflow_consumer.py took 0.281 seconds
[2024-11-11T00:08:03.855+0000] {processor.py:161} INFO - Started process (PID=7560) to work on /opt/airflow/dags/sensor_airflow_consumer.py
[2024-11-11T00:08:03.856+0000] {processor.py:830} INFO - Processing file /opt/airflow/dags/sensor_airflow_consumer.py for tasks to queue
[2024-11-11T00:08:03.858+0000] {logging_mixin.py:188} INFO - [2024-11-11T00:08:03.857+0000] {dagbag.py:545} INFO - Filling up the DagBag from /opt/airflow/dags/sensor_airflow_consumer.py
[2024-11-11T00:08:04.108+0000] {processor.py:840} INFO - DAG(s) 'sensor_data_consumer' retrieved from /opt/airflow/dags/sensor_airflow_consumer.py
[2024-11-11T00:08:04.132+0000] {logging_mixin.py:188} INFO - [2024-11-11T00:08:04.132+0000] {dag.py:3089} INFO - Sync 1 DAGs
[2024-11-11T00:08:04.156+0000] {logging_mixin.py:188} INFO - [2024-11-11T00:08:04.156+0000] {dag.py:3947} INFO - Setting next_dagrun for sensor_data_consumer to 2025-01-01 00:00:00+00:00, run_after=2026-01-01 00:00:00+00:00
[2024-11-11T00:08:04.176+0000] {processor.py:183} INFO - Processing /opt/airflow/dags/sensor_airflow_consumer.py took 0.327 seconds
[2024-11-11T00:08:34.379+0000] {processor.py:161} INFO - Started process (PID=7581) to work on /opt/airflow/dags/sensor_airflow_consumer.py
[2024-11-11T00:08:34.380+0000] {processor.py:830} INFO - Processing file /opt/airflow/dags/sensor_airflow_consumer.py for tasks to queue
[2024-11-11T00:08:34.383+0000] {logging_mixin.py:188} INFO - [2024-11-11T00:08:34.382+0000] {dagbag.py:545} INFO - Filling up the DagBag from /opt/airflow/dags/sensor_airflow_consumer.py
[2024-11-11T00:08:34.608+0000] {processor.py:840} INFO - DAG(s) 'sensor_data_consumer' retrieved from /opt/airflow/dags/sensor_airflow_consumer.py
[2024-11-11T00:08:34.635+0000] {logging_mixin.py:188} INFO - [2024-11-11T00:08:34.635+0000] {dag.py:3089} INFO - Sync 1 DAGs
[2024-11-11T00:08:34.661+0000] {logging_mixin.py:188} INFO - [2024-11-11T00:08:34.660+0000] {dag.py:3947} INFO - Setting next_dagrun for sensor_data_consumer to 2025-01-01 00:00:00+00:00, run_after=2026-01-01 00:00:00+00:00
[2024-11-11T00:08:34.684+0000] {processor.py:183} INFO - Processing /opt/airflow/dags/sensor_airflow_consumer.py took 0.310 seconds
[2024-11-11T00:09:04.794+0000] {processor.py:161} INFO - Started process (PID=7602) to work on /opt/airflow/dags/sensor_airflow_consumer.py
[2024-11-11T00:09:04.795+0000] {processor.py:830} INFO - Processing file /opt/airflow/dags/sensor_airflow_consumer.py for tasks to queue
[2024-11-11T00:09:04.798+0000] {logging_mixin.py:188} INFO - [2024-11-11T00:09:04.797+0000] {dagbag.py:545} INFO - Filling up the DagBag from /opt/airflow/dags/sensor_airflow_consumer.py
[2024-11-11T00:09:05.043+0000] {processor.py:840} INFO - DAG(s) 'sensor_data_consumer' retrieved from /opt/airflow/dags/sensor_airflow_consumer.py
[2024-11-11T00:09:05.068+0000] {logging_mixin.py:188} INFO - [2024-11-11T00:09:05.068+0000] {dag.py:3089} INFO - Sync 1 DAGs
[2024-11-11T00:09:05.087+0000] {logging_mixin.py:188} INFO - [2024-11-11T00:09:05.087+0000] {dag.py:3947} INFO - Setting next_dagrun for sensor_data_consumer to 2025-01-01 00:00:00+00:00, run_after=2026-01-01 00:00:00+00:00
[2024-11-11T00:09:05.106+0000] {processor.py:183} INFO - Processing /opt/airflow/dags/sensor_airflow_consumer.py took 0.322 seconds
[2024-11-11T00:09:35.367+0000] {processor.py:161} INFO - Started process (PID=7623) to work on /opt/airflow/dags/sensor_airflow_consumer.py
[2024-11-11T00:09:35.368+0000] {processor.py:830} INFO - Processing file /opt/airflow/dags/sensor_airflow_consumer.py for tasks to queue
[2024-11-11T00:09:35.373+0000] {logging_mixin.py:188} INFO - [2024-11-11T00:09:35.372+0000] {dagbag.py:545} INFO - Filling up the DagBag from /opt/airflow/dags/sensor_airflow_consumer.py
[2024-11-11T00:09:35.635+0000] {processor.py:840} INFO - DAG(s) 'sensor_data_consumer' retrieved from /opt/airflow/dags/sensor_airflow_consumer.py
[2024-11-11T00:09:35.658+0000] {logging_mixin.py:188} INFO - [2024-11-11T00:09:35.657+0000] {dag.py:3089} INFO - Sync 1 DAGs
[2024-11-11T00:09:35.677+0000] {logging_mixin.py:188} INFO - [2024-11-11T00:09:35.677+0000] {dag.py:3947} INFO - Setting next_dagrun for sensor_data_consumer to 2025-01-01 00:00:00+00:00, run_after=2026-01-01 00:00:00+00:00
[2024-11-11T00:09:35.698+0000] {processor.py:183} INFO - Processing /opt/airflow/dags/sensor_airflow_consumer.py took 0.339 seconds
[2024-11-11T00:10:05.875+0000] {processor.py:161} INFO - Started process (PID=7645) to work on /opt/airflow/dags/sensor_airflow_consumer.py
[2024-11-11T00:10:05.876+0000] {processor.py:830} INFO - Processing file /opt/airflow/dags/sensor_airflow_consumer.py for tasks to queue
[2024-11-11T00:10:05.878+0000] {logging_mixin.py:188} INFO - [2024-11-11T00:10:05.878+0000] {dagbag.py:545} INFO - Filling up the DagBag from /opt/airflow/dags/sensor_airflow_consumer.py
[2024-11-11T00:10:06.113+0000] {processor.py:840} INFO - DAG(s) 'sensor_data_consumer' retrieved from /opt/airflow/dags/sensor_airflow_consumer.py
[2024-11-11T00:10:06.134+0000] {logging_mixin.py:188} INFO - [2024-11-11T00:10:06.134+0000] {dag.py:3089} INFO - Sync 1 DAGs
[2024-11-11T00:10:06.155+0000] {logging_mixin.py:188} INFO - [2024-11-11T00:10:06.155+0000] {dag.py:3947} INFO - Setting next_dagrun for sensor_data_consumer to 2025-01-01 00:00:00+00:00, run_after=2026-01-01 00:00:00+00:00
[2024-11-11T00:10:06.173+0000] {processor.py:183} INFO - Processing /opt/airflow/dags/sensor_airflow_consumer.py took 0.307 seconds
[2024-11-11T00:10:36.367+0000] {processor.py:161} INFO - Started process (PID=7666) to work on /opt/airflow/dags/sensor_airflow_consumer.py
[2024-11-11T00:10:36.368+0000] {processor.py:830} INFO - Processing file /opt/airflow/dags/sensor_airflow_consumer.py for tasks to queue
[2024-11-11T00:10:36.370+0000] {logging_mixin.py:188} INFO - [2024-11-11T00:10:36.370+0000] {dagbag.py:545} INFO - Filling up the DagBag from /opt/airflow/dags/sensor_airflow_consumer.py
[2024-11-11T00:10:36.701+0000] {processor.py:840} INFO - DAG(s) 'sensor_data_consumer' retrieved from /opt/airflow/dags/sensor_airflow_consumer.py
[2024-11-11T00:10:36.737+0000] {logging_mixin.py:188} INFO - [2024-11-11T00:10:36.737+0000] {dag.py:3089} INFO - Sync 1 DAGs
[2024-11-11T00:10:36.771+0000] {logging_mixin.py:188} INFO - [2024-11-11T00:10:36.770+0000] {dag.py:3947} INFO - Setting next_dagrun for sensor_data_consumer to 2025-01-01 00:00:00+00:00, run_after=2026-01-01 00:00:00+00:00
[2024-11-11T00:10:36.790+0000] {processor.py:183} INFO - Processing /opt/airflow/dags/sensor_airflow_consumer.py took 0.428 seconds
[2024-11-11T00:11:07.134+0000] {processor.py:161} INFO - Started process (PID=7687) to work on /opt/airflow/dags/sensor_airflow_consumer.py
[2024-11-11T00:11:07.135+0000] {processor.py:830} INFO - Processing file /opt/airflow/dags/sensor_airflow_consumer.py for tasks to queue
[2024-11-11T00:11:07.138+0000] {logging_mixin.py:188} INFO - [2024-11-11T00:11:07.137+0000] {dagbag.py:545} INFO - Filling up the DagBag from /opt/airflow/dags/sensor_airflow_consumer.py
[2024-11-11T00:11:07.421+0000] {processor.py:840} INFO - DAG(s) 'sensor_data_consumer' retrieved from /opt/airflow/dags/sensor_airflow_consumer.py
[2024-11-11T00:11:07.446+0000] {logging_mixin.py:188} INFO - [2024-11-11T00:11:07.445+0000] {dag.py:3089} INFO - Sync 1 DAGs
[2024-11-11T00:11:07.470+0000] {logging_mixin.py:188} INFO - [2024-11-11T00:11:07.469+0000] {dag.py:3947} INFO - Setting next_dagrun for sensor_data_consumer to 2025-01-01 00:00:00+00:00, run_after=2026-01-01 00:00:00+00:00
[2024-11-11T00:11:07.488+0000] {processor.py:183} INFO - Processing /opt/airflow/dags/sensor_airflow_consumer.py took 0.367 seconds
[2024-11-11T00:11:37.746+0000] {processor.py:161} INFO - Started process (PID=7708) to work on /opt/airflow/dags/sensor_airflow_consumer.py
[2024-11-11T00:11:37.747+0000] {processor.py:830} INFO - Processing file /opt/airflow/dags/sensor_airflow_consumer.py for tasks to queue
[2024-11-11T00:11:37.758+0000] {logging_mixin.py:188} INFO - [2024-11-11T00:11:37.749+0000] {dagbag.py:545} INFO - Filling up the DagBag from /opt/airflow/dags/sensor_airflow_consumer.py
[2024-11-11T00:11:38.116+0000] {processor.py:840} INFO - DAG(s) 'sensor_data_consumer' retrieved from /opt/airflow/dags/sensor_airflow_consumer.py
[2024-11-11T00:11:38.153+0000] {logging_mixin.py:188} INFO - [2024-11-11T00:11:38.153+0000] {dag.py:3089} INFO - Sync 1 DAGs
[2024-11-11T00:11:38.190+0000] {logging_mixin.py:188} INFO - [2024-11-11T00:11:38.189+0000] {dag.py:3947} INFO - Setting next_dagrun for sensor_data_consumer to 2025-01-01 00:00:00+00:00, run_after=2026-01-01 00:00:00+00:00
[2024-11-11T00:11:38.231+0000] {processor.py:183} INFO - Processing /opt/airflow/dags/sensor_airflow_consumer.py took 0.493 seconds
[2024-11-11T00:12:08.394+0000] {processor.py:161} INFO - Started process (PID=7729) to work on /opt/airflow/dags/sensor_airflow_consumer.py
[2024-11-11T00:12:08.396+0000] {processor.py:830} INFO - Processing file /opt/airflow/dags/sensor_airflow_consumer.py for tasks to queue
[2024-11-11T00:12:08.399+0000] {logging_mixin.py:188} INFO - [2024-11-11T00:12:08.398+0000] {dagbag.py:545} INFO - Filling up the DagBag from /opt/airflow/dags/sensor_airflow_consumer.py
[2024-11-11T00:12:08.679+0000] {processor.py:840} INFO - DAG(s) 'sensor_data_consumer' retrieved from /opt/airflow/dags/sensor_airflow_consumer.py
[2024-11-11T00:12:08.699+0000] {logging_mixin.py:188} INFO - [2024-11-11T00:12:08.699+0000] {dag.py:3089} INFO - Sync 1 DAGs
[2024-11-11T00:12:08.723+0000] {logging_mixin.py:188} INFO - [2024-11-11T00:12:08.723+0000] {dag.py:3947} INFO - Setting next_dagrun for sensor_data_consumer to 2025-01-01 00:00:00+00:00, run_after=2026-01-01 00:00:00+00:00
[2024-11-11T00:12:08.740+0000] {processor.py:183} INFO - Processing /opt/airflow/dags/sensor_airflow_consumer.py took 0.355 seconds
[2024-11-11T00:12:38.999+0000] {processor.py:161} INFO - Started process (PID=7750) to work on /opt/airflow/dags/sensor_airflow_consumer.py
[2024-11-11T00:12:39.000+0000] {processor.py:830} INFO - Processing file /opt/airflow/dags/sensor_airflow_consumer.py for tasks to queue
[2024-11-11T00:12:39.003+0000] {logging_mixin.py:188} INFO - [2024-11-11T00:12:39.002+0000] {dagbag.py:545} INFO - Filling up the DagBag from /opt/airflow/dags/sensor_airflow_consumer.py
[2024-11-11T00:12:39.350+0000] {processor.py:840} INFO - DAG(s) 'sensor_data_consumer' retrieved from /opt/airflow/dags/sensor_airflow_consumer.py
[2024-11-11T00:12:39.373+0000] {logging_mixin.py:188} INFO - [2024-11-11T00:12:39.373+0000] {dag.py:3089} INFO - Sync 1 DAGs
[2024-11-11T00:12:39.397+0000] {logging_mixin.py:188} INFO - [2024-11-11T00:12:39.397+0000] {dag.py:3947} INFO - Setting next_dagrun for sensor_data_consumer to 2025-01-01 00:00:00+00:00, run_after=2026-01-01 00:00:00+00:00
[2024-11-11T00:12:39.419+0000] {processor.py:183} INFO - Processing /opt/airflow/dags/sensor_airflow_consumer.py took 0.428 seconds
[2024-11-11T00:13:09.624+0000] {processor.py:161} INFO - Started process (PID=7771) to work on /opt/airflow/dags/sensor_airflow_consumer.py
[2024-11-11T00:13:09.625+0000] {processor.py:830} INFO - Processing file /opt/airflow/dags/sensor_airflow_consumer.py for tasks to queue
[2024-11-11T00:13:09.627+0000] {logging_mixin.py:188} INFO - [2024-11-11T00:13:09.626+0000] {dagbag.py:545} INFO - Filling up the DagBag from /opt/airflow/dags/sensor_airflow_consumer.py
[2024-11-11T00:13:09.866+0000] {processor.py:840} INFO - DAG(s) 'sensor_data_consumer' retrieved from /opt/airflow/dags/sensor_airflow_consumer.py
[2024-11-11T00:13:09.887+0000] {logging_mixin.py:188} INFO - [2024-11-11T00:13:09.886+0000] {dag.py:3089} INFO - Sync 1 DAGs
[2024-11-11T00:13:09.911+0000] {logging_mixin.py:188} INFO - [2024-11-11T00:13:09.911+0000] {dag.py:3947} INFO - Setting next_dagrun for sensor_data_consumer to 2025-01-01 00:00:00+00:00, run_after=2026-01-01 00:00:00+00:00
[2024-11-11T00:13:09.930+0000] {processor.py:183} INFO - Processing /opt/airflow/dags/sensor_airflow_consumer.py took 0.311 seconds
[2024-11-11T00:13:40.126+0000] {processor.py:161} INFO - Started process (PID=7792) to work on /opt/airflow/dags/sensor_airflow_consumer.py
[2024-11-11T00:13:40.127+0000] {processor.py:830} INFO - Processing file /opt/airflow/dags/sensor_airflow_consumer.py for tasks to queue
[2024-11-11T00:13:40.129+0000] {logging_mixin.py:188} INFO - [2024-11-11T00:13:40.128+0000] {dagbag.py:545} INFO - Filling up the DagBag from /opt/airflow/dags/sensor_airflow_consumer.py
[2024-11-11T00:13:40.385+0000] {processor.py:840} INFO - DAG(s) 'sensor_data_consumer' retrieved from /opt/airflow/dags/sensor_airflow_consumer.py
[2024-11-11T00:13:40.406+0000] {logging_mixin.py:188} INFO - [2024-11-11T00:13:40.406+0000] {dag.py:3089} INFO - Sync 1 DAGs
[2024-11-11T00:13:40.426+0000] {logging_mixin.py:188} INFO - [2024-11-11T00:13:40.425+0000] {dag.py:3947} INFO - Setting next_dagrun for sensor_data_consumer to 2025-01-01 00:00:00+00:00, run_after=2026-01-01 00:00:00+00:00
[2024-11-11T00:13:40.448+0000] {processor.py:183} INFO - Processing /opt/airflow/dags/sensor_airflow_consumer.py took 0.329 seconds
[2024-11-11T00:14:10.638+0000] {processor.py:161} INFO - Started process (PID=7813) to work on /opt/airflow/dags/sensor_airflow_consumer.py
[2024-11-11T00:14:10.639+0000] {processor.py:830} INFO - Processing file /opt/airflow/dags/sensor_airflow_consumer.py for tasks to queue
[2024-11-11T00:14:10.641+0000] {logging_mixin.py:188} INFO - [2024-11-11T00:14:10.640+0000] {dagbag.py:545} INFO - Filling up the DagBag from /opt/airflow/dags/sensor_airflow_consumer.py
[2024-11-11T00:14:10.894+0000] {processor.py:840} INFO - DAG(s) 'sensor_data_consumer' retrieved from /opt/airflow/dags/sensor_airflow_consumer.py
[2024-11-11T00:14:10.921+0000] {logging_mixin.py:188} INFO - [2024-11-11T00:14:10.921+0000] {dag.py:3089} INFO - Sync 1 DAGs
[2024-11-11T00:14:10.944+0000] {logging_mixin.py:188} INFO - [2024-11-11T00:14:10.944+0000] {dag.py:3947} INFO - Setting next_dagrun for sensor_data_consumer to 2025-01-01 00:00:00+00:00, run_after=2026-01-01 00:00:00+00:00
[2024-11-11T00:14:10.961+0000] {processor.py:183} INFO - Processing /opt/airflow/dags/sensor_airflow_consumer.py took 0.329 seconds
[2024-11-11T00:14:41.161+0000] {processor.py:161} INFO - Started process (PID=7834) to work on /opt/airflow/dags/sensor_airflow_consumer.py
[2024-11-11T00:14:41.162+0000] {processor.py:830} INFO - Processing file /opt/airflow/dags/sensor_airflow_consumer.py for tasks to queue
[2024-11-11T00:14:41.164+0000] {logging_mixin.py:188} INFO - [2024-11-11T00:14:41.163+0000] {dagbag.py:545} INFO - Filling up the DagBag from /opt/airflow/dags/sensor_airflow_consumer.py
[2024-11-11T00:14:41.381+0000] {processor.py:840} INFO - DAG(s) 'sensor_data_consumer' retrieved from /opt/airflow/dags/sensor_airflow_consumer.py
[2024-11-11T00:14:41.402+0000] {logging_mixin.py:188} INFO - [2024-11-11T00:14:41.402+0000] {dag.py:3089} INFO - Sync 1 DAGs
[2024-11-11T00:14:41.421+0000] {logging_mixin.py:188} INFO - [2024-11-11T00:14:41.421+0000] {dag.py:3947} INFO - Setting next_dagrun for sensor_data_consumer to 2025-01-01 00:00:00+00:00, run_after=2026-01-01 00:00:00+00:00
[2024-11-11T00:14:41.440+0000] {processor.py:183} INFO - Processing /opt/airflow/dags/sensor_airflow_consumer.py took 0.284 seconds
[2024-11-11T00:15:11.649+0000] {processor.py:161} INFO - Started process (PID=7855) to work on /opt/airflow/dags/sensor_airflow_consumer.py
[2024-11-11T00:15:11.650+0000] {processor.py:830} INFO - Processing file /opt/airflow/dags/sensor_airflow_consumer.py for tasks to queue
[2024-11-11T00:15:11.651+0000] {logging_mixin.py:188} INFO - [2024-11-11T00:15:11.651+0000] {dagbag.py:545} INFO - Filling up the DagBag from /opt/airflow/dags/sensor_airflow_consumer.py
[2024-11-11T00:15:11.871+0000] {processor.py:840} INFO - DAG(s) 'sensor_data_consumer' retrieved from /opt/airflow/dags/sensor_airflow_consumer.py
[2024-11-11T00:15:11.893+0000] {logging_mixin.py:188} INFO - [2024-11-11T00:15:11.892+0000] {dag.py:3089} INFO - Sync 1 DAGs
[2024-11-11T00:15:11.915+0000] {logging_mixin.py:188} INFO - [2024-11-11T00:15:11.914+0000] {dag.py:3947} INFO - Setting next_dagrun for sensor_data_consumer to 2025-01-01 00:00:00+00:00, run_after=2026-01-01 00:00:00+00:00
[2024-11-11T00:15:11.931+0000] {processor.py:183} INFO - Processing /opt/airflow/dags/sensor_airflow_consumer.py took 0.288 seconds
[2024-11-11T00:15:42.163+0000] {processor.py:161} INFO - Started process (PID=7876) to work on /opt/airflow/dags/sensor_airflow_consumer.py
[2024-11-11T00:15:42.164+0000] {processor.py:830} INFO - Processing file /opt/airflow/dags/sensor_airflow_consumer.py for tasks to queue
[2024-11-11T00:15:42.166+0000] {logging_mixin.py:188} INFO - [2024-11-11T00:15:42.166+0000] {dagbag.py:545} INFO - Filling up the DagBag from /opt/airflow/dags/sensor_airflow_consumer.py
[2024-11-11T00:15:42.416+0000] {processor.py:840} INFO - DAG(s) 'sensor_data_consumer' retrieved from /opt/airflow/dags/sensor_airflow_consumer.py
[2024-11-11T00:15:42.436+0000] {logging_mixin.py:188} INFO - [2024-11-11T00:15:42.436+0000] {dag.py:3089} INFO - Sync 1 DAGs
[2024-11-11T00:15:42.457+0000] {logging_mixin.py:188} INFO - [2024-11-11T00:15:42.457+0000] {dag.py:3947} INFO - Setting next_dagrun for sensor_data_consumer to 2025-01-01 00:00:00+00:00, run_after=2026-01-01 00:00:00+00:00
[2024-11-11T00:15:42.477+0000] {processor.py:183} INFO - Processing /opt/airflow/dags/sensor_airflow_consumer.py took 0.320 seconds
[2024-11-11T00:16:12.753+0000] {processor.py:161} INFO - Started process (PID=7897) to work on /opt/airflow/dags/sensor_airflow_consumer.py
[2024-11-11T00:16:12.754+0000] {processor.py:830} INFO - Processing file /opt/airflow/dags/sensor_airflow_consumer.py for tasks to queue
[2024-11-11T00:16:12.756+0000] {logging_mixin.py:188} INFO - [2024-11-11T00:16:12.756+0000] {dagbag.py:545} INFO - Filling up the DagBag from /opt/airflow/dags/sensor_airflow_consumer.py
[2024-11-11T00:16:13.038+0000] {processor.py:840} INFO - DAG(s) 'sensor_data_consumer' retrieved from /opt/airflow/dags/sensor_airflow_consumer.py
[2024-11-11T00:16:13.064+0000] {logging_mixin.py:188} INFO - [2024-11-11T00:16:13.064+0000] {dag.py:3089} INFO - Sync 1 DAGs
[2024-11-11T00:16:13.090+0000] {logging_mixin.py:188} INFO - [2024-11-11T00:16:13.090+0000] {dag.py:3947} INFO - Setting next_dagrun for sensor_data_consumer to 2025-01-01 00:00:00+00:00, run_after=2026-01-01 00:00:00+00:00
[2024-11-11T00:16:13.108+0000] {processor.py:183} INFO - Processing /opt/airflow/dags/sensor_airflow_consumer.py took 0.360 seconds
[2024-11-11T00:16:43.284+0000] {processor.py:161} INFO - Started process (PID=7918) to work on /opt/airflow/dags/sensor_airflow_consumer.py
[2024-11-11T00:16:43.285+0000] {processor.py:830} INFO - Processing file /opt/airflow/dags/sensor_airflow_consumer.py for tasks to queue
[2024-11-11T00:16:43.287+0000] {logging_mixin.py:188} INFO - [2024-11-11T00:16:43.287+0000] {dagbag.py:545} INFO - Filling up the DagBag from /opt/airflow/dags/sensor_airflow_consumer.py
[2024-11-11T00:16:43.547+0000] {processor.py:840} INFO - DAG(s) 'sensor_data_consumer' retrieved from /opt/airflow/dags/sensor_airflow_consumer.py
[2024-11-11T00:16:43.573+0000] {logging_mixin.py:188} INFO - [2024-11-11T00:16:43.573+0000] {dag.py:3089} INFO - Sync 1 DAGs
[2024-11-11T00:16:43.598+0000] {logging_mixin.py:188} INFO - [2024-11-11T00:16:43.598+0000] {dag.py:3947} INFO - Setting next_dagrun for sensor_data_consumer to 2025-01-01 00:00:00+00:00, run_after=2026-01-01 00:00:00+00:00
[2024-11-11T00:16:43.620+0000] {processor.py:183} INFO - Processing /opt/airflow/dags/sensor_airflow_consumer.py took 0.341 seconds
[2024-11-11T00:17:13.904+0000] {processor.py:161} INFO - Started process (PID=7939) to work on /opt/airflow/dags/sensor_airflow_consumer.py
[2024-11-11T00:17:13.906+0000] {processor.py:830} INFO - Processing file /opt/airflow/dags/sensor_airflow_consumer.py for tasks to queue
[2024-11-11T00:17:13.909+0000] {logging_mixin.py:188} INFO - [2024-11-11T00:17:13.909+0000] {dagbag.py:545} INFO - Filling up the DagBag from /opt/airflow/dags/sensor_airflow_consumer.py
[2024-11-11T00:17:14.254+0000] {processor.py:840} INFO - DAG(s) 'sensor_data_consumer' retrieved from /opt/airflow/dags/sensor_airflow_consumer.py
[2024-11-11T00:17:14.279+0000] {logging_mixin.py:188} INFO - [2024-11-11T00:17:14.279+0000] {dag.py:3089} INFO - Sync 1 DAGs
[2024-11-11T00:17:14.299+0000] {logging_mixin.py:188} INFO - [2024-11-11T00:17:14.299+0000] {dag.py:3947} INFO - Setting next_dagrun for sensor_data_consumer to 2025-01-01 00:00:00+00:00, run_after=2026-01-01 00:00:00+00:00
[2024-11-11T00:17:14.317+0000] {processor.py:183} INFO - Processing /opt/airflow/dags/sensor_airflow_consumer.py took 0.421 seconds
[2024-11-11T00:17:44.516+0000] {processor.py:161} INFO - Started process (PID=7960) to work on /opt/airflow/dags/sensor_airflow_consumer.py
[2024-11-11T00:17:44.517+0000] {processor.py:830} INFO - Processing file /opt/airflow/dags/sensor_airflow_consumer.py for tasks to queue
[2024-11-11T00:17:44.519+0000] {logging_mixin.py:188} INFO - [2024-11-11T00:17:44.519+0000] {dagbag.py:545} INFO - Filling up the DagBag from /opt/airflow/dags/sensor_airflow_consumer.py
[2024-11-11T00:17:44.781+0000] {processor.py:840} INFO - DAG(s) 'sensor_data_consumer' retrieved from /opt/airflow/dags/sensor_airflow_consumer.py
[2024-11-11T00:17:44.803+0000] {logging_mixin.py:188} INFO - [2024-11-11T00:17:44.803+0000] {dag.py:3089} INFO - Sync 1 DAGs
[2024-11-11T00:17:44.824+0000] {logging_mixin.py:188} INFO - [2024-11-11T00:17:44.824+0000] {dag.py:3947} INFO - Setting next_dagrun for sensor_data_consumer to 2025-01-01 00:00:00+00:00, run_after=2026-01-01 00:00:00+00:00
[2024-11-11T00:17:44.850+0000] {processor.py:183} INFO - Processing /opt/airflow/dags/sensor_airflow_consumer.py took 0.341 seconds
[2024-11-11T00:18:15.087+0000] {processor.py:161} INFO - Started process (PID=7982) to work on /opt/airflow/dags/sensor_airflow_consumer.py
[2024-11-11T00:18:15.088+0000] {processor.py:830} INFO - Processing file /opt/airflow/dags/sensor_airflow_consumer.py for tasks to queue
[2024-11-11T00:18:15.091+0000] {logging_mixin.py:188} INFO - [2024-11-11T00:18:15.090+0000] {dagbag.py:545} INFO - Filling up the DagBag from /opt/airflow/dags/sensor_airflow_consumer.py
[2024-11-11T00:18:15.333+0000] {processor.py:840} INFO - DAG(s) 'sensor_data_consumer' retrieved from /opt/airflow/dags/sensor_airflow_consumer.py
[2024-11-11T00:18:15.355+0000] {logging_mixin.py:188} INFO - [2024-11-11T00:18:15.355+0000] {dag.py:3089} INFO - Sync 1 DAGs
[2024-11-11T00:18:15.378+0000] {logging_mixin.py:188} INFO - [2024-11-11T00:18:15.378+0000] {dag.py:3947} INFO - Setting next_dagrun for sensor_data_consumer to 2025-01-01 00:00:00+00:00, run_after=2026-01-01 00:00:00+00:00
[2024-11-11T00:18:15.396+0000] {processor.py:183} INFO - Processing /opt/airflow/dags/sensor_airflow_consumer.py took 0.314 seconds
[2024-11-11T00:18:45.625+0000] {processor.py:161} INFO - Started process (PID=8003) to work on /opt/airflow/dags/sensor_airflow_consumer.py
[2024-11-11T00:18:45.626+0000] {processor.py:830} INFO - Processing file /opt/airflow/dags/sensor_airflow_consumer.py for tasks to queue
[2024-11-11T00:18:45.628+0000] {logging_mixin.py:188} INFO - [2024-11-11T00:18:45.628+0000] {dagbag.py:545} INFO - Filling up the DagBag from /opt/airflow/dags/sensor_airflow_consumer.py
[2024-11-11T00:18:45.851+0000] {processor.py:840} INFO - DAG(s) 'sensor_data_consumer' retrieved from /opt/airflow/dags/sensor_airflow_consumer.py
[2024-11-11T00:18:45.873+0000] {logging_mixin.py:188} INFO - [2024-11-11T00:18:45.873+0000] {dag.py:3089} INFO - Sync 1 DAGs
[2024-11-11T00:18:45.893+0000] {logging_mixin.py:188} INFO - [2024-11-11T00:18:45.893+0000] {dag.py:3947} INFO - Setting next_dagrun for sensor_data_consumer to 2025-01-01 00:00:00+00:00, run_after=2026-01-01 00:00:00+00:00
[2024-11-11T00:18:45.910+0000] {processor.py:183} INFO - Processing /opt/airflow/dags/sensor_airflow_consumer.py took 0.289 seconds
[2024-11-11T00:19:16.120+0000] {processor.py:161} INFO - Started process (PID=8025) to work on /opt/airflow/dags/sensor_airflow_consumer.py
[2024-11-11T00:19:16.121+0000] {processor.py:830} INFO - Processing file /opt/airflow/dags/sensor_airflow_consumer.py for tasks to queue
[2024-11-11T00:19:16.123+0000] {logging_mixin.py:188} INFO - [2024-11-11T00:19:16.123+0000] {dagbag.py:545} INFO - Filling up the DagBag from /opt/airflow/dags/sensor_airflow_consumer.py
[2024-11-11T00:19:16.356+0000] {processor.py:840} INFO - DAG(s) 'sensor_data_consumer' retrieved from /opt/airflow/dags/sensor_airflow_consumer.py
[2024-11-11T00:19:16.384+0000] {logging_mixin.py:188} INFO - [2024-11-11T00:19:16.384+0000] {dag.py:3089} INFO - Sync 1 DAGs
[2024-11-11T00:19:16.402+0000] {logging_mixin.py:188} INFO - [2024-11-11T00:19:16.402+0000] {dag.py:3947} INFO - Setting next_dagrun for sensor_data_consumer to 2025-01-01 00:00:00+00:00, run_after=2026-01-01 00:00:00+00:00
[2024-11-11T00:19:16.422+0000] {processor.py:183} INFO - Processing /opt/airflow/dags/sensor_airflow_consumer.py took 0.312 seconds
[2024-11-11T00:19:46.645+0000] {processor.py:161} INFO - Started process (PID=8046) to work on /opt/airflow/dags/sensor_airflow_consumer.py
[2024-11-11T00:19:46.646+0000] {processor.py:830} INFO - Processing file /opt/airflow/dags/sensor_airflow_consumer.py for tasks to queue
[2024-11-11T00:19:46.648+0000] {logging_mixin.py:188} INFO - [2024-11-11T00:19:46.648+0000] {dagbag.py:545} INFO - Filling up the DagBag from /opt/airflow/dags/sensor_airflow_consumer.py
[2024-11-11T00:19:46.910+0000] {processor.py:840} INFO - DAG(s) 'sensor_data_consumer' retrieved from /opt/airflow/dags/sensor_airflow_consumer.py
[2024-11-11T00:19:46.934+0000] {logging_mixin.py:188} INFO - [2024-11-11T00:19:46.933+0000] {dag.py:3089} INFO - Sync 1 DAGs
[2024-11-11T00:19:46.955+0000] {logging_mixin.py:188} INFO - [2024-11-11T00:19:46.955+0000] {dag.py:3947} INFO - Setting next_dagrun for sensor_data_consumer to 2025-01-01 00:00:00+00:00, run_after=2026-01-01 00:00:00+00:00
[2024-11-11T00:19:46.976+0000] {processor.py:183} INFO - Processing /opt/airflow/dags/sensor_airflow_consumer.py took 0.337 seconds
[2024-11-11T00:20:17.188+0000] {processor.py:161} INFO - Started process (PID=8067) to work on /opt/airflow/dags/sensor_airflow_consumer.py
[2024-11-11T00:20:17.188+0000] {processor.py:830} INFO - Processing file /opt/airflow/dags/sensor_airflow_consumer.py for tasks to queue
[2024-11-11T00:20:17.191+0000] {logging_mixin.py:188} INFO - [2024-11-11T00:20:17.191+0000] {dagbag.py:545} INFO - Filling up the DagBag from /opt/airflow/dags/sensor_airflow_consumer.py
[2024-11-11T00:20:17.413+0000] {processor.py:840} INFO - DAG(s) 'sensor_data_consumer' retrieved from /opt/airflow/dags/sensor_airflow_consumer.py
[2024-11-11T00:20:17.436+0000] {logging_mixin.py:188} INFO - [2024-11-11T00:20:17.436+0000] {dag.py:3089} INFO - Sync 1 DAGs
[2024-11-11T00:20:17.456+0000] {logging_mixin.py:188} INFO - [2024-11-11T00:20:17.456+0000] {dag.py:3947} INFO - Setting next_dagrun for sensor_data_consumer to 2025-01-01 00:00:00+00:00, run_after=2026-01-01 00:00:00+00:00
[2024-11-11T00:20:17.474+0000] {processor.py:183} INFO - Processing /opt/airflow/dags/sensor_airflow_consumer.py took 0.293 seconds
[2024-11-11T00:20:47.670+0000] {processor.py:161} INFO - Started process (PID=8088) to work on /opt/airflow/dags/sensor_airflow_consumer.py
[2024-11-11T00:20:47.671+0000] {processor.py:830} INFO - Processing file /opt/airflow/dags/sensor_airflow_consumer.py for tasks to queue
[2024-11-11T00:20:47.673+0000] {logging_mixin.py:188} INFO - [2024-11-11T00:20:47.673+0000] {dagbag.py:545} INFO - Filling up the DagBag from /opt/airflow/dags/sensor_airflow_consumer.py
[2024-11-11T00:20:47.899+0000] {processor.py:840} INFO - DAG(s) 'sensor_data_consumer' retrieved from /opt/airflow/dags/sensor_airflow_consumer.py
[2024-11-11T00:20:47.925+0000] {logging_mixin.py:188} INFO - [2024-11-11T00:20:47.925+0000] {dag.py:3089} INFO - Sync 1 DAGs
[2024-11-11T00:20:47.945+0000] {logging_mixin.py:188} INFO - [2024-11-11T00:20:47.945+0000] {dag.py:3947} INFO - Setting next_dagrun for sensor_data_consumer to 2025-01-01 00:00:00+00:00, run_after=2026-01-01 00:00:00+00:00
[2024-11-11T00:20:47.965+0000] {processor.py:183} INFO - Processing /opt/airflow/dags/sensor_airflow_consumer.py took 0.301 seconds
[2024-11-11T00:21:18.220+0000] {processor.py:161} INFO - Started process (PID=8109) to work on /opt/airflow/dags/sensor_airflow_consumer.py
[2024-11-11T00:21:18.221+0000] {processor.py:830} INFO - Processing file /opt/airflow/dags/sensor_airflow_consumer.py for tasks to queue
[2024-11-11T00:21:18.223+0000] {logging_mixin.py:188} INFO - [2024-11-11T00:21:18.223+0000] {dagbag.py:545} INFO - Filling up the DagBag from /opt/airflow/dags/sensor_airflow_consumer.py
[2024-11-11T00:21:18.644+0000] {processor.py:840} INFO - DAG(s) 'sensor_data_consumer' retrieved from /opt/airflow/dags/sensor_airflow_consumer.py
[2024-11-11T00:21:18.683+0000] {logging_mixin.py:188} INFO - [2024-11-11T00:21:18.682+0000] {dag.py:3089} INFO - Sync 1 DAGs
[2024-11-11T00:21:18.714+0000] {logging_mixin.py:188} INFO - [2024-11-11T00:21:18.714+0000] {dag.py:3947} INFO - Setting next_dagrun for sensor_data_consumer to 2025-01-01 00:00:00+00:00, run_after=2026-01-01 00:00:00+00:00
[2024-11-11T00:21:18.737+0000] {processor.py:183} INFO - Processing /opt/airflow/dags/sensor_airflow_consumer.py took 0.514 seconds
[2024-11-11T00:21:48.902+0000] {processor.py:161} INFO - Started process (PID=8130) to work on /opt/airflow/dags/sensor_airflow_consumer.py
[2024-11-11T00:21:48.903+0000] {processor.py:830} INFO - Processing file /opt/airflow/dags/sensor_airflow_consumer.py for tasks to queue
[2024-11-11T00:21:48.905+0000] {logging_mixin.py:188} INFO - [2024-11-11T00:21:48.905+0000] {dagbag.py:545} INFO - Filling up the DagBag from /opt/airflow/dags/sensor_airflow_consumer.py
[2024-11-11T00:21:49.154+0000] {processor.py:840} INFO - DAG(s) 'sensor_data_consumer' retrieved from /opt/airflow/dags/sensor_airflow_consumer.py
[2024-11-11T00:21:49.177+0000] {logging_mixin.py:188} INFO - [2024-11-11T00:21:49.176+0000] {dag.py:3089} INFO - Sync 1 DAGs
[2024-11-11T00:21:49.197+0000] {logging_mixin.py:188} INFO - [2024-11-11T00:21:49.197+0000] {dag.py:3947} INFO - Setting next_dagrun for sensor_data_consumer to 2025-01-01 00:00:00+00:00, run_after=2026-01-01 00:00:00+00:00
[2024-11-11T00:21:49.215+0000] {processor.py:183} INFO - Processing /opt/airflow/dags/sensor_airflow_consumer.py took 0.321 seconds
[2024-11-11T00:22:19.437+0000] {processor.py:161} INFO - Started process (PID=8151) to work on /opt/airflow/dags/sensor_airflow_consumer.py
[2024-11-11T00:22:19.437+0000] {processor.py:830} INFO - Processing file /opt/airflow/dags/sensor_airflow_consumer.py for tasks to queue
[2024-11-11T00:22:19.439+0000] {logging_mixin.py:188} INFO - [2024-11-11T00:22:19.439+0000] {dagbag.py:545} INFO - Filling up the DagBag from /opt/airflow/dags/sensor_airflow_consumer.py
[2024-11-11T00:22:19.687+0000] {processor.py:840} INFO - DAG(s) 'sensor_data_consumer' retrieved from /opt/airflow/dags/sensor_airflow_consumer.py
[2024-11-11T00:22:19.709+0000] {logging_mixin.py:188} INFO - [2024-11-11T00:22:19.708+0000] {dag.py:3089} INFO - Sync 1 DAGs
[2024-11-11T00:22:19.731+0000] {logging_mixin.py:188} INFO - [2024-11-11T00:22:19.730+0000] {dag.py:3947} INFO - Setting next_dagrun for sensor_data_consumer to 2025-01-01 00:00:00+00:00, run_after=2026-01-01 00:00:00+00:00
[2024-11-11T00:22:19.748+0000] {processor.py:183} INFO - Processing /opt/airflow/dags/sensor_airflow_consumer.py took 0.317 seconds
[2024-11-11T00:22:49.938+0000] {processor.py:161} INFO - Started process (PID=8172) to work on /opt/airflow/dags/sensor_airflow_consumer.py
[2024-11-11T00:22:49.939+0000] {processor.py:830} INFO - Processing file /opt/airflow/dags/sensor_airflow_consumer.py for tasks to queue
[2024-11-11T00:22:49.940+0000] {logging_mixin.py:188} INFO - [2024-11-11T00:22:49.940+0000] {dagbag.py:545} INFO - Filling up the DagBag from /opt/airflow/dags/sensor_airflow_consumer.py
[2024-11-11T00:22:50.183+0000] {processor.py:840} INFO - DAG(s) 'sensor_data_consumer' retrieved from /opt/airflow/dags/sensor_airflow_consumer.py
[2024-11-11T00:22:50.205+0000] {logging_mixin.py:188} INFO - [2024-11-11T00:22:50.205+0000] {dag.py:3089} INFO - Sync 1 DAGs
[2024-11-11T00:22:50.224+0000] {logging_mixin.py:188} INFO - [2024-11-11T00:22:50.224+0000] {dag.py:3947} INFO - Setting next_dagrun for sensor_data_consumer to 2025-01-01 00:00:00+00:00, run_after=2026-01-01 00:00:00+00:00
[2024-11-11T00:22:50.243+0000] {processor.py:183} INFO - Processing /opt/airflow/dags/sensor_airflow_consumer.py took 0.310 seconds
[2024-11-11T00:23:20.441+0000] {processor.py:161} INFO - Started process (PID=8193) to work on /opt/airflow/dags/sensor_airflow_consumer.py
[2024-11-11T00:23:20.442+0000] {processor.py:830} INFO - Processing file /opt/airflow/dags/sensor_airflow_consumer.py for tasks to queue
[2024-11-11T00:23:20.444+0000] {logging_mixin.py:188} INFO - [2024-11-11T00:23:20.443+0000] {dagbag.py:545} INFO - Filling up the DagBag from /opt/airflow/dags/sensor_airflow_consumer.py
[2024-11-11T00:23:20.699+0000] {processor.py:840} INFO - DAG(s) 'sensor_data_consumer' retrieved from /opt/airflow/dags/sensor_airflow_consumer.py
[2024-11-11T00:23:20.719+0000] {logging_mixin.py:188} INFO - [2024-11-11T00:23:20.719+0000] {dag.py:3089} INFO - Sync 1 DAGs
[2024-11-11T00:23:20.739+0000] {logging_mixin.py:188} INFO - [2024-11-11T00:23:20.739+0000] {dag.py:3947} INFO - Setting next_dagrun for sensor_data_consumer to 2025-01-01 00:00:00+00:00, run_after=2026-01-01 00:00:00+00:00
[2024-11-11T00:23:21.657+0000] {processor.py:183} INFO - Processing /opt/airflow/dags/sensor_airflow_consumer.py took 1.223 seconds
[2024-11-11T00:23:51.981+0000] {processor.py:161} INFO - Started process (PID=8221) to work on /opt/airflow/dags/sensor_airflow_consumer.py
[2024-11-11T00:23:51.982+0000] {processor.py:830} INFO - Processing file /opt/airflow/dags/sensor_airflow_consumer.py for tasks to queue
[2024-11-11T00:23:51.984+0000] {logging_mixin.py:188} INFO - [2024-11-11T00:23:51.984+0000] {dagbag.py:545} INFO - Filling up the DagBag from /opt/airflow/dags/sensor_airflow_consumer.py
[2024-11-11T00:23:52.203+0000] {processor.py:840} INFO - DAG(s) 'sensor_data_consumer' retrieved from /opt/airflow/dags/sensor_airflow_consumer.py
[2024-11-11T00:23:52.342+0000] {logging_mixin.py:188} INFO - [2024-11-11T00:23:52.342+0000] {dag.py:3089} INFO - Sync 1 DAGs
[2024-11-11T00:23:52.361+0000] {logging_mixin.py:188} INFO - [2024-11-11T00:23:52.361+0000] {dag.py:3947} INFO - Setting next_dagrun for sensor_data_consumer to 2025-01-01 00:00:00+00:00, run_after=2026-01-01 00:00:00+00:00
[2024-11-11T00:23:52.388+0000] {processor.py:183} INFO - Processing /opt/airflow/dags/sensor_airflow_consumer.py took 0.413 seconds
[2024-11-11T00:24:23.347+0000] {processor.py:161} INFO - Started process (PID=8242) to work on /opt/airflow/dags/sensor_airflow_consumer.py
[2024-11-11T00:24:23.348+0000] {processor.py:830} INFO - Processing file /opt/airflow/dags/sensor_airflow_consumer.py for tasks to queue
[2024-11-11T00:24:23.350+0000] {logging_mixin.py:188} INFO - [2024-11-11T00:24:23.350+0000] {dagbag.py:545} INFO - Filling up the DagBag from /opt/airflow/dags/sensor_airflow_consumer.py
[2024-11-11T00:24:23.555+0000] {processor.py:840} INFO - DAG(s) 'sensor_data_consumer' retrieved from /opt/airflow/dags/sensor_airflow_consumer.py
[2024-11-11T00:24:23.576+0000] {logging_mixin.py:188} INFO - [2024-11-11T00:24:23.576+0000] {dag.py:3089} INFO - Sync 1 DAGs
[2024-11-11T00:24:23.596+0000] {logging_mixin.py:188} INFO - [2024-11-11T00:24:23.595+0000] {dag.py:3947} INFO - Setting next_dagrun for sensor_data_consumer to 2025-01-01 00:00:00+00:00, run_after=2026-01-01 00:00:00+00:00
[2024-11-11T00:24:23.615+0000] {processor.py:183} INFO - Processing /opt/airflow/dags/sensor_airflow_consumer.py took 0.274 seconds
[2024-11-11T00:24:53.792+0000] {processor.py:161} INFO - Started process (PID=8263) to work on /opt/airflow/dags/sensor_airflow_consumer.py
[2024-11-11T00:24:53.793+0000] {processor.py:830} INFO - Processing file /opt/airflow/dags/sensor_airflow_consumer.py for tasks to queue
[2024-11-11T00:24:53.794+0000] {logging_mixin.py:188} INFO - [2024-11-11T00:24:53.794+0000] {dagbag.py:545} INFO - Filling up the DagBag from /opt/airflow/dags/sensor_airflow_consumer.py
[2024-11-11T00:24:54.034+0000] {processor.py:840} INFO - DAG(s) 'sensor_data_consumer' retrieved from /opt/airflow/dags/sensor_airflow_consumer.py
[2024-11-11T00:24:54.056+0000] {logging_mixin.py:188} INFO - [2024-11-11T00:24:54.056+0000] {dag.py:3089} INFO - Sync 1 DAGs
[2024-11-11T00:24:54.219+0000] {logging_mixin.py:188} INFO - [2024-11-11T00:24:54.219+0000] {dag.py:3947} INFO - Setting next_dagrun for sensor_data_consumer to 2025-01-01 00:00:00+00:00, run_after=2026-01-01 00:00:00+00:00
[2024-11-11T00:24:54.243+0000] {processor.py:183} INFO - Processing /opt/airflow/dags/sensor_airflow_consumer.py took 0.457 seconds
[2024-11-11T00:25:25.171+0000] {processor.py:161} INFO - Started process (PID=8284) to work on /opt/airflow/dags/sensor_airflow_consumer.py
[2024-11-11T00:25:25.172+0000] {processor.py:830} INFO - Processing file /opt/airflow/dags/sensor_airflow_consumer.py for tasks to queue
[2024-11-11T00:25:25.175+0000] {logging_mixin.py:188} INFO - [2024-11-11T00:25:25.174+0000] {dagbag.py:545} INFO - Filling up the DagBag from /opt/airflow/dags/sensor_airflow_consumer.py
[2024-11-11T00:25:25.537+0000] {processor.py:840} INFO - DAG(s) 'sensor_data_consumer' retrieved from /opt/airflow/dags/sensor_airflow_consumer.py
[2024-11-11T00:25:25.565+0000] {logging_mixin.py:188} INFO - [2024-11-11T00:25:25.564+0000] {dag.py:3089} INFO - Sync 1 DAGs
[2024-11-11T00:25:25.593+0000] {logging_mixin.py:188} INFO - [2024-11-11T00:25:25.592+0000] {dag.py:3947} INFO - Setting next_dagrun for sensor_data_consumer to 2025-01-01 00:00:00+00:00, run_after=2026-01-01 00:00:00+00:00
[2024-11-11T00:25:25.633+0000] {processor.py:183} INFO - Processing /opt/airflow/dags/sensor_airflow_consumer.py took 0.468 seconds
[2024-11-11T00:25:56.504+0000] {processor.py:161} INFO - Started process (PID=8305) to work on /opt/airflow/dags/sensor_airflow_consumer.py
[2024-11-11T00:25:56.505+0000] {processor.py:830} INFO - Processing file /opt/airflow/dags/sensor_airflow_consumer.py for tasks to queue
[2024-11-11T00:25:56.507+0000] {logging_mixin.py:188} INFO - [2024-11-11T00:25:56.506+0000] {dagbag.py:545} INFO - Filling up the DagBag from /opt/airflow/dags/sensor_airflow_consumer.py
[2024-11-11T00:25:56.718+0000] {processor.py:840} INFO - DAG(s) 'sensor_data_consumer' retrieved from /opt/airflow/dags/sensor_airflow_consumer.py
[2024-11-11T00:25:56.740+0000] {logging_mixin.py:188} INFO - [2024-11-11T00:25:56.739+0000] {dag.py:3089} INFO - Sync 1 DAGs
[2024-11-11T00:25:56.882+0000] {logging_mixin.py:188} INFO - [2024-11-11T00:25:56.881+0000] {dag.py:3947} INFO - Setting next_dagrun for sensor_data_consumer to 2025-01-01 00:00:00+00:00, run_after=2026-01-01 00:00:00+00:00
[2024-11-11T00:25:56.905+0000] {processor.py:183} INFO - Processing /opt/airflow/dags/sensor_airflow_consumer.py took 0.406 seconds
[2024-11-11T00:26:26.950+0000] {processor.py:161} INFO - Started process (PID=8326) to work on /opt/airflow/dags/sensor_airflow_consumer.py
[2024-11-11T00:26:26.951+0000] {processor.py:830} INFO - Processing file /opt/airflow/dags/sensor_airflow_consumer.py for tasks to queue
[2024-11-11T00:26:26.952+0000] {logging_mixin.py:188} INFO - [2024-11-11T00:26:26.952+0000] {dagbag.py:545} INFO - Filling up the DagBag from /opt/airflow/dags/sensor_airflow_consumer.py
[2024-11-11T00:26:27.195+0000] {processor.py:840} INFO - DAG(s) 'sensor_data_consumer' retrieved from /opt/airflow/dags/sensor_airflow_consumer.py
[2024-11-11T00:26:27.356+0000] {logging_mixin.py:188} INFO - [2024-11-11T00:26:27.356+0000] {dag.py:3089} INFO - Sync 1 DAGs
[2024-11-11T00:26:27.376+0000] {logging_mixin.py:188} INFO - [2024-11-11T00:26:27.376+0000] {dag.py:3947} INFO - Setting next_dagrun for sensor_data_consumer to 2025-01-01 00:00:00+00:00, run_after=2026-01-01 00:00:00+00:00
[2024-11-11T00:26:27.406+0000] {processor.py:183} INFO - Processing /opt/airflow/dags/sensor_airflow_consumer.py took 0.462 seconds
[2024-11-11T00:26:58.329+0000] {processor.py:161} INFO - Started process (PID=8347) to work on /opt/airflow/dags/sensor_airflow_consumer.py
[2024-11-11T00:26:58.330+0000] {processor.py:830} INFO - Processing file /opt/airflow/dags/sensor_airflow_consumer.py for tasks to queue
[2024-11-11T00:26:58.332+0000] {logging_mixin.py:188} INFO - [2024-11-11T00:26:58.331+0000] {dagbag.py:545} INFO - Filling up the DagBag from /opt/airflow/dags/sensor_airflow_consumer.py
[2024-11-11T00:26:58.585+0000] {processor.py:840} INFO - DAG(s) 'sensor_data_consumer' retrieved from /opt/airflow/dags/sensor_airflow_consumer.py
[2024-11-11T00:26:58.613+0000] {logging_mixin.py:188} INFO - [2024-11-11T00:26:58.612+0000] {dag.py:3089} INFO - Sync 1 DAGs
[2024-11-11T00:26:58.636+0000] {logging_mixin.py:188} INFO - [2024-11-11T00:26:58.636+0000] {dag.py:3947} INFO - Setting next_dagrun for sensor_data_consumer to 2025-01-01 00:00:00+00:00, run_after=2026-01-01 00:00:00+00:00
[2024-11-11T00:26:58.656+0000] {processor.py:183} INFO - Processing /opt/airflow/dags/sensor_airflow_consumer.py took 0.333 seconds
[2024-11-11T00:27:28.721+0000] {processor.py:161} INFO - Started process (PID=8368) to work on /opt/airflow/dags/sensor_airflow_consumer.py
[2024-11-11T00:27:28.722+0000] {processor.py:830} INFO - Processing file /opt/airflow/dags/sensor_airflow_consumer.py for tasks to queue
[2024-11-11T00:27:28.724+0000] {logging_mixin.py:188} INFO - [2024-11-11T00:27:28.724+0000] {dagbag.py:545} INFO - Filling up the DagBag from /opt/airflow/dags/sensor_airflow_consumer.py
[2024-11-11T00:27:28.952+0000] {processor.py:840} INFO - DAG(s) 'sensor_data_consumer' retrieved from /opt/airflow/dags/sensor_airflow_consumer.py
[2024-11-11T00:27:28.975+0000] {logging_mixin.py:188} INFO - [2024-11-11T00:27:28.975+0000] {dag.py:3089} INFO - Sync 1 DAGs
[2024-11-11T00:27:29.104+0000] {logging_mixin.py:188} INFO - [2024-11-11T00:27:29.104+0000] {dag.py:3947} INFO - Setting next_dagrun for sensor_data_consumer to 2025-01-01 00:00:00+00:00, run_after=2026-01-01 00:00:00+00:00
[2024-11-11T00:27:29.121+0000] {processor.py:183} INFO - Processing /opt/airflow/dags/sensor_airflow_consumer.py took 0.405 seconds
[2024-11-11T00:28:00.076+0000] {processor.py:161} INFO - Started process (PID=8389) to work on /opt/airflow/dags/sensor_airflow_consumer.py
[2024-11-11T00:28:00.077+0000] {processor.py:830} INFO - Processing file /opt/airflow/dags/sensor_airflow_consumer.py for tasks to queue
[2024-11-11T00:28:00.079+0000] {logging_mixin.py:188} INFO - [2024-11-11T00:28:00.079+0000] {dagbag.py:545} INFO - Filling up the DagBag from /opt/airflow/dags/sensor_airflow_consumer.py
[2024-11-11T00:28:00.289+0000] {processor.py:840} INFO - DAG(s) 'sensor_data_consumer' retrieved from /opt/airflow/dags/sensor_airflow_consumer.py
[2024-11-11T00:28:00.310+0000] {logging_mixin.py:188} INFO - [2024-11-11T00:28:00.310+0000] {dag.py:3089} INFO - Sync 1 DAGs
[2024-11-11T00:28:00.328+0000] {logging_mixin.py:188} INFO - [2024-11-11T00:28:00.328+0000] {dag.py:3947} INFO - Setting next_dagrun for sensor_data_consumer to 2025-01-01 00:00:00+00:00, run_after=2026-01-01 00:00:00+00:00
[2024-11-11T00:28:00.345+0000] {processor.py:183} INFO - Processing /opt/airflow/dags/sensor_airflow_consumer.py took 0.274 seconds
[2024-11-11T00:28:30.485+0000] {processor.py:161} INFO - Started process (PID=8410) to work on /opt/airflow/dags/sensor_airflow_consumer.py
[2024-11-11T00:28:30.486+0000] {processor.py:830} INFO - Processing file /opt/airflow/dags/sensor_airflow_consumer.py for tasks to queue
[2024-11-11T00:28:30.488+0000] {logging_mixin.py:188} INFO - [2024-11-11T00:28:30.487+0000] {dagbag.py:545} INFO - Filling up the DagBag from /opt/airflow/dags/sensor_airflow_consumer.py
[2024-11-11T00:28:30.696+0000] {processor.py:840} INFO - DAG(s) 'sensor_data_consumer' retrieved from /opt/airflow/dags/sensor_airflow_consumer.py
[2024-11-11T00:28:30.721+0000] {logging_mixin.py:188} INFO - [2024-11-11T00:28:30.721+0000] {dag.py:3089} INFO - Sync 1 DAGs
[2024-11-11T00:28:30.864+0000] {logging_mixin.py:188} INFO - [2024-11-11T00:28:30.863+0000] {dag.py:3947} INFO - Setting next_dagrun for sensor_data_consumer to 2025-01-01 00:00:00+00:00, run_after=2026-01-01 00:00:00+00:00
[2024-11-11T00:28:30.884+0000] {processor.py:183} INFO - Processing /opt/airflow/dags/sensor_airflow_consumer.py took 0.404 seconds
[2024-11-11T00:29:01.896+0000] {processor.py:161} INFO - Started process (PID=8431) to work on /opt/airflow/dags/sensor_airflow_consumer.py
[2024-11-11T00:29:01.897+0000] {processor.py:830} INFO - Processing file /opt/airflow/dags/sensor_airflow_consumer.py for tasks to queue
[2024-11-11T00:29:01.899+0000] {logging_mixin.py:188} INFO - [2024-11-11T00:29:01.899+0000] {dagbag.py:545} INFO - Filling up the DagBag from /opt/airflow/dags/sensor_airflow_consumer.py
[2024-11-11T00:29:02.128+0000] {processor.py:840} INFO - DAG(s) 'sensor_data_consumer' retrieved from /opt/airflow/dags/sensor_airflow_consumer.py
[2024-11-11T00:29:02.264+0000] {logging_mixin.py:188} INFO - [2024-11-11T00:29:02.264+0000] {dag.py:3089} INFO - Sync 1 DAGs
[2024-11-11T00:29:02.280+0000] {logging_mixin.py:188} INFO - [2024-11-11T00:29:02.280+0000] {dag.py:3947} INFO - Setting next_dagrun for sensor_data_consumer to 2025-01-01 00:00:00+00:00, run_after=2026-01-01 00:00:00+00:00
[2024-11-11T00:29:02.300+0000] {processor.py:183} INFO - Processing /opt/airflow/dags/sensor_airflow_consumer.py took 0.408 seconds
[2024-11-11T00:29:33.277+0000] {processor.py:161} INFO - Started process (PID=8452) to work on /opt/airflow/dags/sensor_airflow_consumer.py
[2024-11-11T00:29:33.278+0000] {processor.py:830} INFO - Processing file /opt/airflow/dags/sensor_airflow_consumer.py for tasks to queue
[2024-11-11T00:29:33.281+0000] {logging_mixin.py:188} INFO - [2024-11-11T00:29:33.280+0000] {dagbag.py:545} INFO - Filling up the DagBag from /opt/airflow/dags/sensor_airflow_consumer.py
[2024-11-11T00:29:33.661+0000] {processor.py:840} INFO - DAG(s) 'sensor_data_consumer' retrieved from /opt/airflow/dags/sensor_airflow_consumer.py
[2024-11-11T00:29:33.679+0000] {logging_mixin.py:188} INFO - [2024-11-11T00:29:33.679+0000] {dag.py:3089} INFO - Sync 1 DAGs
[2024-11-11T00:29:33.697+0000] {logging_mixin.py:188} INFO - [2024-11-11T00:29:33.697+0000] {dag.py:3947} INFO - Setting next_dagrun for sensor_data_consumer to 2025-01-01 00:00:00+00:00, run_after=2026-01-01 00:00:00+00:00
[2024-11-11T00:29:33.718+0000] {processor.py:183} INFO - Processing /opt/airflow/dags/sensor_airflow_consumer.py took 0.446 seconds
[2024-11-11T00:30:04.628+0000] {processor.py:161} INFO - Started process (PID=8473) to work on /opt/airflow/dags/sensor_airflow_consumer.py
[2024-11-11T00:30:04.629+0000] {processor.py:830} INFO - Processing file /opt/airflow/dags/sensor_airflow_consumer.py for tasks to queue
[2024-11-11T00:30:04.631+0000] {logging_mixin.py:188} INFO - [2024-11-11T00:30:04.631+0000] {dagbag.py:545} INFO - Filling up the DagBag from /opt/airflow/dags/sensor_airflow_consumer.py
[2024-11-11T00:30:04.923+0000] {processor.py:840} INFO - DAG(s) 'sensor_data_consumer' retrieved from /opt/airflow/dags/sensor_airflow_consumer.py
[2024-11-11T00:30:05.135+0000] {logging_mixin.py:188} INFO - [2024-11-11T00:30:05.134+0000] {dag.py:3089} INFO - Sync 1 DAGs
[2024-11-11T00:30:05.152+0000] {logging_mixin.py:188} INFO - [2024-11-11T00:30:05.151+0000] {dag.py:3947} INFO - Setting next_dagrun for sensor_data_consumer to 2025-01-01 00:00:00+00:00, run_after=2026-01-01 00:00:00+00:00
[2024-11-11T00:30:05.167+0000] {processor.py:183} INFO - Processing /opt/airflow/dags/sensor_airflow_consumer.py took 0.545 seconds
[2024-11-11T00:30:36.060+0000] {processor.py:161} INFO - Started process (PID=8494) to work on /opt/airflow/dags/sensor_airflow_consumer.py
[2024-11-11T00:30:36.061+0000] {processor.py:830} INFO - Processing file /opt/airflow/dags/sensor_airflow_consumer.py for tasks to queue
[2024-11-11T00:30:36.062+0000] {logging_mixin.py:188} INFO - [2024-11-11T00:30:36.062+0000] {dagbag.py:545} INFO - Filling up the DagBag from /opt/airflow/dags/sensor_airflow_consumer.py
[2024-11-11T00:30:36.396+0000] {processor.py:840} INFO - DAG(s) 'sensor_data_consumer' retrieved from /opt/airflow/dags/sensor_airflow_consumer.py
[2024-11-11T00:30:36.414+0000] {logging_mixin.py:188} INFO - [2024-11-11T00:30:36.414+0000] {dag.py:3089} INFO - Sync 1 DAGs
[2024-11-11T00:30:36.430+0000] {logging_mixin.py:188} INFO - [2024-11-11T00:30:36.429+0000] {dag.py:3947} INFO - Setting next_dagrun for sensor_data_consumer to 2025-01-01 00:00:00+00:00, run_after=2026-01-01 00:00:00+00:00
[2024-11-11T00:30:36.446+0000] {processor.py:183} INFO - Processing /opt/airflow/dags/sensor_airflow_consumer.py took 0.392 seconds
[2024-11-11T00:31:07.441+0000] {processor.py:161} INFO - Started process (PID=8515) to work on /opt/airflow/dags/sensor_airflow_consumer.py
[2024-11-11T00:31:07.442+0000] {processor.py:830} INFO - Processing file /opt/airflow/dags/sensor_airflow_consumer.py for tasks to queue
[2024-11-11T00:31:07.444+0000] {logging_mixin.py:188} INFO - [2024-11-11T00:31:07.444+0000] {dagbag.py:545} INFO - Filling up the DagBag from /opt/airflow/dags/sensor_airflow_consumer.py
[2024-11-11T00:31:07.672+0000] {processor.py:840} INFO - DAG(s) 'sensor_data_consumer' retrieved from /opt/airflow/dags/sensor_airflow_consumer.py
[2024-11-11T00:31:07.704+0000] {logging_mixin.py:188} INFO - [2024-11-11T00:31:07.704+0000] {dag.py:3089} INFO - Sync 1 DAGs
[2024-11-11T00:31:08.357+0000] {logging_mixin.py:188} INFO - [2024-11-11T00:31:08.356+0000] {dag.py:3947} INFO - Setting next_dagrun for sensor_data_consumer to 2025-01-01 00:00:00+00:00, run_after=2026-01-01 00:00:00+00:00
[2024-11-11T00:31:08.397+0000] {processor.py:183} INFO - Processing /opt/airflow/dags/sensor_airflow_consumer.py took 0.961 seconds
[2024-11-11T00:31:39.116+0000] {processor.py:161} INFO - Started process (PID=8542) to work on /opt/airflow/dags/sensor_airflow_consumer.py
[2024-11-11T00:31:39.117+0000] {processor.py:830} INFO - Processing file /opt/airflow/dags/sensor_airflow_consumer.py for tasks to queue
[2024-11-11T00:31:39.118+0000] {logging_mixin.py:188} INFO - [2024-11-11T00:31:39.118+0000] {dagbag.py:545} INFO - Filling up the DagBag from /opt/airflow/dags/sensor_airflow_consumer.py
[2024-11-11T00:31:39.453+0000] {processor.py:840} INFO - DAG(s) 'sensor_data_consumer' retrieved from /opt/airflow/dags/sensor_airflow_consumer.py
[2024-11-11T00:31:39.475+0000] {logging_mixin.py:188} INFO - [2024-11-11T00:31:39.475+0000] {dag.py:3089} INFO - Sync 1 DAGs
[2024-11-11T00:31:39.491+0000] {logging_mixin.py:188} INFO - [2024-11-11T00:31:39.491+0000] {dag.py:3947} INFO - Setting next_dagrun for sensor_data_consumer to 2025-01-01 00:00:00+00:00, run_after=2026-01-01 00:00:00+00:00
[2024-11-11T00:31:39.508+0000] {processor.py:183} INFO - Processing /opt/airflow/dags/sensor_airflow_consumer.py took 0.398 seconds
[2024-11-11T00:32:09.558+0000] {processor.py:161} INFO - Started process (PID=8564) to work on /opt/airflow/dags/sensor_airflow_consumer.py
[2024-11-11T00:32:09.559+0000] {processor.py:830} INFO - Processing file /opt/airflow/dags/sensor_airflow_consumer.py for tasks to queue
[2024-11-11T00:32:09.561+0000] {logging_mixin.py:188} INFO - [2024-11-11T00:32:09.561+0000] {dagbag.py:545} INFO - Filling up the DagBag from /opt/airflow/dags/sensor_airflow_consumer.py
[2024-11-11T00:32:10.113+0000] {processor.py:840} INFO - DAG(s) 'sensor_data_consumer' retrieved from /opt/airflow/dags/sensor_airflow_consumer.py
[2024-11-11T00:32:10.138+0000] {logging_mixin.py:188} INFO - [2024-11-11T00:32:10.138+0000] {dag.py:3089} INFO - Sync 1 DAGs
[2024-11-11T00:32:10.160+0000] {logging_mixin.py:188} INFO - [2024-11-11T00:32:10.160+0000] {dag.py:3947} INFO - Setting next_dagrun for sensor_data_consumer to 2025-01-01 00:00:00+00:00, run_after=2026-01-01 00:00:00+00:00
[2024-11-11T00:32:10.178+0000] {processor.py:183} INFO - Processing /opt/airflow/dags/sensor_airflow_consumer.py took 0.628 seconds
[2024-11-11T00:32:41.135+0000] {processor.py:161} INFO - Started process (PID=8585) to work on /opt/airflow/dags/sensor_airflow_consumer.py
[2024-11-11T00:32:41.136+0000] {processor.py:830} INFO - Processing file /opt/airflow/dags/sensor_airflow_consumer.py for tasks to queue
[2024-11-11T00:32:41.138+0000] {logging_mixin.py:188} INFO - [2024-11-11T00:32:41.137+0000] {dagbag.py:545} INFO - Filling up the DagBag from /opt/airflow/dags/sensor_airflow_consumer.py
[2024-11-11T00:32:41.359+0000] {processor.py:840} INFO - DAG(s) 'sensor_data_consumer' retrieved from /opt/airflow/dags/sensor_airflow_consumer.py
[2024-11-11T00:32:41.485+0000] {logging_mixin.py:188} INFO - [2024-11-11T00:32:41.485+0000] {dag.py:3089} INFO - Sync 1 DAGs
[2024-11-11T00:32:41.501+0000] {logging_mixin.py:188} INFO - [2024-11-11T00:32:41.501+0000] {dag.py:3947} INFO - Setting next_dagrun for sensor_data_consumer to 2025-01-01 00:00:00+00:00, run_after=2026-01-01 00:00:00+00:00
[2024-11-11T00:32:41.524+0000] {processor.py:183} INFO - Processing /opt/airflow/dags/sensor_airflow_consumer.py took 0.396 seconds
[2024-11-11T00:33:12.561+0000] {processor.py:161} INFO - Started process (PID=8606) to work on /opt/airflow/dags/sensor_airflow_consumer.py
[2024-11-11T00:33:12.562+0000] {processor.py:830} INFO - Processing file /opt/airflow/dags/sensor_airflow_consumer.py for tasks to queue
[2024-11-11T00:33:12.563+0000] {logging_mixin.py:188} INFO - [2024-11-11T00:33:12.563+0000] {dagbag.py:545} INFO - Filling up the DagBag from /opt/airflow/dags/sensor_airflow_consumer.py
[2024-11-11T00:33:12.940+0000] {processor.py:840} INFO - DAG(s) 'sensor_data_consumer' retrieved from /opt/airflow/dags/sensor_airflow_consumer.py
[2024-11-11T00:33:12.959+0000] {logging_mixin.py:188} INFO - [2024-11-11T00:33:12.959+0000] {dag.py:3089} INFO - Sync 1 DAGs
[2024-11-11T00:33:12.980+0000] {logging_mixin.py:188} INFO - [2024-11-11T00:33:12.980+0000] {dag.py:3947} INFO - Setting next_dagrun for sensor_data_consumer to 2025-01-01 00:00:00+00:00, run_after=2026-01-01 00:00:00+00:00
[2024-11-11T00:33:12.998+0000] {processor.py:183} INFO - Processing /opt/airflow/dags/sensor_airflow_consumer.py took 0.443 seconds
[2024-11-11T00:33:43.920+0000] {processor.py:161} INFO - Started process (PID=8627) to work on /opt/airflow/dags/sensor_airflow_consumer.py
[2024-11-11T00:33:43.922+0000] {processor.py:830} INFO - Processing file /opt/airflow/dags/sensor_airflow_consumer.py for tasks to queue
[2024-11-11T00:33:43.925+0000] {logging_mixin.py:188} INFO - [2024-11-11T00:33:43.924+0000] {dagbag.py:545} INFO - Filling up the DagBag from /opt/airflow/dags/sensor_airflow_consumer.py
[2024-11-11T00:33:44.210+0000] {processor.py:840} INFO - DAG(s) 'sensor_data_consumer' retrieved from /opt/airflow/dags/sensor_airflow_consumer.py
[2024-11-11T00:33:44.391+0000] {logging_mixin.py:188} INFO - [2024-11-11T00:33:44.390+0000] {dag.py:3089} INFO - Sync 1 DAGs
[2024-11-11T00:33:44.411+0000] {logging_mixin.py:188} INFO - [2024-11-11T00:33:44.411+0000] {dag.py:3947} INFO - Setting next_dagrun for sensor_data_consumer to 2025-01-01 00:00:00+00:00, run_after=2026-01-01 00:00:00+00:00
[2024-11-11T00:33:44.440+0000] {processor.py:183} INFO - Processing /opt/airflow/dags/sensor_airflow_consumer.py took 0.525 seconds
[2024-11-11T00:34:15.256+0000] {processor.py:161} INFO - Started process (PID=8648) to work on /opt/airflow/dags/sensor_airflow_consumer.py
[2024-11-11T00:34:15.257+0000] {processor.py:830} INFO - Processing file /opt/airflow/dags/sensor_airflow_consumer.py for tasks to queue
[2024-11-11T00:34:15.259+0000] {logging_mixin.py:188} INFO - [2024-11-11T00:34:15.258+0000] {dagbag.py:545} INFO - Filling up the DagBag from /opt/airflow/dags/sensor_airflow_consumer.py
[2024-11-11T00:34:15.584+0000] {processor.py:840} INFO - DAG(s) 'sensor_data_consumer' retrieved from /opt/airflow/dags/sensor_airflow_consumer.py
[2024-11-11T00:34:15.604+0000] {logging_mixin.py:188} INFO - [2024-11-11T00:34:15.604+0000] {dag.py:3089} INFO - Sync 1 DAGs
[2024-11-11T00:34:15.623+0000] {logging_mixin.py:188} INFO - [2024-11-11T00:34:15.622+0000] {dag.py:3947} INFO - Setting next_dagrun for sensor_data_consumer to 2025-01-01 00:00:00+00:00, run_after=2026-01-01 00:00:00+00:00
[2024-11-11T00:34:15.641+0000] {processor.py:183} INFO - Processing /opt/airflow/dags/sensor_airflow_consumer.py took 0.390 seconds
[2024-11-11T00:34:46.647+0000] {processor.py:161} INFO - Started process (PID=8670) to work on /opt/airflow/dags/sensor_airflow_consumer.py
[2024-11-11T00:34:46.648+0000] {processor.py:830} INFO - Processing file /opt/airflow/dags/sensor_airflow_consumer.py for tasks to queue
[2024-11-11T00:34:46.649+0000] {logging_mixin.py:188} INFO - [2024-11-11T00:34:46.649+0000] {dagbag.py:545} INFO - Filling up the DagBag from /opt/airflow/dags/sensor_airflow_consumer.py
[2024-11-11T00:34:46.969+0000] {processor.py:840} INFO - DAG(s) 'sensor_data_consumer' retrieved from /opt/airflow/dags/sensor_airflow_consumer.py
[2024-11-11T00:34:46.989+0000] {logging_mixin.py:188} INFO - [2024-11-11T00:34:46.989+0000] {dag.py:3089} INFO - Sync 1 DAGs
[2024-11-11T00:34:47.009+0000] {logging_mixin.py:188} INFO - [2024-11-11T00:34:47.008+0000] {dag.py:3947} INFO - Setting next_dagrun for sensor_data_consumer to 2025-01-01 00:00:00+00:00, run_after=2026-01-01 00:00:00+00:00
[2024-11-11T00:34:47.027+0000] {processor.py:183} INFO - Processing /opt/airflow/dags/sensor_airflow_consumer.py took 0.385 seconds
[2024-11-11T00:35:17.997+0000] {processor.py:161} INFO - Started process (PID=8691) to work on /opt/airflow/dags/sensor_airflow_consumer.py
[2024-11-11T00:35:17.999+0000] {processor.py:830} INFO - Processing file /opt/airflow/dags/sensor_airflow_consumer.py for tasks to queue
[2024-11-11T00:35:18.000+0000] {logging_mixin.py:188} INFO - [2024-11-11T00:35:18.000+0000] {dagbag.py:545} INFO - Filling up the DagBag from /opt/airflow/dags/sensor_airflow_consumer.py
[2024-11-11T00:35:18.325+0000] {processor.py:840} INFO - DAG(s) 'sensor_data_consumer' retrieved from /opt/airflow/dags/sensor_airflow_consumer.py
[2024-11-11T00:35:18.344+0000] {logging_mixin.py:188} INFO - [2024-11-11T00:35:18.344+0000] {dag.py:3089} INFO - Sync 1 DAGs
[2024-11-11T00:35:18.362+0000] {logging_mixin.py:188} INFO - [2024-11-11T00:35:18.362+0000] {dag.py:3947} INFO - Setting next_dagrun for sensor_data_consumer to 2025-01-01 00:00:00+00:00, run_after=2026-01-01 00:00:00+00:00
[2024-11-11T00:35:18.381+0000] {processor.py:183} INFO - Processing /opt/airflow/dags/sensor_airflow_consumer.py took 0.389 seconds
[2024-11-11T00:35:49.356+0000] {processor.py:161} INFO - Started process (PID=8713) to work on /opt/airflow/dags/sensor_airflow_consumer.py
[2024-11-11T00:35:49.357+0000] {processor.py:830} INFO - Processing file /opt/airflow/dags/sensor_airflow_consumer.py for tasks to queue
[2024-11-11T00:35:49.359+0000] {logging_mixin.py:188} INFO - [2024-11-11T00:35:49.358+0000] {dagbag.py:545} INFO - Filling up the DagBag from /opt/airflow/dags/sensor_airflow_consumer.py
[2024-11-11T00:35:49.690+0000] {processor.py:840} INFO - DAG(s) 'sensor_data_consumer' retrieved from /opt/airflow/dags/sensor_airflow_consumer.py
[2024-11-11T00:35:49.708+0000] {logging_mixin.py:188} INFO - [2024-11-11T00:35:49.708+0000] {dag.py:3089} INFO - Sync 1 DAGs
[2024-11-11T00:35:49.725+0000] {logging_mixin.py:188} INFO - [2024-11-11T00:35:49.724+0000] {dag.py:3947} INFO - Setting next_dagrun for sensor_data_consumer to 2025-01-01 00:00:00+00:00, run_after=2026-01-01 00:00:00+00:00
[2024-11-11T00:35:49.741+0000] {processor.py:183} INFO - Processing /opt/airflow/dags/sensor_airflow_consumer.py took 0.390 seconds
[2024-11-11T00:36:20.759+0000] {processor.py:161} INFO - Started process (PID=8735) to work on /opt/airflow/dags/sensor_airflow_consumer.py
[2024-11-11T00:36:20.760+0000] {processor.py:830} INFO - Processing file /opt/airflow/dags/sensor_airflow_consumer.py for tasks to queue
[2024-11-11T00:36:20.762+0000] {logging_mixin.py:188} INFO - [2024-11-11T00:36:20.761+0000] {dagbag.py:545} INFO - Filling up the DagBag from /opt/airflow/dags/sensor_airflow_consumer.py
[2024-11-11T00:36:21.069+0000] {processor.py:840} INFO - DAG(s) 'sensor_data_consumer' retrieved from /opt/airflow/dags/sensor_airflow_consumer.py
[2024-11-11T00:36:21.089+0000] {logging_mixin.py:188} INFO - [2024-11-11T00:36:21.089+0000] {dag.py:3089} INFO - Sync 1 DAGs
[2024-11-11T00:36:21.106+0000] {logging_mixin.py:188} INFO - [2024-11-11T00:36:21.106+0000] {dag.py:3947} INFO - Setting next_dagrun for sensor_data_consumer to 2025-01-01 00:00:00+00:00, run_after=2026-01-01 00:00:00+00:00
[2024-11-11T00:36:21.128+0000] {processor.py:183} INFO - Processing /opt/airflow/dags/sensor_airflow_consumer.py took 0.374 seconds
[2024-11-11T00:36:52.100+0000] {processor.py:161} INFO - Started process (PID=8757) to work on /opt/airflow/dags/sensor_airflow_consumer.py
[2024-11-11T00:36:52.101+0000] {processor.py:830} INFO - Processing file /opt/airflow/dags/sensor_airflow_consumer.py for tasks to queue
[2024-11-11T00:36:52.103+0000] {logging_mixin.py:188} INFO - [2024-11-11T00:36:52.102+0000] {dagbag.py:545} INFO - Filling up the DagBag from /opt/airflow/dags/sensor_airflow_consumer.py
[2024-11-11T00:36:52.434+0000] {processor.py:840} INFO - DAG(s) 'sensor_data_consumer' retrieved from /opt/airflow/dags/sensor_airflow_consumer.py
[2024-11-11T00:36:52.452+0000] {logging_mixin.py:188} INFO - [2024-11-11T00:36:52.452+0000] {dag.py:3089} INFO - Sync 1 DAGs
[2024-11-11T00:36:52.468+0000] {logging_mixin.py:188} INFO - [2024-11-11T00:36:52.467+0000] {dag.py:3947} INFO - Setting next_dagrun for sensor_data_consumer to 2025-01-01 00:00:00+00:00, run_after=2026-01-01 00:00:00+00:00
[2024-11-11T00:36:52.486+0000] {processor.py:183} INFO - Processing /opt/airflow/dags/sensor_airflow_consumer.py took 0.391 seconds
[2024-11-11T00:37:23.471+0000] {processor.py:161} INFO - Started process (PID=8778) to work on /opt/airflow/dags/sensor_airflow_consumer.py
[2024-11-11T00:37:23.472+0000] {processor.py:830} INFO - Processing file /opt/airflow/dags/sensor_airflow_consumer.py for tasks to queue
[2024-11-11T00:37:23.474+0000] {logging_mixin.py:188} INFO - [2024-11-11T00:37:23.474+0000] {dagbag.py:545} INFO - Filling up the DagBag from /opt/airflow/dags/sensor_airflow_consumer.py
[2024-11-11T00:37:23.807+0000] {processor.py:840} INFO - DAG(s) 'sensor_data_consumer' retrieved from /opt/airflow/dags/sensor_airflow_consumer.py
[2024-11-11T00:37:23.827+0000] {logging_mixin.py:188} INFO - [2024-11-11T00:37:23.827+0000] {dag.py:3089} INFO - Sync 1 DAGs
[2024-11-11T00:37:23.851+0000] {logging_mixin.py:188} INFO - [2024-11-11T00:37:23.851+0000] {dag.py:3947} INFO - Setting next_dagrun for sensor_data_consumer to 2025-01-01 00:00:00+00:00, run_after=2026-01-01 00:00:00+00:00
[2024-11-11T00:37:23.873+0000] {processor.py:183} INFO - Processing /opt/airflow/dags/sensor_airflow_consumer.py took 0.407 seconds
[2024-11-11T00:37:54.819+0000] {processor.py:161} INFO - Started process (PID=8799) to work on /opt/airflow/dags/sensor_airflow_consumer.py
[2024-11-11T00:37:54.820+0000] {processor.py:830} INFO - Processing file /opt/airflow/dags/sensor_airflow_consumer.py for tasks to queue
[2024-11-11T00:37:54.822+0000] {logging_mixin.py:188} INFO - [2024-11-11T00:37:54.821+0000] {dagbag.py:545} INFO - Filling up the DagBag from /opt/airflow/dags/sensor_airflow_consumer.py
[2024-11-11T00:37:55.156+0000] {processor.py:840} INFO - DAG(s) 'sensor_data_consumer' retrieved from /opt/airflow/dags/sensor_airflow_consumer.py
[2024-11-11T00:37:55.175+0000] {logging_mixin.py:188} INFO - [2024-11-11T00:37:55.174+0000] {dag.py:3089} INFO - Sync 1 DAGs
[2024-11-11T00:37:55.191+0000] {logging_mixin.py:188} INFO - [2024-11-11T00:37:55.191+0000] {dag.py:3947} INFO - Setting next_dagrun for sensor_data_consumer to 2025-01-01 00:00:00+00:00, run_after=2026-01-01 00:00:00+00:00
[2024-11-11T00:37:55.207+0000] {processor.py:183} INFO - Processing /opt/airflow/dags/sensor_airflow_consumer.py took 0.394 seconds
[2024-11-11T00:38:26.225+0000] {processor.py:161} INFO - Started process (PID=8821) to work on /opt/airflow/dags/sensor_airflow_consumer.py
[2024-11-11T00:38:26.226+0000] {processor.py:830} INFO - Processing file /opt/airflow/dags/sensor_airflow_consumer.py for tasks to queue
[2024-11-11T00:38:26.228+0000] {logging_mixin.py:188} INFO - [2024-11-11T00:38:26.228+0000] {dagbag.py:545} INFO - Filling up the DagBag from /opt/airflow/dags/sensor_airflow_consumer.py
[2024-11-11T00:38:26.562+0000] {processor.py:840} INFO - DAG(s) 'sensor_data_consumer' retrieved from /opt/airflow/dags/sensor_airflow_consumer.py
[2024-11-11T00:38:26.584+0000] {logging_mixin.py:188} INFO - [2024-11-11T00:38:26.584+0000] {dag.py:3089} INFO - Sync 1 DAGs
[2024-11-11T00:38:26.602+0000] {logging_mixin.py:188} INFO - [2024-11-11T00:38:26.602+0000] {dag.py:3947} INFO - Setting next_dagrun for sensor_data_consumer to 2025-01-01 00:00:00+00:00, run_after=2026-01-01 00:00:00+00:00
[2024-11-11T00:38:26.631+0000] {processor.py:183} INFO - Processing /opt/airflow/dags/sensor_airflow_consumer.py took 0.412 seconds
